{"meta": {"format": 3, "version": "7.10.6", "timestamp": "2025-09-04T21:36:36.706510", "branch_coverage": true, "show_contexts": false}, "files": {"subforge/core/context/__init__.py": {"executed_lines": [1, 5, 15, 23, 28, 29, 30, 31, 32, 34], "summary": {"covered_lines": 9, "num_statements": 9, "percent_covered": 100.0, "percent_covered_display": "100", "missing_lines": 0, "excluded_lines": 0, "num_branches": 0, "num_partial_branches": 0, "covered_branches": 0, "missing_branches": 0}, "missing_lines": [], "excluded_lines": [], "executed_branches": [], "missing_branches": [], "functions": {"": {"executed_lines": [1, 5, 15, 23, 28, 29, 30, 31, 32, 34], "summary": {"covered_lines": 9, "num_statements": 9, "percent_covered": 100.0, "percent_covered_display": "100", "missing_lines": 0, "excluded_lines": 0, "num_branches": 0, "num_partial_branches": 0, "covered_branches": 0, "missing_branches": 0}, "missing_lines": [], "excluded_lines": [], "executed_branches": [], "missing_branches": []}}, "classes": {"": {"executed_lines": [1, 5, 15, 23, 28, 29, 30, 31, 32, 34], "summary": {"covered_lines": 9, "num_statements": 9, "percent_covered": 100.0, "percent_covered_display": "100", "missing_lines": 0, "excluded_lines": 0, "num_branches": 0, "num_partial_branches": 0, "covered_branches": 0, "missing_branches": 0}, "missing_lines": [], "excluded_lines": [], "executed_branches": [], "missing_branches": []}}}, "subforge/core/context/builder.py": {"executed_lines": [2, 6, 7, 8, 10, 18, 19, 20, 22, 25, 26, 28, 38, 39, 40, 41, 42, 43, 44, 46, 48, 70, 72, 74, 75, 76, 77, 81, 82, 84, 86, 87, 103, 105, 106, 122, 124, 125, 128, 143, 144, 146, 147, 148, 149, 150, 151, 152, 153, 155, 175, 219, 224, 229, 234, 239, 244, 273], "summary": {"covered_lines": 55, "num_statements": 110, "percent_covered": 44.927536231884055, "percent_covered_display": "45", "missing_lines": 55, "excluded_lines": 0, "num_branches": 28, "num_partial_branches": 3, "covered_branches": 7, "missing_branches": 21}, "missing_lines": [89, 90, 91, 101, 108, 109, 110, 111, 112, 120, 126, 130, 131, 157, 173, 179, 192, 193, 196, 202, 203, 204, 207, 208, 214, 215, 217, 221, 222, 226, 227, 231, 232, 236, 237, 241, 242, 246, 247, 251, 253, 261, 270, 271, 275, 277, 280, 283, 285, 286, 288, 289, 291, 292, 294], "excluded_lines": [], "executed_branches": [[75, 76], [75, 82], [76, 77], [76, 81], [86, 87], [105, 106], [124, 125]], "missing_branches": [[86, 89], [90, 91], [90, 101], [105, 108], [109, 110], [109, 120], [124, 126], [192, 193], [192, 202], [202, 203], [202, 207], [207, 208], [207, 217], [246, 247], [246, 251], [285, 286], [285, 288], [288, 289], [288, 291], [291, 292], [291, 294]], "functions": {"ContextPackage.__init__": {"executed_lines": [38, 39, 40, 41, 42, 43, 44], "summary": {"covered_lines": 7, "num_statements": 7, "percent_covered": 100.0, "percent_covered_display": "100", "missing_lines": 0, "excluded_lines": 0, "num_branches": 0, "num_partial_branches": 0, "covered_branches": 0, "missing_branches": 0}, "missing_lines": [], "excluded_lines": [], "executed_branches": [], "missing_branches": []}, "ContextPackage.to_markdown": {"executed_lines": [48, 70], "summary": {"covered_lines": 2, "num_statements": 2, "percent_covered": 100.0, "percent_covered_display": "100", "missing_lines": 0, "excluded_lines": 0, "num_branches": 0, "num_partial_branches": 0, "covered_branches": 0, "missing_branches": 0}, "missing_lines": [], "excluded_lines": [], "executed_branches": [], "missing_branches": []}, "ContextPackage._format_dict_as_markdown": {"executed_lines": [74, 75, 76, 77, 81, 82], "summary": {"covered_lines": 6, "num_statements": 6, "percent_covered": 100.0, "percent_covered_display": "100", "missing_lines": 0, "excluded_lines": 0, "num_branches": 4, "num_partial_branches": 0, "covered_branches": 4, "missing_branches": 0}, "missing_lines": [], "excluded_lines": [], "executed_branches": [[75, 76], [75, 82], [76, 77], [76, 81]], "missing_branches": []}, "ContextPackage._format_examples_as_markdown": {"executed_lines": [86, 87], "summary": {"covered_lines": 2, "num_statements": 6, "percent_covered": 30.0, "percent_covered_display": "30", "missing_lines": 4, "excluded_lines": 0, "num_branches": 4, "num_partial_branches": 1, "covered_branches": 1, "missing_branches": 3}, "missing_lines": [89, 90, 91, 101], "excluded_lines": [], "executed_branches": [[86, 87]], "missing_branches": [[86, 89], [90, 91], [90, 101]]}, "ContextPackage._format_validation_gates_as_markdown": {"executed_lines": [105, 106], "summary": {"covered_lines": 2, "num_statements": 8, "percent_covered": 25.0, "percent_covered_display": "25", "missing_lines": 6, "excluded_lines": 0, "num_branches": 4, "num_partial_branches": 1, "covered_branches": 1, "missing_branches": 3}, "missing_lines": [108, 109, 110, 111, 112, 120], "excluded_lines": [], "executed_branches": [[105, 106]], "missing_branches": [[105, 108], [109, 110], [109, 120]]}, "ContextPackage._format_list_as_markdown": {"executed_lines": [124, 125], "summary": {"covered_lines": 2, "num_statements": 3, "percent_covered": 60.0, "percent_covered_display": "60", "missing_lines": 1, "excluded_lines": 0, "num_branches": 2, "num_partial_branches": 1, "covered_branches": 1, "missing_branches": 1}, "missing_lines": [126], "excluded_lines": [], "executed_branches": [[124, 125]], "missing_branches": [[124, 126]]}, "ContextPackage.to_dict": {"executed_lines": [], "summary": {"covered_lines": 0, "num_statements": 2, "percent_covered": 0.0, "percent_covered_display": "0", "missing_lines": 2, "excluded_lines": 0, "num_branches": 0, "num_partial_branches": 0, "covered_branches": 0, "missing_branches": 0}, "missing_lines": [130, 131], "excluded_lines": [], "executed_branches": [], "missing_branches": []}, "ContextBuilder.__init__": {"executed_lines": [147, 148, 149, 150, 151, 152, 153], "summary": {"covered_lines": 7, "num_statements": 7, "percent_covered": 100.0, "percent_covered_display": "100", "missing_lines": 0, "excluded_lines": 0, "num_branches": 0, "num_partial_branches": 0, "covered_branches": 0, "missing_branches": 0}, "missing_lines": [], "excluded_lines": [], "executed_branches": [], "missing_branches": []}, "ContextBuilder.with_project_context": {"executed_lines": [], "summary": {"covered_lines": 0, "num_statements": 2, "percent_covered": 0.0, "percent_covered_display": "0", "missing_lines": 2, "excluded_lines": 0, "num_branches": 0, "num_partial_branches": 0, "covered_branches": 0, "missing_branches": 0}, "missing_lines": [157, 173], "excluded_lines": [], "executed_branches": [], "missing_branches": []}, "ContextBuilder.with_technical_context": {"executed_lines": [], "summary": {"covered_lines": 0, "num_statements": 12, "percent_covered": 0.0, "percent_covered_display": "0", "missing_lines": 12, "excluded_lines": 0, "num_branches": 6, "num_partial_branches": 0, "covered_branches": 0, "missing_branches": 6}, "missing_lines": [179, 192, 193, 196, 202, 203, 204, 207, 208, 214, 215, 217], "excluded_lines": [], "executed_branches": [], "missing_branches": [[192, 193], [192, 202], [202, 203], [202, 207], [207, 208], [207, 217]]}, "ContextBuilder.with_examples": {"executed_lines": [], "summary": {"covered_lines": 0, "num_statements": 2, "percent_covered": 0.0, "percent_covered_display": "0", "missing_lines": 2, "excluded_lines": 0, "num_branches": 0, "num_partial_branches": 0, "covered_branches": 0, "missing_branches": 0}, "missing_lines": [221, 222], "excluded_lines": [], "executed_branches": [], "missing_branches": []}, "ContextBuilder.with_patterns": {"executed_lines": [], "summary": {"covered_lines": 0, "num_statements": 2, "percent_covered": 0.0, "percent_covered_display": "0", "missing_lines": 2, "excluded_lines": 0, "num_branches": 0, "num_partial_branches": 0, "covered_branches": 0, "missing_branches": 0}, "missing_lines": [226, 227], "excluded_lines": [], "executed_branches": [], "missing_branches": []}, "ContextBuilder.with_validation_gates": {"executed_lines": [], "summary": {"covered_lines": 0, "num_statements": 2, "percent_covered": 0.0, "percent_covered_display": "0", "missing_lines": 2, "excluded_lines": 0, "num_branches": 0, "num_partial_branches": 0, "covered_branches": 0, "missing_branches": 0}, "missing_lines": [231, 232], "excluded_lines": [], "executed_branches": [], "missing_branches": []}, "ContextBuilder.with_references": {"executed_lines": [], "summary": {"covered_lines": 0, "num_statements": 2, "percent_covered": 0.0, "percent_covered_display": "0", "missing_lines": 2, "excluded_lines": 0, "num_branches": 0, "num_partial_branches": 0, "covered_branches": 0, "missing_branches": 0}, "missing_lines": [236, 237], "excluded_lines": [], "executed_branches": [], "missing_branches": []}, "ContextBuilder.with_success_criteria": {"executed_lines": [], "summary": {"covered_lines": 0, "num_statements": 2, "percent_covered": 0.0, "percent_covered_display": "0", "missing_lines": 2, "excluded_lines": 0, "num_branches": 0, "num_partial_branches": 0, "covered_branches": 0, "missing_branches": 0}, "missing_lines": [241, 242], "excluded_lines": [], "executed_branches": [], "missing_branches": []}, "ContextBuilder.build": {"executed_lines": [], "summary": {"covered_lines": 0, "num_statements": 7, "percent_covered": 0.0, "percent_covered_display": "0", "missing_lines": 7, "excluded_lines": 0, "num_branches": 2, "num_partial_branches": 0, "covered_branches": 0, "missing_branches": 2}, "missing_lines": [246, 247, 251, 253, 261, 270, 271], "excluded_lines": [], "executed_branches": [], "missing_branches": [[246, 247], [246, 251]]}, "ContextBuilder._get_template_criteria": {"executed_lines": [], "summary": {"covered_lines": 0, "num_statements": 11, "percent_covered": 0.0, "percent_covered_display": "0", "missing_lines": 11, "excluded_lines": 0, "num_branches": 6, "num_partial_branches": 0, "covered_branches": 0, "missing_branches": 6}, "missing_lines": [275, 277, 280, 283, 285, 286, 288, 289, 291, 292, 294], "excluded_lines": [], "executed_branches": [], "missing_branches": [[285, 286], [285, 288], [288, 289], [288, 291], [291, 292], [291, 294]]}, "": {"executed_lines": [2, 6, 7, 8, 10, 18, 19, 20, 22, 25, 26, 28, 46, 72, 84, 103, 122, 128, 143, 144, 146, 155, 175, 219, 224, 229, 234, 239, 244, 273], "summary": {"covered_lines": 27, "num_statements": 27, "percent_covered": 100.0, "percent_covered_display": "100", "missing_lines": 0, "excluded_lines": 0, "num_branches": 0, "num_partial_branches": 0, "covered_branches": 0, "missing_branches": 0}, "missing_lines": [], "excluded_lines": [], "executed_branches": [], "missing_branches": []}}, "classes": {"ContextPackage": {"executed_lines": [38, 39, 40, 41, 42, 43, 44, 48, 70, 74, 75, 76, 77, 81, 82, 86, 87, 105, 106, 124, 125], "summary": {"covered_lines": 21, "num_statements": 34, "percent_covered": 58.333333333333336, "percent_covered_display": "58", "missing_lines": 13, "excluded_lines": 0, "num_branches": 14, "num_partial_branches": 3, "covered_branches": 7, "missing_branches": 7}, "missing_lines": [89, 90, 91, 101, 108, 109, 110, 111, 112, 120, 126, 130, 131], "excluded_lines": [], "executed_branches": [[75, 76], [75, 82], [76, 77], [76, 81], [86, 87], [105, 106], [124, 125]], "missing_branches": [[86, 89], [90, 91], [90, 101], [105, 108], [109, 110], [109, 120], [124, 126]]}, "ContextBuilder": {"executed_lines": [147, 148, 149, 150, 151, 152, 153], "summary": {"covered_lines": 7, "num_statements": 49, "percent_covered": 11.11111111111111, "percent_covered_display": "11", "missing_lines": 42, "excluded_lines": 0, "num_branches": 14, "num_partial_branches": 0, "covered_branches": 0, "missing_branches": 14}, "missing_lines": [157, 173, 179, 192, 193, 196, 202, 203, 204, 207, 208, 214, 215, 217, 221, 222, 226, 227, 231, 232, 236, 237, 241, 242, 246, 247, 251, 253, 261, 270, 271, 275, 277, 280, 283, 285, 286, 288, 289, 291, 292, 294], "excluded_lines": [], "executed_branches": [], "missing_branches": [[192, 193], [192, 202], [202, 203], [202, 207], [207, 208], [207, 217], [246, 247], [246, 251], [285, 286], [285, 288], [288, 289], [288, 291], [291, 292], [291, 294]]}, "": {"executed_lines": [2, 6, 7, 8, 10, 18, 19, 20, 22, 25, 26, 28, 46, 72, 84, 103, 122, 128, 143, 144, 146, 155, 175, 219, 224, 229, 234, 239, 244, 273], "summary": {"covered_lines": 27, "num_statements": 27, "percent_covered": 100.0, "percent_covered_display": "100", "missing_lines": 0, "excluded_lines": 0, "num_branches": 0, "num_partial_branches": 0, "covered_branches": 0, "missing_branches": 0}, "missing_lines": [], "excluded_lines": [], "executed_branches": [], "missing_branches": []}}}, "subforge/core/context/cache.py": {"executed_lines": [2, 6, 7, 8, 9, 10, 11, 12, 14, 15, 16, 18, 21, 22, 24, 33, 34, 35, 38, 41, 44, 46, 99, 133, 175, 189, 204, 219, 224, 237, 251, 253, 254, 269, 272], "summary": {"covered_lines": 33, "num_statements": 120, "percent_covered": 22.435897435897434, "percent_covered_display": "22", "missing_lines": 87, "excluded_lines": 0, "num_branches": 36, "num_partial_branches": 2, "covered_branches": 2, "missing_branches": 34}, "missing_lines": [59, 62, 63, 64, 65, 66, 69, 72, 73, 74, 75, 76, 79, 80, 82, 85, 87, 88, 91, 93, 94, 95, 97, 110, 113, 116, 117, 118, 125, 126, 128, 130, 131, 143, 145, 146, 147, 148, 150, 152, 153, 157, 158, 160, 161, 162, 166, 167, 168, 170, 171, 172, 173, 186, 187, 191, 192, 194, 196, 207, 217, 221, 222, 227, 229, 233, 235, 239, 241, 255, 256, 257, 259, 260, 261, 262, 264, 266, 267, 270, 274, 275, 276, 277, 278, 279, 280], "excluded_lines": [], "executed_branches": [[254, 269], [269, -251]], "missing_branches": [[62, 63], [62, 72], [64, 65], [64, 69], [73, 74], [73, 97], [80, 82], [80, 91], [143, 145], [143, 150], [146, 147], [146, 148], [150, 152], [150, 166], [157, 158], [157, 160], [160, 161], [160, 162], [167, 168], [167, 170], [171, 172], [171, 173], [227, 229], [227, 235], [254, 255], [260, 254], [260, 261], [269, 270], [274, 275], [274, 276], [276, 277], [276, 278], [278, 279], [278, 280]], "functions": {"CachedContextManager.__init__": {"executed_lines": [33, 34, 35, 38, 41, 44], "summary": {"covered_lines": 6, "num_statements": 6, "percent_covered": 100.0, "percent_covered_display": "100", "missing_lines": 0, "excluded_lines": 0, "num_branches": 0, "num_partial_branches": 0, "covered_branches": 0, "missing_branches": 0}, "missing_lines": [], "excluded_lines": [], "executed_branches": [], "missing_branches": []}, "CachedContextManager.get_cached_context": {"executed_lines": [], "summary": {"covered_lines": 0, "num_statements": 23, "percent_covered": 0.0, "percent_covered_display": "0", "missing_lines": 23, "excluded_lines": 0, "num_branches": 8, "num_partial_branches": 0, "covered_branches": 0, "missing_branches": 8}, "missing_lines": [59, 62, 63, 64, 65, 66, 69, 72, 73, 74, 75, 76, 79, 80, 82, 85, 87, 88, 91, 93, 94, 95, 97], "excluded_lines": [], "executed_branches": [], "missing_branches": [[62, 63], [62, 72], [64, 65], [64, 69], [73, 74], [73, 97], [80, 82], [80, 91]]}, "CachedContextManager.cache_context": {"executed_lines": [], "summary": {"covered_lines": 0, "num_statements": 10, "percent_covered": 0.0, "percent_covered_display": "0", "missing_lines": 10, "excluded_lines": 0, "num_branches": 0, "num_partial_branches": 0, "covered_branches": 0, "missing_branches": 0}, "missing_lines": [110, 113, 116, 117, 118, 125, 126, 128, 130, 131], "excluded_lines": [], "executed_branches": [], "missing_branches": []}, "CachedContextManager.invalidate_cache": {"executed_lines": [], "summary": {"covered_lines": 0, "num_statements": 20, "percent_covered": 0.0, "percent_covered_display": "0", "missing_lines": 20, "excluded_lines": 0, "num_branches": 14, "num_partial_branches": 0, "covered_branches": 0, "missing_branches": 14}, "missing_lines": [143, 145, 146, 147, 148, 150, 152, 153, 157, 158, 160, 161, 162, 166, 167, 168, 170, 171, 172, 173], "excluded_lines": [], "executed_branches": [], "missing_branches": [[143, 145], [143, 150], [146, 147], [146, 148], [150, 152], [150, 166], [157, 158], [157, 160], [160, 161], [160, 162], [167, 168], [167, 170], [171, 172], [171, 173]]}, "CachedContextManager.generate_cache_key": {"executed_lines": [], "summary": {"covered_lines": 0, "num_statements": 2, "percent_covered": 0.0, "percent_covered_display": "0", "missing_lines": 2, "excluded_lines": 0, "num_branches": 0, "num_partial_branches": 0, "covered_branches": 0, "missing_branches": 0}, "missing_lines": [186, 187], "excluded_lines": [], "executed_branches": [], "missing_branches": []}, "CachedContextManager.get_cache_stats": {"executed_lines": [], "summary": {"covered_lines": 0, "num_statements": 4, "percent_covered": 0.0, "percent_covered_display": "0", "missing_lines": 4, "excluded_lines": 0, "num_branches": 0, "num_partial_branches": 0, "covered_branches": 0, "missing_branches": 0}, "missing_lines": [191, 192, 194, 196], "excluded_lines": [], "executed_branches": [], "missing_branches": []}, "CachedContextManager._hash_profile": {"executed_lines": [], "summary": {"covered_lines": 0, "num_statements": 2, "percent_covered": 0.0, "percent_covered_display": "0", "missing_lines": 2, "excluded_lines": 0, "num_branches": 0, "num_partial_branches": 0, "covered_branches": 0, "missing_branches": 0}, "missing_lines": [207, 217], "excluded_lines": [], "executed_branches": [], "missing_branches": []}, "CachedContextManager._is_cache_valid": {"executed_lines": [], "summary": {"covered_lines": 0, "num_statements": 2, "percent_covered": 0.0, "percent_covered_display": "0", "missing_lines": 2, "excluded_lines": 0, "num_branches": 0, "num_partial_branches": 0, "covered_branches": 0, "missing_branches": 0}, "missing_lines": [221, 222], "excluded_lines": [], "executed_branches": [], "missing_branches": []}, "CachedContextManager._add_to_memory_cache": {"executed_lines": [], "summary": {"covered_lines": 0, "num_statements": 4, "percent_covered": 0.0, "percent_covered_display": "0", "missing_lines": 4, "excluded_lines": 0, "num_branches": 2, "num_partial_branches": 0, "covered_branches": 0, "missing_branches": 2}, "missing_lines": [227, 229, 233, 235], "excluded_lines": [], "executed_branches": [], "missing_branches": [[227, 229], [227, 235]]}, "CachedContextManager._reconstruct_context": {"executed_lines": [], "summary": {"covered_lines": 0, "num_statements": 2, "percent_covered": 0.0, "percent_covered_display": "0", "missing_lines": 2, "excluded_lines": 0, "num_branches": 0, "num_partial_branches": 0, "covered_branches": 0, "missing_branches": 0}, "missing_lines": [239, 241], "excluded_lines": [], "executed_branches": [], "missing_branches": []}, "CachedContextManager._cleanup_old_cache": {"executed_lines": [253, 254, 269], "summary": {"covered_lines": 3, "num_statements": 14, "percent_covered": 25.0, "percent_covered_display": "25", "missing_lines": 11, "excluded_lines": 0, "num_branches": 6, "num_partial_branches": 2, "covered_branches": 2, "missing_branches": 4}, "missing_lines": [255, 256, 257, 259, 260, 261, 262, 264, 266, 267, 270], "excluded_lines": [], "executed_branches": [[254, 269], [269, -251]], "missing_branches": [[254, 255], [260, 254], [260, 261], [269, 270]]}, "CachedContextManager._json_serializer": {"executed_lines": [], "summary": {"covered_lines": 0, "num_statements": 7, "percent_covered": 0.0, "percent_covered_display": "0", "missing_lines": 7, "excluded_lines": 0, "num_branches": 6, "num_partial_branches": 0, "covered_branches": 0, "missing_branches": 6}, "missing_lines": [274, 275, 276, 277, 278, 279, 280], "excluded_lines": [], "executed_branches": [], "missing_branches": [[274, 275], [274, 276], [276, 277], [276, 278], [278, 279], [278, 280]]}, "": {"executed_lines": [2, 6, 7, 8, 9, 10, 11, 12, 14, 15, 16, 18, 21, 22, 24, 46, 99, 133, 175, 189, 204, 219, 224, 237, 251, 272], "summary": {"covered_lines": 24, "num_statements": 24, "percent_covered": 100.0, "percent_covered_display": "100", "missing_lines": 0, "excluded_lines": 0, "num_branches": 0, "num_partial_branches": 0, "covered_branches": 0, "missing_branches": 0}, "missing_lines": [], "excluded_lines": [], "executed_branches": [], "missing_branches": []}}, "classes": {"CachedContextManager": {"executed_lines": [33, 34, 35, 38, 41, 44, 253, 254, 269], "summary": {"covered_lines": 9, "num_statements": 96, "percent_covered": 8.333333333333334, "percent_covered_display": "8", "missing_lines": 87, "excluded_lines": 0, "num_branches": 36, "num_partial_branches": 2, "covered_branches": 2, "missing_branches": 34}, "missing_lines": [59, 62, 63, 64, 65, 66, 69, 72, 73, 74, 75, 76, 79, 80, 82, 85, 87, 88, 91, 93, 94, 95, 97, 110, 113, 116, 117, 118, 125, 126, 128, 130, 131, 143, 145, 146, 147, 148, 150, 152, 153, 157, 158, 160, 161, 162, 166, 167, 168, 170, 171, 172, 173, 186, 187, 191, 192, 194, 196, 207, 217, 221, 222, 227, 229, 233, 235, 239, 241, 255, 256, 257, 259, 260, 261, 262, 264, 266, 267, 270, 274, 275, 276, 277, 278, 279, 280], "excluded_lines": [], "executed_branches": [[254, 269], [269, -251]], "missing_branches": [[62, 63], [62, 72], [64, 65], [64, 69], [73, 74], [73, 97], [80, 82], [80, 91], [143, 145], [143, 150], [146, 147], [146, 148], [150, 152], [150, 166], [157, 158], [157, 160], [160, 161], [160, 162], [167, 168], [167, 170], [171, 172], [171, 173], [227, 229], [227, 235], [254, 255], [260, 254], [260, 261], [269, 270], [274, 275], [274, 276], [276, 277], [276, 278], [278, 279], [278, 280]]}, "": {"executed_lines": [2, 6, 7, 8, 9, 10, 11, 12, 14, 15, 16, 18, 21, 22, 24, 46, 99, 133, 175, 189, 204, 219, 224, 237, 251, 272], "summary": {"covered_lines": 24, "num_statements": 24, "percent_covered": 100.0, "percent_covered_display": "100", "missing_lines": 0, "excluded_lines": 0, "num_branches": 0, "num_partial_branches": 0, "covered_branches": 0, "missing_branches": 0}, "missing_lines": [], "excluded_lines": [], "executed_branches": [], "missing_branches": []}}}, "subforge/core/context/enricher.py": {"executed_lines": [2, 6, 7, 9, 10, 12, 15, 16, 18, 19, 20, 21, 23, 58, 85, 116, 159, 210, 282, 284, 311, 313, 331, 333], "summary": {"covered_lines": 22, "num_statements": 103, "percent_covered": 13.333333333333334, "percent_covered_display": "13", "missing_lines": 81, "excluded_lines": 0, "num_branches": 62, "num_partial_branches": 0, "covered_branches": 0, "missing_branches": 62}, "missing_lines": [27, 31, 34, 35, 41, 42, 48, 49, 56, 62, 65, 66, 67, 68, 71, 72, 73, 74, 77, 78, 79, 80, 82, 83, 89, 91, 95, 98, 99, 106, 107, 114, 120, 123, 124, 125, 126, 131, 132, 137, 138, 144, 145, 146, 147, 148, 149, 150, 151, 152, 153, 154, 155, 157, 163, 165, 166, 173, 174, 182, 183, 190, 191, 200, 201, 202, 204, 205, 206, 208, 214, 216, 217, 229, 241, 242, 254, 255, 267, 268, 280], "excluded_lines": [], "executed_branches": [], "missing_branches": [[34, 35], [34, 41], [41, 42], [41, 48], [48, 49], [48, 56], [65, 66], [65, 67], [67, 68], [67, 71], [71, 72], [71, 73], [73, 74], [73, 77], [77, 78], [77, 79], [79, 80], [79, 82], [98, 99], [98, 106], [106, 107], [106, 114], [123, 124], [123, 144], [125, 126], [125, 131], [131, 132], [131, 137], [137, 123], [137, 138], [144, 145], [144, 157], [146, 147], [146, 148], [148, 149], [148, 150], [150, 151], [150, 152], [152, 153], [152, 154], [154, 144], [154, 155], [165, 166], [165, 173], [173, 174], [173, 182], [182, 183], [182, 190], [190, 191], [190, 200], [200, 201], [200, 204], [204, 205], [204, 208], [216, 217], [216, 267], [241, 242], [241, 254], [254, 255], [254, 280], [267, 268], [267, 280]], "functions": {"ContextEnricher.__init__": {"executed_lines": [19, 20, 21], "summary": {"covered_lines": 3, "num_statements": 3, "percent_covered": 100.0, "percent_covered_display": "100", "missing_lines": 0, "excluded_lines": 0, "num_branches": 0, "num_partial_branches": 0, "covered_branches": 0, "missing_branches": 0}, "missing_lines": [], "excluded_lines": [], "executed_branches": [], "missing_branches": []}, "ContextEnricher.enrich_with_guidelines": {"executed_lines": [], "summary": {"covered_lines": 0, "num_statements": 9, "percent_covered": 0.0, "percent_covered_display": "0", "missing_lines": 9, "excluded_lines": 0, "num_branches": 6, "num_partial_branches": 0, "covered_branches": 0, "missing_branches": 6}, "missing_lines": [27, 31, 34, 35, 41, 42, 48, 49, 56], "excluded_lines": [], "executed_branches": [], "missing_branches": [[34, 35], [34, 41], [41, 42], [41, 48], [48, 49], [48, 56]]}, "ContextEnricher.enrich_with_constraints": {"executed_lines": [], "summary": {"covered_lines": 0, "num_statements": 15, "percent_covered": 0.0, "percent_covered_display": "0", "missing_lines": 15, "excluded_lines": 0, "num_branches": 12, "num_partial_branches": 0, "covered_branches": 0, "missing_branches": 12}, "missing_lines": [62, 65, 66, 67, 68, 71, 72, 73, 74, 77, 78, 79, 80, 82, 83], "excluded_lines": [], "executed_branches": [], "missing_branches": [[65, 66], [65, 67], [67, 68], [67, 71], [71, 72], [71, 73], [73, 74], [73, 77], [77, 78], [77, 79], [79, 80], [79, 82]]}, "ContextEnricher.enrich_with_best_practices": {"executed_lines": [], "summary": {"covered_lines": 0, "num_statements": 8, "percent_covered": 0.0, "percent_covered_display": "0", "missing_lines": 8, "excluded_lines": 0, "num_branches": 4, "num_partial_branches": 0, "covered_branches": 0, "missing_branches": 4}, "missing_lines": [89, 91, 95, 98, 99, 106, 107, 114], "excluded_lines": [], "executed_branches": [], "missing_branches": [[98, 99], [98, 106], [106, 107], [106, 114]]}, "ContextEnricher.enrich_with_references": {"executed_lines": [], "summary": {"covered_lines": 0, "num_statements": 22, "percent_covered": 0.0, "percent_covered_display": "0", "missing_lines": 22, "excluded_lines": 0, "num_branches": 20, "num_partial_branches": 0, "covered_branches": 0, "missing_branches": 20}, "missing_lines": [120, 123, 124, 125, 126, 131, 132, 137, 138, 144, 145, 146, 147, 148, 149, 150, 151, 152, 153, 154, 155, 157], "excluded_lines": [], "executed_branches": [], "missing_branches": [[123, 124], [123, 144], [125, 126], [125, 131], [131, 132], [131, 137], [137, 123], [137, 138], [144, 145], [144, 157], [146, 147], [146, 148], [148, 149], [148, 150], [150, 151], [150, 152], [152, 153], [152, 154], [154, 144], [154, 155]]}, "ContextEnricher.define_success_criteria": {"executed_lines": [], "summary": {"covered_lines": 0, "num_statements": 16, "percent_covered": 0.0, "percent_covered_display": "0", "missing_lines": 16, "excluded_lines": 0, "num_branches": 12, "num_partial_branches": 0, "covered_branches": 0, "missing_branches": 12}, "missing_lines": [163, 165, 166, 173, 174, 182, 183, 190, 191, 200, 201, 202, 204, 205, 206, 208], "excluded_lines": [], "executed_branches": [], "missing_branches": [[165, 166], [165, 173], [173, 174], [173, 182], [182, 183], [182, 190], [190, 191], [190, 200], [200, 201], [200, 204], [204, 205], [204, 208]]}, "ContextEnricher.create_validation_gates": {"executed_lines": [], "summary": {"covered_lines": 0, "num_statements": 11, "percent_covered": 0.0, "percent_covered_display": "0", "missing_lines": 11, "excluded_lines": 0, "num_branches": 8, "num_partial_branches": 0, "covered_branches": 0, "missing_branches": 8}, "missing_lines": [214, 216, 217, 229, 241, 242, 254, 255, 267, 268, 280], "excluded_lines": [], "executed_branches": [], "missing_branches": [[216, 217], [216, 267], [241, 242], [241, 254], [254, 255], [254, 280], [267, 268], [267, 280]]}, "ContextEnricher._initialize_guidelines": {"executed_lines": [284], "summary": {"covered_lines": 1, "num_statements": 1, "percent_covered": 100.0, "percent_covered_display": "100", "missing_lines": 0, "excluded_lines": 0, "num_branches": 0, "num_partial_branches": 0, "covered_branches": 0, "missing_branches": 0}, "missing_lines": [], "excluded_lines": [], "executed_branches": [], "missing_branches": []}, "ContextEnricher._initialize_constraints": {"executed_lines": [313], "summary": {"covered_lines": 1, "num_statements": 1, "percent_covered": 100.0, "percent_covered_display": "100", "missing_lines": 0, "excluded_lines": 0, "num_branches": 0, "num_partial_branches": 0, "covered_branches": 0, "missing_branches": 0}, "missing_lines": [], "excluded_lines": [], "executed_branches": [], "missing_branches": []}, "ContextEnricher._initialize_best_practices": {"executed_lines": [333], "summary": {"covered_lines": 1, "num_statements": 1, "percent_covered": 100.0, "percent_covered_display": "100", "missing_lines": 0, "excluded_lines": 0, "num_branches": 0, "num_partial_branches": 0, "covered_branches": 0, "missing_branches": 0}, "missing_lines": [], "excluded_lines": [], "executed_branches": [], "missing_branches": []}, "": {"executed_lines": [2, 6, 7, 9, 10, 12, 15, 16, 18, 23, 58, 85, 116, 159, 210, 282, 311, 331], "summary": {"covered_lines": 16, "num_statements": 16, "percent_covered": 100.0, "percent_covered_display": "100", "missing_lines": 0, "excluded_lines": 0, "num_branches": 0, "num_partial_branches": 0, "covered_branches": 0, "missing_branches": 0}, "missing_lines": [], "excluded_lines": [], "executed_branches": [], "missing_branches": []}}, "classes": {"ContextEnricher": {"executed_lines": [19, 20, 21, 284, 313, 333], "summary": {"covered_lines": 6, "num_statements": 87, "percent_covered": 4.026845637583893, "percent_covered_display": "4", "missing_lines": 81, "excluded_lines": 0, "num_branches": 62, "num_partial_branches": 0, "covered_branches": 0, "missing_branches": 62}, "missing_lines": [27, 31, 34, 35, 41, 42, 48, 49, 56, 62, 65, 66, 67, 68, 71, 72, 73, 74, 77, 78, 79, 80, 82, 83, 89, 91, 95, 98, 99, 106, 107, 114, 120, 123, 124, 125, 126, 131, 132, 137, 138, 144, 145, 146, 147, 148, 149, 150, 151, 152, 153, 154, 155, 157, 163, 165, 166, 173, 174, 182, 183, 190, 191, 200, 201, 202, 204, 205, 206, 208, 214, 216, 217, 229, 241, 242, 254, 255, 267, 268, 280], "excluded_lines": [], "executed_branches": [], "missing_branches": [[34, 35], [34, 41], [41, 42], [41, 48], [48, 49], [48, 56], [65, 66], [65, 67], [67, 68], [67, 71], [71, 72], [71, 73], [73, 74], [73, 77], [77, 78], [77, 79], [79, 80], [79, 82], [98, 99], [98, 106], [106, 107], [106, 114], [123, 124], [123, 144], [125, 126], [125, 131], [131, 132], [131, 137], [137, 123], [137, 138], [144, 145], [144, 157], [146, 147], [146, 148], [148, 149], [148, 150], [150, 151], [150, 152], [152, 153], [152, 154], [154, 144], [154, 155], [165, 166], [165, 173], [173, 174], [173, 182], [182, 183], [182, 190], [190, 191], [190, 200], [200, 201], [200, 204], [204, 205], [204, 208], [216, 217], [216, 267], [241, 242], [241, 254], [254, 255], [254, 280], [267, 268], [267, 280]]}, "": {"executed_lines": [2, 6, 7, 9, 10, 12, 15, 16, 18, 23, 58, 85, 116, 159, 210, 282, 311, 331], "summary": {"covered_lines": 16, "num_statements": 16, "percent_covered": 100.0, "percent_covered_display": "100", "missing_lines": 0, "excluded_lines": 0, "num_branches": 0, "num_partial_branches": 0, "covered_branches": 0, "missing_branches": 0}, "missing_lines": [], "excluded_lines": [], "executed_branches": [], "missing_branches": []}}}, "subforge/core/context/exceptions.py": {"executed_lines": [2, 8, 9, 10, 13, 14, 15, 18, 19, 20, 23, 24, 25, 28, 29, 30, 33, 34, 35, 38, 39, 40, 43, 44, 45], "summary": {"covered_lines": 16, "num_statements": 16, "percent_covered": 100.0, "percent_covered_display": "100", "missing_lines": 0, "excluded_lines": 0, "num_branches": 0, "num_partial_branches": 0, "covered_branches": 0, "missing_branches": 0}, "missing_lines": [], "excluded_lines": [], "executed_branches": [], "missing_branches": [], "functions": {"": {"executed_lines": [2, 8, 9, 10, 13, 14, 15, 18, 19, 20, 23, 24, 25, 28, 29, 30, 33, 34, 35, 38, 39, 40, 43, 44, 45], "summary": {"covered_lines": 16, "num_statements": 16, "percent_covered": 100.0, "percent_covered_display": "100", "missing_lines": 0, "excluded_lines": 0, "num_branches": 0, "num_partial_branches": 0, "covered_branches": 0, "missing_branches": 0}, "missing_lines": [], "excluded_lines": [], "executed_branches": [], "missing_branches": []}}, "classes": {"ContextError": {"executed_lines": [], "summary": {"covered_lines": 0, "num_statements": 0, "percent_covered": 100.0, "percent_covered_display": "100", "missing_lines": 0, "excluded_lines": 0, "num_branches": 0, "num_partial_branches": 0, "covered_branches": 0, "missing_branches": 0}, "missing_lines": [], "excluded_lines": [], "executed_branches": [], "missing_branches": []}, "InvalidProfileError": {"executed_lines": [], "summary": {"covered_lines": 0, "num_statements": 0, "percent_covered": 100.0, "percent_covered_display": "100", "missing_lines": 0, "excluded_lines": 0, "num_branches": 0, "num_partial_branches": 0, "covered_branches": 0, "missing_branches": 0}, "missing_lines": [], "excluded_lines": [], "executed_branches": [], "missing_branches": []}, "TemplateNotFoundError": {"executed_lines": [], "summary": {"covered_lines": 0, "num_statements": 0, "percent_covered": 100.0, "percent_covered_display": "100", "missing_lines": 0, "excluded_lines": 0, "num_branches": 0, "num_partial_branches": 0, "covered_branches": 0, "missing_branches": 0}, "missing_lines": [], "excluded_lines": [], "executed_branches": [], "missing_branches": []}, "ValidationError": {"executed_lines": [], "summary": {"covered_lines": 0, "num_statements": 0, "percent_covered": 100.0, "percent_covered_display": "100", "missing_lines": 0, "excluded_lines": 0, "num_branches": 0, "num_partial_branches": 0, "covered_branches": 0, "missing_branches": 0}, "missing_lines": [], "excluded_lines": [], "executed_branches": [], "missing_branches": []}, "ContextGenerationError": {"executed_lines": [], "summary": {"covered_lines": 0, "num_statements": 0, "percent_covered": 100.0, "percent_covered_display": "100", "missing_lines": 0, "excluded_lines": 0, "num_branches": 0, "num_partial_branches": 0, "covered_branches": 0, "missing_branches": 0}, "missing_lines": [], "excluded_lines": [], "executed_branches": [], "missing_branches": []}, "InvalidContextLevelError": {"executed_lines": [], "summary": {"covered_lines": 0, "num_statements": 0, "percent_covered": 100.0, "percent_covered_display": "100", "missing_lines": 0, "excluded_lines": 0, "num_branches": 0, "num_partial_branches": 0, "covered_branches": 0, "missing_branches": 0}, "missing_lines": [], "excluded_lines": [], "executed_branches": [], "missing_branches": []}, "PatternExtractionError": {"executed_lines": [], "summary": {"covered_lines": 0, "num_statements": 0, "percent_covered": 100.0, "percent_covered_display": "100", "missing_lines": 0, "excluded_lines": 0, "num_branches": 0, "num_partial_branches": 0, "covered_branches": 0, "missing_branches": 0}, "missing_lines": [], "excluded_lines": [], "executed_branches": [], "missing_branches": []}, "ExampleNotFoundError": {"executed_lines": [], "summary": {"covered_lines": 0, "num_statements": 0, "percent_covered": 100.0, "percent_covered_display": "100", "missing_lines": 0, "excluded_lines": 0, "num_branches": 0, "num_partial_branches": 0, "covered_branches": 0, "missing_branches": 0}, "missing_lines": [], "excluded_lines": [], "executed_branches": [], "missing_branches": []}, "": {"executed_lines": [2, 8, 9, 10, 13, 14, 15, 18, 19, 20, 23, 24, 25, 28, 29, 30, 33, 34, 35, 38, 39, 40, 43, 44, 45], "summary": {"covered_lines": 16, "num_statements": 16, "percent_covered": 100.0, "percent_covered_display": "100", "missing_lines": 0, "excluded_lines": 0, "num_branches": 0, "num_partial_branches": 0, "covered_branches": 0, "missing_branches": 0}, "missing_lines": [], "excluded_lines": [], "executed_branches": [], "missing_branches": []}}}, "subforge/core/context/patterns.py": {"executed_lines": [2, 6, 7, 8, 10, 11, 13, 16, 17, 18, 19, 20, 21, 24, 25, 27, 28, 30, 52, 69, 87, 89, 113, 159, 206, 268, 287, 306, 325, 344, 363, 383], "summary": {"covered_lines": 29, "num_statements": 82, "percent_covered": 25.43859649122807, "percent_covered_display": "25", "missing_lines": 53, "excluded_lines": 0, "num_branches": 32, "num_partial_branches": 0, "covered_branches": 0, "missing_branches": 32}, "missing_lines": [37, 40, 43, 44, 47, 48, 50, 56, 58, 59, 60, 61, 62, 63, 64, 65, 67, 73, 75, 76, 78, 79, 80, 81, 82, 83, 85, 117, 119, 120, 138, 139, 157, 163, 165, 166, 185, 186, 204, 210, 212, 213, 232, 250, 251, 266, 270, 289, 308, 327, 346, 365, 385], "excluded_lines": [], "executed_branches": [], "missing_branches": [[43, 44], [43, 47], [47, 48], [47, 50], [58, 59], [58, 60], [60, 61], [60, 62], [62, 63], [62, 64], [64, 65], [64, 67], [75, 76], [75, 85], [78, 79], [78, 80], [80, 81], [80, 82], [82, 75], [82, 83], [119, 120], [119, 157], [138, 139], [138, 157], [165, 166], [165, 185], [185, 186], [185, 204], [212, 213], [212, 250], [250, 251], [250, 266]], "functions": {"PatternExtractor.__init__": {"executed_lines": [28], "summary": {"covered_lines": 1, "num_statements": 1, "percent_covered": 100.0, "percent_covered_display": "100", "missing_lines": 0, "excluded_lines": 0, "num_branches": 0, "num_partial_branches": 0, "covered_branches": 0, "missing_branches": 0}, "missing_lines": [], "excluded_lines": [], "executed_branches": [], "missing_branches": []}, "PatternExtractor.extract_from_profile": {"executed_lines": [], "summary": {"covered_lines": 0, "num_statements": 7, "percent_covered": 0.0, "percent_covered_display": "0", "missing_lines": 7, "excluded_lines": 0, "num_branches": 4, "num_partial_branches": 0, "covered_branches": 0, "missing_branches": 4}, "missing_lines": [37, 40, 43, 44, 47, 48, 50], "excluded_lines": [], "executed_branches": [], "missing_branches": [[43, 44], [43, 47], [47, 48], [47, 50]]}, "PatternExtractor.extract_from_architecture": {"executed_lines": [], "summary": {"covered_lines": 0, "num_statements": 10, "percent_covered": 0.0, "percent_covered_display": "0", "missing_lines": 10, "excluded_lines": 0, "num_branches": 8, "num_partial_branches": 0, "covered_branches": 0, "missing_branches": 8}, "missing_lines": [56, 58, 59, 60, 61, 62, 63, 64, 65, 67], "excluded_lines": [], "executed_branches": [], "missing_branches": [[58, 59], [58, 60], [60, 61], [60, 62], [62, 63], [62, 64], [64, 65], [64, 67]]}, "PatternExtractor.extract_from_frameworks": {"executed_lines": [], "summary": {"covered_lines": 0, "num_statements": 10, "percent_covered": 0.0, "percent_covered_display": "0", "missing_lines": 10, "excluded_lines": 0, "num_branches": 8, "num_partial_branches": 0, "covered_branches": 0, "missing_branches": 8}, "missing_lines": [73, 75, 76, 78, 79, 80, 81, 82, 83, 85], "excluded_lines": [], "executed_branches": [], "missing_branches": [[75, 76], [75, 85], [78, 79], [78, 80], [80, 81], [80, 82], [82, 75], [82, 83]]}, "PatternExtractor._initialize_pattern_registry": {"executed_lines": [89], "summary": {"covered_lines": 1, "num_statements": 1, "percent_covered": 100.0, "percent_covered_display": "100", "missing_lines": 0, "excluded_lines": 0, "num_branches": 0, "num_partial_branches": 0, "covered_branches": 0, "missing_branches": 0}, "missing_lines": [], "excluded_lines": [], "executed_branches": [], "missing_branches": []}, "PatternExtractor._get_base_patterns": {"executed_lines": [], "summary": {"covered_lines": 0, "num_statements": 6, "percent_covered": 0.0, "percent_covered_display": "0", "missing_lines": 6, "excluded_lines": 0, "num_branches": 4, "num_partial_branches": 0, "covered_branches": 0, "missing_branches": 4}, "missing_lines": [117, 119, 120, 138, 139, 157], "excluded_lines": [], "executed_branches": [], "missing_branches": [[119, 120], [119, 157], [138, 139], [138, 157]]}, "PatternExtractor._get_advanced_patterns": {"executed_lines": [], "summary": {"covered_lines": 0, "num_statements": 6, "percent_covered": 0.0, "percent_covered_display": "0", "missing_lines": 6, "excluded_lines": 0, "num_branches": 4, "num_partial_branches": 0, "covered_branches": 0, "missing_branches": 4}, "missing_lines": [163, 165, 166, 185, 186, 204], "excluded_lines": [], "executed_branches": [], "missing_branches": [[165, 166], [165, 185], [185, 186], [185, 204]]}, "PatternExtractor._get_expert_patterns": {"executed_lines": [], "summary": {"covered_lines": 0, "num_statements": 7, "percent_covered": 0.0, "percent_covered_display": "0", "missing_lines": 7, "excluded_lines": 0, "num_branches": 4, "num_partial_branches": 0, "covered_branches": 0, "missing_branches": 4}, "missing_lines": [210, 212, 213, 232, 250, 251, 266], "excluded_lines": [], "executed_branches": [], "missing_branches": [[212, 213], [212, 250], [250, 251], [250, 266]]}, "PatternExtractor._create_microservices_pattern": {"executed_lines": [], "summary": {"covered_lines": 0, "num_statements": 1, "percent_covered": 0.0, "percent_covered_display": "0", "missing_lines": 1, "excluded_lines": 0, "num_branches": 0, "num_partial_branches": 0, "covered_branches": 0, "missing_branches": 0}, "missing_lines": [270], "excluded_lines": [], "executed_branches": [], "missing_branches": []}, "PatternExtractor._create_serverless_pattern": {"executed_lines": [], "summary": {"covered_lines": 0, "num_statements": 1, "percent_covered": 0.0, "percent_covered_display": "0", "missing_lines": 1, "excluded_lines": 0, "num_branches": 0, "num_partial_branches": 0, "covered_branches": 0, "missing_branches": 0}, "missing_lines": [289], "excluded_lines": [], "executed_branches": [], "missing_branches": []}, "PatternExtractor._create_monolithic_pattern": {"executed_lines": [], "summary": {"covered_lines": 0, "num_statements": 1, "percent_covered": 0.0, "percent_covered_display": "0", "missing_lines": 1, "excluded_lines": 0, "num_branches": 0, "num_partial_branches": 0, "covered_branches": 0, "missing_branches": 0}, "missing_lines": [308], "excluded_lines": [], "executed_branches": [], "missing_branches": []}, "PatternExtractor._create_event_driven_pattern": {"executed_lines": [], "summary": {"covered_lines": 0, "num_statements": 1, "percent_covered": 0.0, "percent_covered_display": "0", "missing_lines": 1, "excluded_lines": 0, "num_branches": 0, "num_partial_branches": 0, "covered_branches": 0, "missing_branches": 0}, "missing_lines": [327], "excluded_lines": [], "executed_branches": [], "missing_branches": []}, "PatternExtractor._create_spa_pattern": {"executed_lines": [], "summary": {"covered_lines": 0, "num_statements": 1, "percent_covered": 0.0, "percent_covered_display": "0", "missing_lines": 1, "excluded_lines": 0, "num_branches": 0, "num_partial_branches": 0, "covered_branches": 0, "missing_branches": 0}, "missing_lines": [346], "excluded_lines": [], "executed_branches": [], "missing_branches": []}, "PatternExtractor._create_api_pattern": {"executed_lines": [], "summary": {"covered_lines": 0, "num_statements": 1, "percent_covered": 0.0, "percent_covered_display": "0", "missing_lines": 1, "excluded_lines": 0, "num_branches": 0, "num_partial_branches": 0, "covered_branches": 0, "missing_branches": 0}, "missing_lines": [365], "excluded_lines": [], "executed_branches": [], "missing_branches": []}, "PatternExtractor._create_fullstack_pattern": {"executed_lines": [], "summary": {"covered_lines": 0, "num_statements": 1, "percent_covered": 0.0, "percent_covered_display": "0", "missing_lines": 1, "excluded_lines": 0, "num_branches": 0, "num_partial_branches": 0, "covered_branches": 0, "missing_branches": 0}, "missing_lines": [385], "excluded_lines": [], "executed_branches": [], "missing_branches": []}, "": {"executed_lines": [2, 6, 7, 8, 10, 11, 13, 16, 17, 18, 19, 20, 21, 24, 25, 27, 30, 52, 69, 87, 113, 159, 206, 268, 287, 306, 325, 344, 363, 383], "summary": {"covered_lines": 27, "num_statements": 27, "percent_covered": 100.0, "percent_covered_display": "100", "missing_lines": 0, "excluded_lines": 0, "num_branches": 0, "num_partial_branches": 0, "covered_branches": 0, "missing_branches": 0}, "missing_lines": [], "excluded_lines": [], "executed_branches": [], "missing_branches": []}}, "classes": {"ContextLevel": {"executed_lines": [], "summary": {"covered_lines": 0, "num_statements": 0, "percent_covered": 100.0, "percent_covered_display": "100", "missing_lines": 0, "excluded_lines": 0, "num_branches": 0, "num_partial_branches": 0, "covered_branches": 0, "missing_branches": 0}, "missing_lines": [], "excluded_lines": [], "executed_branches": [], "missing_branches": []}, "PatternExtractor": {"executed_lines": [28, 89], "summary": {"covered_lines": 2, "num_statements": 55, "percent_covered": 2.2988505747126435, "percent_covered_display": "2", "missing_lines": 53, "excluded_lines": 0, "num_branches": 32, "num_partial_branches": 0, "covered_branches": 0, "missing_branches": 32}, "missing_lines": [37, 40, 43, 44, 47, 48, 50, 56, 58, 59, 60, 61, 62, 63, 64, 65, 67, 73, 75, 76, 78, 79, 80, 81, 82, 83, 85, 117, 119, 120, 138, 139, 157, 163, 165, 166, 185, 186, 204, 210, 212, 213, 232, 250, 251, 266, 270, 289, 308, 327, 346, 365, 385], "excluded_lines": [], "executed_branches": [], "missing_branches": [[43, 44], [43, 47], [47, 48], [47, 50], [58, 59], [58, 60], [60, 61], [60, 62], [62, 63], [62, 64], [64, 65], [64, 67], [75, 76], [75, 85], [78, 79], [78, 80], [80, 81], [80, 82], [82, 75], [82, 83], [119, 120], [119, 157], [138, 139], [138, 157], [165, 166], [165, 185], [185, 186], [185, 204], [212, 213], [212, 250], [250, 251], [250, 266]]}, "": {"executed_lines": [2, 6, 7, 8, 10, 11, 13, 16, 17, 18, 19, 20, 21, 24, 25, 27, 30, 52, 69, 87, 113, 159, 206, 268, 287, 306, 325, 344, 363, 383], "summary": {"covered_lines": 27, "num_statements": 27, "percent_covered": 100.0, "percent_covered_display": "100", "missing_lines": 0, "excluded_lines": 0, "num_branches": 0, "num_partial_branches": 0, "covered_branches": 0, "missing_branches": 0}, "missing_lines": [], "excluded_lines": [], "executed_branches": [], "missing_branches": []}}}, "subforge/core/context/repository.py": {"executed_lines": [2, 6, 7, 8, 9, 11, 12, 14, 17, 18, 20, 21, 22, 23, 26, 28, 41, 54, 67, 98, 204, 291, 420], "summary": {"covered_lines": 21, "num_statements": 85, "percent_covered": 17.647058823529413, "percent_covered_display": "18", "missing_lines": 64, "excluded_lines": 0, "num_branches": 34, "num_partial_branches": 0, "covered_branches": 0, "missing_branches": 34}, "missing_lines": [32, 34, 35, 37, 38, 39, 45, 47, 48, 50, 51, 52, 58, 60, 61, 63, 64, 65, 71, 74, 75, 76, 78, 79, 80, 82, 85, 88, 89, 90, 91, 92, 93, 94, 96, 100, 102, 103, 126, 150, 151, 175, 176, 202, 206, 208, 209, 235, 236, 262, 263, 289, 293, 295, 296, 297, 329, 330, 357, 358, 391, 418, 422, 423], "excluded_lines": [], "executed_branches": [], "missing_branches": [[34, 35], [34, 37], [47, 48], [47, 50], [60, 61], [60, 63], [74, 75], [74, 78], [78, 79], [78, 82], [90, 91], [90, 96], [92, 90], [92, 93], [102, 103], [102, 150], [150, 151], [150, 175], [175, 176], [175, 202], [208, 209], [208, 235], [235, 236], [235, 262], [262, 263], [262, 289], [295, 296], [295, 418], [296, 297], [296, 329], [329, 330], [329, 357], [357, 358], [357, 391]], "functions": {"ExampleRepository.__init__": {"executed_lines": [21, 22, 23, 26], "summary": {"covered_lines": 4, "num_statements": 4, "percent_covered": 100.0, "percent_covered_display": "100", "missing_lines": 0, "excluded_lines": 0, "num_branches": 0, "num_partial_branches": 0, "covered_branches": 0, "missing_branches": 0}, "missing_lines": [], "excluded_lines": [], "executed_branches": [], "missing_branches": []}, "ExampleRepository.find_by_language": {"executed_lines": [], "summary": {"covered_lines": 0, "num_statements": 6, "percent_covered": 0.0, "percent_covered_display": "0", "missing_lines": 6, "excluded_lines": 0, "num_branches": 2, "num_partial_branches": 0, "covered_branches": 0, "missing_branches": 2}, "missing_lines": [32, 34, 35, 37, 38, 39], "excluded_lines": [], "executed_branches": [], "missing_branches": [[34, 35], [34, 37]]}, "ExampleRepository.find_by_framework": {"executed_lines": [], "summary": {"covered_lines": 0, "num_statements": 6, "percent_covered": 0.0, "percent_covered_display": "0", "missing_lines": 6, "excluded_lines": 0, "num_branches": 2, "num_partial_branches": 0, "covered_branches": 0, "missing_branches": 2}, "missing_lines": [45, 47, 48, 50, 51, 52], "excluded_lines": [], "executed_branches": [], "missing_branches": [[47, 48], [47, 50]]}, "ExampleRepository.find_by_architecture": {"executed_lines": [], "summary": {"covered_lines": 0, "num_statements": 6, "percent_covered": 0.0, "percent_covered_display": "0", "missing_lines": 6, "excluded_lines": 0, "num_branches": 2, "num_partial_branches": 0, "covered_branches": 0, "missing_branches": 2}, "missing_lines": [58, 60, 61, 63, 64, 65], "excluded_lines": [], "executed_branches": [], "missing_branches": [[60, 61], [60, 63]]}, "ExampleRepository.find_relevant": {"executed_lines": [], "summary": {"covered_lines": 0, "num_statements": 17, "percent_covered": 0.0, "percent_covered_display": "0", "missing_lines": 17, "excluded_lines": 0, "num_branches": 8, "num_partial_branches": 0, "covered_branches": 0, "missing_branches": 8}, "missing_lines": [71, 74, 75, 76, 78, 79, 80, 82, 85, 88, 89, 90, 91, 92, 93, 94, 96], "excluded_lines": [], "executed_branches": [], "missing_branches": [[74, 75], [74, 78], [78, 79], [78, 82], [90, 91], [90, 96], [92, 90], [92, 93]]}, "ExampleRepository._get_language_examples": {"executed_lines": [], "summary": {"covered_lines": 0, "num_statements": 9, "percent_covered": 0.0, "percent_covered_display": "0", "missing_lines": 9, "excluded_lines": 0, "num_branches": 6, "num_partial_branches": 0, "covered_branches": 0, "missing_branches": 6}, "missing_lines": [100, 102, 103, 126, 150, 151, 175, 176, 202], "excluded_lines": [], "executed_branches": [], "missing_branches": [[102, 103], [102, 150], [150, 151], [150, 175], [175, 176], [175, 202]]}, "ExampleRepository._get_framework_examples": {"executed_lines": [], "summary": {"covered_lines": 0, "num_statements": 8, "percent_covered": 0.0, "percent_covered_display": "0", "missing_lines": 8, "excluded_lines": 0, "num_branches": 6, "num_partial_branches": 0, "covered_branches": 0, "missing_branches": 6}, "missing_lines": [206, 208, 209, 235, 236, 262, 263, 289], "excluded_lines": [], "executed_branches": [], "missing_branches": [[208, 209], [208, 235], [235, 236], [235, 262], [262, 263], [262, 289]]}, "ExampleRepository._get_architecture_examples": {"executed_lines": [], "summary": {"covered_lines": 0, "num_statements": 10, "percent_covered": 0.0, "percent_covered_display": "0", "missing_lines": 10, "excluded_lines": 0, "num_branches": 8, "num_partial_branches": 0, "covered_branches": 0, "missing_branches": 8}, "missing_lines": [293, 295, 296, 297, 329, 330, 357, 358, 391, 418], "excluded_lines": [], "executed_branches": [], "missing_branches": [[295, 296], [295, 418], [296, 297], [296, 329], [329, 330], [329, 357], [357, 358], [357, 391]]}, "ExampleRepository.clear_cache": {"executed_lines": [], "summary": {"covered_lines": 0, "num_statements": 2, "percent_covered": 0.0, "percent_covered_display": "0", "missing_lines": 2, "excluded_lines": 0, "num_branches": 0, "num_partial_branches": 0, "covered_branches": 0, "missing_branches": 0}, "missing_lines": [422, 423], "excluded_lines": [], "executed_branches": [], "missing_branches": []}, "": {"executed_lines": [2, 6, 7, 8, 9, 11, 12, 14, 17, 18, 20, 28, 41, 54, 67, 98, 204, 291, 420], "summary": {"covered_lines": 17, "num_statements": 17, "percent_covered": 100.0, "percent_covered_display": "100", "missing_lines": 0, "excluded_lines": 0, "num_branches": 0, "num_partial_branches": 0, "covered_branches": 0, "missing_branches": 0}, "missing_lines": [], "excluded_lines": [], "executed_branches": [], "missing_branches": []}}, "classes": {"ExampleRepository": {"executed_lines": [21, 22, 23, 26], "summary": {"covered_lines": 4, "num_statements": 68, "percent_covered": 3.9215686274509802, "percent_covered_display": "4", "missing_lines": 64, "excluded_lines": 0, "num_branches": 34, "num_partial_branches": 0, "covered_branches": 0, "missing_branches": 34}, "missing_lines": [32, 34, 35, 37, 38, 39, 45, 47, 48, 50, 51, 52, 58, 60, 61, 63, 64, 65, 71, 74, 75, 76, 78, 79, 80, 82, 85, 88, 89, 90, 91, 92, 93, 94, 96, 100, 102, 103, 126, 150, 151, 175, 176, 202, 206, 208, 209, 235, 236, 262, 263, 289, 293, 295, 296, 297, 329, 330, 357, 358, 391, 418, 422, 423], "excluded_lines": [], "executed_branches": [], "missing_branches": [[34, 35], [34, 37], [47, 48], [47, 50], [60, 61], [60, 63], [74, 75], [74, 78], [78, 79], [78, 82], [90, 91], [90, 96], [92, 90], [92, 93], [102, 103], [102, 150], [150, 151], [150, 175], [175, 176], [175, 202], [208, 209], [208, 235], [235, 236], [235, 262], [262, 263], [262, 289], [295, 296], [295, 418], [296, 297], [296, 329], [329, 330], [329, 357], [357, 358], [357, 391]]}, "": {"executed_lines": [2, 6, 7, 8, 9, 11, 12, 14, 17, 18, 20, 28, 41, 54, 67, 98, 204, 291, 420], "summary": {"covered_lines": 17, "num_statements": 17, "percent_covered": 100.0, "percent_covered_display": "100", "missing_lines": 0, "excluded_lines": 0, "num_branches": 0, "num_partial_branches": 0, "covered_branches": 0, "missing_branches": 0}, "missing_lines": [], "excluded_lines": [], "executed_branches": [], "missing_branches": []}}}, "subforge/core/context/types.py": {"executed_lines": [2, 7, 8, 11, 12, 13, 14, 15, 16, 19, 20, 21, 22, 23, 24, 25, 26, 27, 28, 29, 30, 31, 32, 33, 34, 37, 38, 39, 40, 41, 42, 43, 45, 46, 47, 48, 49, 50, 51, 54, 55, 56, 57, 58, 59, 60, 61, 62, 65, 66, 67, 68, 69, 70, 71, 72, 73, 76, 77, 78, 79, 80, 81, 82, 83, 84, 87, 88, 89, 90, 91, 92, 93, 96, 97, 98, 99, 100, 101, 102, 103, 104, 105], "summary": {"covered_lines": 74, "num_statements": 74, "percent_covered": 100.0, "percent_covered_display": "100", "missing_lines": 0, "excluded_lines": 0, "num_branches": 0, "num_partial_branches": 0, "covered_branches": 0, "missing_branches": 0}, "missing_lines": [], "excluded_lines": [], "executed_branches": [], "missing_branches": [], "functions": {"": {"executed_lines": [2, 7, 8, 11, 12, 13, 14, 15, 16, 19, 20, 21, 22, 23, 24, 25, 26, 27, 28, 29, 30, 31, 32, 33, 34, 37, 38, 39, 40, 41, 42, 43, 45, 46, 47, 48, 49, 50, 51, 54, 55, 56, 57, 58, 59, 60, 61, 62, 65, 66, 67, 68, 69, 70, 71, 72, 73, 76, 77, 78, 79, 80, 81, 82, 83, 84, 87, 88, 89, 90, 91, 92, 93, 96, 97, 98, 99, 100, 101, 102, 103, 104, 105], "summary": {"covered_lines": 74, "num_statements": 74, "percent_covered": 100.0, "percent_covered_display": "100", "missing_lines": 0, "excluded_lines": 0, "num_branches": 0, "num_partial_branches": 0, "covered_branches": 0, "missing_branches": 0}, "missing_lines": [], "excluded_lines": [], "executed_branches": [], "missing_branches": []}}, "classes": {"TechStack": {"executed_lines": [], "summary": {"covered_lines": 0, "num_statements": 0, "percent_covered": 100.0, "percent_covered_display": "100", "missing_lines": 0, "excluded_lines": 0, "num_branches": 0, "num_partial_branches": 0, "covered_branches": 0, "missing_branches": 0}, "missing_lines": [], "excluded_lines": [], "executed_branches": [], "missing_branches": []}, "ProjectContext": {"executed_lines": [], "summary": {"covered_lines": 0, "num_statements": 0, "percent_covered": 100.0, "percent_covered_display": "100", "missing_lines": 0, "excluded_lines": 0, "num_branches": 0, "num_partial_branches": 0, "covered_branches": 0, "missing_branches": 0}, "missing_lines": [], "excluded_lines": [], "executed_branches": [], "missing_branches": []}, "TechnicalContext": {"executed_lines": [], "summary": {"covered_lines": 0, "num_statements": 0, "percent_covered": 100.0, "percent_covered_display": "100", "missing_lines": 0, "excluded_lines": 0, "num_branches": 0, "num_partial_branches": 0, "covered_branches": 0, "missing_branches": 0}, "missing_lines": [], "excluded_lines": [], "executed_branches": [], "missing_branches": []}, "Example": {"executed_lines": [], "summary": {"covered_lines": 0, "num_statements": 0, "percent_covered": 100.0, "percent_covered_display": "100", "missing_lines": 0, "excluded_lines": 0, "num_branches": 0, "num_partial_branches": 0, "covered_branches": 0, "missing_branches": 0}, "missing_lines": [], "excluded_lines": [], "executed_branches": [], "missing_branches": []}, "Pattern": {"executed_lines": [], "summary": {"covered_lines": 0, "num_statements": 0, "percent_covered": 100.0, "percent_covered_display": "100", "missing_lines": 0, "excluded_lines": 0, "num_branches": 0, "num_partial_branches": 0, "covered_branches": 0, "missing_branches": 0}, "missing_lines": [], "excluded_lines": [], "executed_branches": [], "missing_branches": []}, "ValidationGate": {"executed_lines": [], "summary": {"covered_lines": 0, "num_statements": 0, "percent_covered": 100.0, "percent_covered_display": "100", "missing_lines": 0, "excluded_lines": 0, "num_branches": 0, "num_partial_branches": 0, "covered_branches": 0, "missing_branches": 0}, "missing_lines": [], "excluded_lines": [], "executed_branches": [], "missing_branches": []}, "PreviousOutput": {"executed_lines": [], "summary": {"covered_lines": 0, "num_statements": 0, "percent_covered": 100.0, "percent_covered_display": "100", "missing_lines": 0, "excluded_lines": 0, "num_branches": 0, "num_partial_branches": 0, "covered_branches": 0, "missing_branches": 0}, "missing_lines": [], "excluded_lines": [], "executed_branches": [], "missing_branches": []}, "ContextPackageDict": {"executed_lines": [], "summary": {"covered_lines": 0, "num_statements": 0, "percent_covered": 100.0, "percent_covered_display": "100", "missing_lines": 0, "excluded_lines": 0, "num_branches": 0, "num_partial_branches": 0, "covered_branches": 0, "missing_branches": 0}, "missing_lines": [], "excluded_lines": [], "executed_branches": [], "missing_branches": []}, "": {"executed_lines": [2, 7, 8, 11, 12, 13, 14, 15, 16, 19, 20, 21, 22, 23, 24, 25, 26, 27, 28, 29, 30, 31, 32, 33, 34, 37, 38, 39, 40, 41, 42, 43, 45, 46, 47, 48, 49, 50, 51, 54, 55, 56, 57, 58, 59, 60, 61, 62, 65, 66, 67, 68, 69, 70, 71, 72, 73, 76, 77, 78, 79, 80, 81, 82, 83, 84, 87, 88, 89, 90, 91, 92, 93, 96, 97, 98, 99, 100, 101, 102, 103, 104, 105], "summary": {"covered_lines": 74, "num_statements": 74, "percent_covered": 100.0, "percent_covered_display": "100", "missing_lines": 0, "excluded_lines": 0, "num_branches": 0, "num_partial_branches": 0, "covered_branches": 0, "missing_branches": 0}, "missing_lines": [], "excluded_lines": [], "executed_branches": [], "missing_branches": []}}}, "subforge/core/context/validators.py": {"executed_lines": [2, 7, 8, 9, 11, 12, 13, 15, 18, 77, 116, 152, 177, 201, 230], "summary": {"covered_lines": 14, "num_statements": 97, "percent_covered": 8.383233532934131, "percent_covered_display": "8", "missing_lines": 83, "excluded_lines": 0, "num_branches": 70, "num_partial_branches": 0, "covered_branches": 0, "missing_branches": 70}, "missing_lines": [28, 31, 32, 34, 35, 37, 38, 40, 41, 44, 45, 46, 52, 56, 57, 62, 63, 68, 69, 71, 72, 74, 87, 89, 94, 95, 96, 99, 100, 103, 104, 105, 110, 111, 113, 126, 128, 133, 134, 135, 138, 139, 144, 145, 149, 162, 164, 165, 166, 169, 170, 173, 174, 187, 189, 190, 191, 194, 195, 197, 198, 211, 213, 214, 215, 218, 219, 220, 221, 224, 225, 226, 227, 250, 253, 254, 257, 258, 260, 261, 263, 264, 266], "excluded_lines": [], "executed_branches": [], "missing_branches": [[31, 32], [31, 34], [34, 35], [34, 37], [37, 38], [37, 40], [40, 41], [40, 44], [45, 46], [45, 52], [56, 57], [56, 62], [62, 63], [62, 68], [68, 69], [68, 71], [71, 72], [71, 74], [94, 95], [94, 99], [95, 94], [95, 96], [99, 100], [99, 103], [104, 105], [104, 110], [110, 111], [110, 113], [133, 134], [133, 138], [134, 133], [134, 135], [138, 139], [138, 144], [144, 145], [144, 149], [164, 165], [164, 169], [165, 164], [165, 166], [169, 170], [169, 173], [173, -152], [173, 174], [189, 190], [189, 194], [190, 189], [190, 191], [194, 195], [194, 197], [197, -177], [197, 198], [213, 214], [213, 218], [214, 213], [214, 215], [218, 219], [218, 224], [220, 221], [220, 224], [224, -201], [224, 225], [226, -201], [226, 227], [257, 258], [257, 260], [260, 261], [260, 263], [263, 264], [263, 266]], "functions": {"validate_project_profile": {"executed_lines": [], "summary": {"covered_lines": 0, "num_statements": 22, "percent_covered": 0.0, "percent_covered_display": "0", "missing_lines": 22, "excluded_lines": 0, "num_branches": 18, "num_partial_branches": 0, "covered_branches": 0, "missing_branches": 18}, "missing_lines": [28, 31, 32, 34, 35, 37, 38, 40, 41, 44, 45, 46, 52, 56, 57, 62, 63, 68, 69, 71, 72, 74], "excluded_lines": [], "executed_branches": [], "missing_branches": [[31, 32], [31, 34], [34, 35], [34, 37], [37, 38], [37, 40], [40, 41], [40, 44], [45, 46], [45, 52], [56, 57], [56, 62], [62, 63], [62, 68], [68, 69], [68, 71], [71, 72], [71, 74]]}, "validate_project_context": {"executed_lines": [], "summary": {"covered_lines": 0, "num_statements": 13, "percent_covered": 0.0, "percent_covered_display": "0", "missing_lines": 13, "excluded_lines": 0, "num_branches": 10, "num_partial_branches": 0, "covered_branches": 0, "missing_branches": 10}, "missing_lines": [87, 89, 94, 95, 96, 99, 100, 103, 104, 105, 110, 111, 113], "excluded_lines": [], "executed_branches": [], "missing_branches": [[94, 95], [94, 99], [95, 94], [95, 96], [99, 100], [99, 103], [104, 105], [104, 110], [110, 111], [110, 113]]}, "validate_technical_context": {"executed_lines": [], "summary": {"covered_lines": 0, "num_statements": 10, "percent_covered": 0.0, "percent_covered_display": "0", "missing_lines": 10, "excluded_lines": 0, "num_branches": 8, "num_partial_branches": 0, "covered_branches": 0, "missing_branches": 8}, "missing_lines": [126, 128, 133, 134, 135, 138, 139, 144, 145, 149], "excluded_lines": [], "executed_branches": [], "missing_branches": [[133, 134], [133, 138], [134, 133], [134, 135], [138, 139], [138, 144], [144, 145], [144, 149]]}, "validate_example": {"executed_lines": [], "summary": {"covered_lines": 0, "num_statements": 8, "percent_covered": 0.0, "percent_covered_display": "0", "missing_lines": 8, "excluded_lines": 0, "num_branches": 8, "num_partial_branches": 0, "covered_branches": 0, "missing_branches": 8}, "missing_lines": [162, 164, 165, 166, 169, 170, 173, 174], "excluded_lines": [], "executed_branches": [], "missing_branches": [[164, 165], [164, 169], [165, 164], [165, 166], [169, 170], [169, 173], [173, -152], [173, 174]]}, "validate_pattern": {"executed_lines": [], "summary": {"covered_lines": 0, "num_statements": 8, "percent_covered": 0.0, "percent_covered_display": "0", "missing_lines": 8, "excluded_lines": 0, "num_branches": 8, "num_partial_branches": 0, "covered_branches": 0, "missing_branches": 8}, "missing_lines": [187, 189, 190, 191, 194, 195, 197, 198], "excluded_lines": [], "executed_branches": [], "missing_branches": [[189, 190], [189, 194], [190, 189], [190, 191], [194, 195], [194, 197], [197, -177], [197, 198]]}, "validate_validation_gate": {"executed_lines": [], "summary": {"covered_lines": 0, "num_statements": 12, "percent_covered": 0.0, "percent_covered_display": "0", "missing_lines": 12, "excluded_lines": 0, "num_branches": 12, "num_partial_branches": 0, "covered_branches": 0, "missing_branches": 12}, "missing_lines": [211, 213, 214, 215, 218, 219, 220, 221, 224, 225, 226, 227], "excluded_lines": [], "executed_branches": [], "missing_branches": [[213, 214], [213, 218], [214, 213], [214, 215], [218, 219], [218, 224], [220, 221], [220, 224], [224, -201], [224, 225], [226, -201], [226, 227]]}, "validate_context_package_data": {"executed_lines": [], "summary": {"covered_lines": 0, "num_statements": 10, "percent_covered": 0.0, "percent_covered_display": "0", "missing_lines": 10, "excluded_lines": 0, "num_branches": 6, "num_partial_branches": 0, "covered_branches": 0, "missing_branches": 6}, "missing_lines": [250, 253, 254, 257, 258, 260, 261, 263, 264, 266], "excluded_lines": [], "executed_branches": [], "missing_branches": [[257, 258], [257, 260], [260, 261], [260, 263], [263, 264], [263, 266]]}, "": {"executed_lines": [2, 7, 8, 9, 11, 12, 13, 15, 18, 77, 116, 152, 177, 201, 230], "summary": {"covered_lines": 14, "num_statements": 14, "percent_covered": 100.0, "percent_covered_display": "100", "missing_lines": 0, "excluded_lines": 0, "num_branches": 0, "num_partial_branches": 0, "covered_branches": 0, "missing_branches": 0}, "missing_lines": [], "excluded_lines": [], "executed_branches": [], "missing_branches": []}}, "classes": {"": {"executed_lines": [2, 7, 8, 9, 11, 12, 13, 15, 18, 77, 116, 152, 177, 201, 230], "summary": {"covered_lines": 14, "num_statements": 97, "percent_covered": 8.383233532934131, "percent_covered_display": "8", "missing_lines": 83, "excluded_lines": 0, "num_branches": 70, "num_partial_branches": 0, "covered_branches": 0, "missing_branches": 70}, "missing_lines": [28, 31, 32, 34, 35, 37, 38, 40, 41, 44, 45, 46, 52, 56, 57, 62, 63, 68, 69, 71, 72, 74, 87, 89, 94, 95, 96, 99, 100, 103, 104, 105, 110, 111, 113, 126, 128, 133, 134, 135, 138, 139, 144, 145, 149, 162, 164, 165, 166, 169, 170, 173, 174, 187, 189, 190, 191, 194, 195, 197, 198, 211, 213, 214, 215, 218, 219, 220, 221, 224, 225, 226, 227, 250, 253, 254, 257, 258, 260, 261, 263, 264, 266], "excluded_lines": [], "executed_branches": [], "missing_branches": [[31, 32], [31, 34], [34, 35], [34, 37], [37, 38], [37, 40], [40, 41], [40, 44], [45, 46], [45, 52], [56, 57], [56, 62], [62, 63], [62, 68], [68, 69], [68, 71], [71, 72], [71, 74], [94, 95], [94, 99], [95, 94], [95, 96], [99, 100], [99, 103], [104, 105], [104, 110], [110, 111], [110, 113], [133, 134], [133, 138], [134, 133], [134, 135], [138, 139], [138, 144], [144, 145], [144, 149], [164, 165], [164, 169], [165, 164], [165, 166], [169, 170], [169, 173], [173, -152], [173, 174], [189, 190], [189, 194], [190, 189], [190, 191], [194, 195], [194, 197], [197, -177], [197, 198], [213, 214], [213, 218], [214, 213], [214, 215], [218, 219], [218, 224], [220, 221], [220, 224], [224, -201], [224, 225], [226, -201], [226, 227], [257, 258], [257, 260], [260, 261], [260, 263], [263, 264], [263, 266]]}}}, "subforge/core/prp/__init__.py": {"executed_lines": [2, 7, 8, 9, 10, 11, 12, 23, 24, 26, 65, 66], "summary": {"covered_lines": 11, "num_statements": 11, "percent_covered": 100.0, "percent_covered_display": "100", "missing_lines": 0, "excluded_lines": 0, "num_branches": 0, "num_partial_branches": 0, "covered_branches": 0, "missing_branches": 0}, "missing_lines": [], "excluded_lines": [], "executed_branches": [], "missing_branches": [], "functions": {"": {"executed_lines": [2, 7, 8, 9, 10, 11, 12, 23, 24, 26, 65, 66], "summary": {"covered_lines": 11, "num_statements": 11, "percent_covered": 100.0, "percent_covered_display": "100", "missing_lines": 0, "excluded_lines": 0, "num_branches": 0, "num_partial_branches": 0, "covered_branches": 0, "missing_branches": 0}, "missing_lines": [], "excluded_lines": [], "executed_branches": [], "missing_branches": []}}, "classes": {"": {"executed_lines": [2, 7, 8, 9, 10, 11, 12, 23, 24, 26, 65, 66], "summary": {"covered_lines": 11, "num_statements": 11, "percent_covered": 100.0, "percent_covered_display": "100", "missing_lines": 0, "excluded_lines": 0, "num_branches": 0, "num_partial_branches": 0, "covered_branches": 0, "missing_branches": 0}, "missing_lines": [], "excluded_lines": [], "executed_branches": [], "missing_branches": []}}}, "subforge/core/prp/base.py": {"executed_lines": [2, 7, 8, 9, 10, 11, 12, 14, 15, 18, 19, 20, 21, 22, 23, 24, 27, 28, 29, 30, 31, 32, 33, 34, 35, 36, 37, 38, 40, 42, 44, 74, 75, 82, 83, 98, 99, 111, 112, 121, 131, 132, 135, 136, 140, 147, 148, 149, 152, 153, 155, 165, 177, 187, 188, 190, 200, 202, 204, 205, 208, 209, 210, 224], "summary": {"covered_lines": 59, "num_statements": 62, "percent_covered": 95.16129032258064, "percent_covered_display": "95", "missing_lines": 3, "excluded_lines": 0, "num_branches": 0, "num_partial_branches": 0, "covered_branches": 0, "missing_branches": 0}, "missing_lines": [96, 109, 119], "excluded_lines": [], "executed_branches": [], "missing_branches": [], "functions": {"PRP.to_markdown": {"executed_lines": [42, 44], "summary": {"covered_lines": 2, "num_statements": 2, "percent_covered": 100.0, "percent_covered_display": "100", "missing_lines": 0, "excluded_lines": 0, "num_branches": 0, "num_partial_branches": 0, "covered_branches": 0, "missing_branches": 0}, "missing_lines": [], "excluded_lines": [], "executed_branches": [], "missing_branches": []}, "IPRPStrategy.generate": {"executed_lines": [], "summary": {"covered_lines": 0, "num_statements": 1, "percent_covered": 0.0, "percent_covered_display": "0", "missing_lines": 1, "excluded_lines": 0, "num_branches": 0, "num_partial_branches": 0, "covered_branches": 0, "missing_branches": 0}, "missing_lines": [96], "excluded_lines": [], "executed_branches": [], "missing_branches": []}, "IPRPStrategy.validate": {"executed_lines": [], "summary": {"covered_lines": 0, "num_statements": 1, "percent_covered": 0.0, "percent_covered_display": "0", "missing_lines": 1, "excluded_lines": 0, "num_branches": 0, "num_partial_branches": 0, "covered_branches": 0, "missing_branches": 0}, "missing_lines": [109], "excluded_lines": [], "executed_branches": [], "missing_branches": []}, "IPRPStrategy.get_required_context_keys": {"executed_lines": [], "summary": {"covered_lines": 0, "num_statements": 1, "percent_covered": 0.0, "percent_covered_display": "0", "missing_lines": 1, "excluded_lines": 0, "num_branches": 0, "num_partial_branches": 0, "covered_branches": 0, "missing_branches": 0}, "missing_lines": [119], "excluded_lines": [], "executed_branches": [], "missing_branches": []}, "IPRPStrategy.validate_context": {"executed_lines": [131, 132], "summary": {"covered_lines": 2, "num_statements": 2, "percent_covered": 100.0, "percent_covered_display": "100", "missing_lines": 0, "excluded_lines": 0, "num_branches": 0, "num_partial_branches": 0, "covered_branches": 0, "missing_branches": 0}, "missing_lines": [], "excluded_lines": [], "executed_branches": [], "missing_branches": []}, "BaseStrategy.__init__": {"executed_lines": [147, 148, 149, 152, 153], "summary": {"covered_lines": 5, "num_statements": 5, "percent_covered": 100.0, "percent_covered_display": "100", "missing_lines": 0, "excluded_lines": 0, "num_branches": 0, "num_partial_branches": 0, "covered_branches": 0, "missing_branches": 0}, "missing_lines": [], "excluded_lines": [], "executed_branches": [], "missing_branches": []}, "BaseStrategy.validate": {"executed_lines": [165], "summary": {"covered_lines": 1, "num_statements": 1, "percent_covered": 100.0, "percent_covered_display": "100", "missing_lines": 0, "excluded_lines": 0, "num_branches": 0, "num_partial_branches": 0, "covered_branches": 0, "missing_branches": 0}, "missing_lines": [], "excluded_lines": [], "executed_branches": [], "missing_branches": []}, "BaseStrategy.generate_prp_id": {"executed_lines": [187, 188], "summary": {"covered_lines": 2, "num_statements": 2, "percent_covered": 100.0, "percent_covered_display": "100", "missing_lines": 0, "excluded_lines": 0, "num_branches": 0, "num_partial_branches": 0, "covered_branches": 0, "missing_branches": 0}, "missing_lines": [], "excluded_lines": [], "executed_branches": [], "missing_branches": []}, "BaseStrategy.save_prp": {"executed_lines": [200, 202, 204, 205, 208, 209, 210, 224], "summary": {"covered_lines": 8, "num_statements": 8, "percent_covered": 100.0, "percent_covered_display": "100", "missing_lines": 0, "excluded_lines": 0, "num_branches": 0, "num_partial_branches": 0, "covered_branches": 0, "missing_branches": 0}, "missing_lines": [], "excluded_lines": [], "executed_branches": [], "missing_branches": []}, "": {"executed_lines": [2, 7, 8, 9, 10, 11, 12, 14, 15, 18, 19, 20, 21, 22, 23, 24, 27, 28, 29, 30, 31, 32, 33, 34, 35, 36, 37, 38, 40, 74, 75, 82, 83, 98, 99, 111, 112, 121, 135, 136, 140, 155, 177, 190], "summary": {"covered_lines": 39, "num_statements": 39, "percent_covered": 100.0, "percent_covered_display": "100", "missing_lines": 0, "excluded_lines": 0, "num_branches": 0, "num_partial_branches": 0, "covered_branches": 0, "missing_branches": 0}, "missing_lines": [], "excluded_lines": [], "executed_branches": [], "missing_branches": []}}, "classes": {"PRPType": {"executed_lines": [], "summary": {"covered_lines": 0, "num_statements": 0, "percent_covered": 100.0, "percent_covered_display": "100", "missing_lines": 0, "excluded_lines": 0, "num_branches": 0, "num_partial_branches": 0, "covered_branches": 0, "missing_branches": 0}, "missing_lines": [], "excluded_lines": [], "executed_branches": [], "missing_branches": []}, "PRP": {"executed_lines": [42, 44], "summary": {"covered_lines": 2, "num_statements": 2, "percent_covered": 100.0, "percent_covered_display": "100", "missing_lines": 0, "excluded_lines": 0, "num_branches": 0, "num_partial_branches": 0, "covered_branches": 0, "missing_branches": 0}, "missing_lines": [], "excluded_lines": [], "executed_branches": [], "missing_branches": []}, "IPRPStrategy": {"executed_lines": [131, 132], "summary": {"covered_lines": 2, "num_statements": 5, "percent_covered": 40.0, "percent_covered_display": "40", "missing_lines": 3, "excluded_lines": 0, "num_branches": 0, "num_partial_branches": 0, "covered_branches": 0, "missing_branches": 0}, "missing_lines": [96, 109, 119], "excluded_lines": [], "executed_branches": [], "missing_branches": []}, "BaseStrategy": {"executed_lines": [147, 148, 149, 152, 153, 165, 187, 188, 200, 202, 204, 205, 208, 209, 210, 224], "summary": {"covered_lines": 16, "num_statements": 16, "percent_covered": 100.0, "percent_covered_display": "100", "missing_lines": 0, "excluded_lines": 0, "num_branches": 0, "num_partial_branches": 0, "covered_branches": 0, "missing_branches": 0}, "missing_lines": [], "excluded_lines": [], "executed_branches": [], "missing_branches": []}, "": {"executed_lines": [2, 7, 8, 9, 10, 11, 12, 14, 15, 18, 19, 20, 21, 22, 23, 24, 27, 28, 29, 30, 31, 32, 33, 34, 35, 36, 37, 38, 40, 74, 75, 82, 83, 98, 99, 111, 112, 121, 135, 136, 140, 155, 177, 190], "summary": {"covered_lines": 39, "num_statements": 39, "percent_covered": 100.0, "percent_covered_display": "100", "missing_lines": 0, "excluded_lines": 0, "num_branches": 0, "num_partial_branches": 0, "covered_branches": 0, "missing_branches": 0}, "missing_lines": [], "excluded_lines": [], "executed_branches": [], "missing_branches": []}}}, "subforge/core/prp/builder.py": {"executed_lines": [2, 7, 8, 10, 11, 14, 15, 22, 24, 26, 28, 29, 30, 31, 32, 33, 34, 35, 36, 38, 51, 64, 77, 87, 88, 90, 100, 101, 103, 116, 129, 139, 140, 142, 155, 169, 182, 195, 206, 207, 209, 211, 213, 215, 218, 222, 223, 226, 239, 241, 244, 245, 249, 260, 261, 264, 265, 266, 268, 270, 277, 278, 279, 280, 282, 292, 293, 294, 295, 296, 298, 314, 321, 331, 333, 350, 368, 378, 385], "summary": {"covered_lines": 76, "num_statements": 110, "percent_covered": 64.92537313432835, "percent_covered_display": "65", "missing_lines": 34, "excluded_lines": 0, "num_branches": 24, "num_partial_branches": 11, "covered_branches": 11, "missing_branches": 13}, "missing_lines": [48, 49, 61, 62, 74, 75, 113, 114, 126, 127, 152, 153, 166, 167, 179, 180, 192, 193, 208, 210, 212, 214, 216, 219, 308, 309, 310, 311, 312, 340, 348, 357, 365, 375], "excluded_lines": [], "executed_branches": [[207, 209], [209, 211], [211, 213], [213, 215], [215, 218], [218, 222], [222, 223], [260, 261], [264, 265], [278, 279], [293, 294]], "missing_branches": [[207, 208], [209, 210], [211, 212], [213, 214], [215, 216], [218, 219], [222, 226], [260, 264], [264, 268], [278, 280], [293, 296], [309, 310], [309, 312]], "functions": {"PRPBuilder.__init__": {"executed_lines": [24], "summary": {"covered_lines": 1, "num_statements": 1, "percent_covered": 100.0, "percent_covered_display": "100", "missing_lines": 0, "excluded_lines": 0, "num_branches": 0, "num_partial_branches": 0, "covered_branches": 0, "missing_branches": 0}, "missing_lines": [], "excluded_lines": [], "executed_branches": [], "missing_branches": []}, "PRPBuilder._reset": {"executed_lines": [28, 29, 30, 31, 32, 33, 34, 35, 36], "summary": {"covered_lines": 9, "num_statements": 9, "percent_covered": 100.0, "percent_covered_display": "100", "missing_lines": 0, "excluded_lines": 0, "num_branches": 0, "num_partial_branches": 0, "covered_branches": 0, "missing_branches": 0}, "missing_lines": [], "excluded_lines": [], "executed_branches": [], "missing_branches": []}, "PRPBuilder.with_id": {"executed_lines": [], "summary": {"covered_lines": 0, "num_statements": 2, "percent_covered": 0.0, "percent_covered_display": "0", "missing_lines": 2, "excluded_lines": 0, "num_branches": 0, "num_partial_branches": 0, "covered_branches": 0, "missing_branches": 0}, "missing_lines": [48, 49], "excluded_lines": [], "executed_branches": [], "missing_branches": []}, "PRPBuilder.with_type": {"executed_lines": [], "summary": {"covered_lines": 0, "num_statements": 2, "percent_covered": 0.0, "percent_covered_display": "0", "missing_lines": 2, "excluded_lines": 0, "num_branches": 0, "num_partial_branches": 0, "covered_branches": 0, "missing_branches": 0}, "missing_lines": [61, 62], "excluded_lines": [], "executed_branches": [], "missing_branches": []}, "PRPBuilder.with_title": {"executed_lines": [], "summary": {"covered_lines": 0, "num_statements": 2, "percent_covered": 0.0, "percent_covered_display": "0", "missing_lines": 2, "excluded_lines": 0, "num_branches": 0, "num_partial_branches": 0, "covered_branches": 0, "missing_branches": 0}, "missing_lines": [74, 75], "excluded_lines": [], "executed_branches": [], "missing_branches": []}, "PRPBuilder.with_context_package": {"executed_lines": [87, 88], "summary": {"covered_lines": 2, "num_statements": 2, "percent_covered": 100.0, "percent_covered_display": "100", "missing_lines": 0, "excluded_lines": 0, "num_branches": 0, "num_partial_branches": 0, "covered_branches": 0, "missing_branches": 0}, "missing_lines": [], "excluded_lines": [], "executed_branches": [], "missing_branches": []}, "PRPBuilder.with_execution_prompt": {"executed_lines": [100, 101], "summary": {"covered_lines": 2, "num_statements": 2, "percent_covered": 100.0, "percent_covered_display": "100", "missing_lines": 0, "excluded_lines": 0, "num_branches": 0, "num_partial_branches": 0, "covered_branches": 0, "missing_branches": 0}, "missing_lines": [], "excluded_lines": [], "executed_branches": [], "missing_branches": []}, "PRPBuilder.add_validation_item": {"executed_lines": [], "summary": {"covered_lines": 0, "num_statements": 2, "percent_covered": 0.0, "percent_covered_display": "0", "missing_lines": 2, "excluded_lines": 0, "num_branches": 0, "num_partial_branches": 0, "covered_branches": 0, "missing_branches": 0}, "missing_lines": [113, 114], "excluded_lines": [], "executed_branches": [], "missing_branches": []}, "PRPBuilder.with_validation_checklist": {"executed_lines": [], "summary": {"covered_lines": 0, "num_statements": 2, "percent_covered": 0.0, "percent_covered_display": "0", "missing_lines": 2, "excluded_lines": 0, "num_branches": 0, "num_partial_branches": 0, "covered_branches": 0, "missing_branches": 0}, "missing_lines": [126, 127], "excluded_lines": [], "executed_branches": [], "missing_branches": []}, "PRPBuilder.add_success_metric": {"executed_lines": [139, 140], "summary": {"covered_lines": 2, "num_statements": 2, "percent_covered": 100.0, "percent_covered_display": "100", "missing_lines": 0, "excluded_lines": 0, "num_branches": 0, "num_partial_branches": 0, "covered_branches": 0, "missing_branches": 0}, "missing_lines": [], "excluded_lines": [], "executed_branches": [], "missing_branches": []}, "PRPBuilder.with_success_metrics": {"executed_lines": [], "summary": {"covered_lines": 0, "num_statements": 2, "percent_covered": 0.0, "percent_covered_display": "0", "missing_lines": 2, "excluded_lines": 0, "num_branches": 0, "num_partial_branches": 0, "covered_branches": 0, "missing_branches": 0}, "missing_lines": [152, 153], "excluded_lines": [], "executed_branches": [], "missing_branches": []}, "PRPBuilder.add_output_spec": {"executed_lines": [], "summary": {"covered_lines": 0, "num_statements": 2, "percent_covered": 0.0, "percent_covered_display": "0", "missing_lines": 2, "excluded_lines": 0, "num_branches": 0, "num_p
[...]
 "num_statements": 10, "percent_covered": 0.0, "percent_covered_display": "0", "missing_lines": 10, "excluded_lines": 0, "num_branches": 4, "num_partial_branches": 0, "covered_branches": 0, "missing_branches": 4}, "missing_lines": [533, 587, 588, 617, 618, 662, 674, 675, 677, 678], "excluded_lines": [], "executed_branches": [], "missing_branches": [[587, 588], [587, 617], [617, 618], [617, 662]]}, "": {"executed_lines": [], "summary": {"covered_lines": 0, "num_statements": 66, "percent_covered": 0.0, "percent_covered_display": "0", "missing_lines": 66, "excluded_lines": 0, "num_branches": 0, "num_partial_branches": 0, "covered_branches": 0, "missing_branches": 0}, "missing_lines": [6, 7, 8, 9, 10, 11, 12, 13, 15, 16, 17, 22, 23, 26, 27, 30, 31, 32, 33, 34, 35, 36, 39, 42, 43, 46, 47, 50, 51, 54, 58, 62, 65, 66, 69, 70, 74, 77, 78, 81, 82, 86, 89, 131, 141, 160, 196, 229, 267, 274, 347, 376, 399, 403, 407, 425, 441, 464, 480, 489, 498, 507, 519, 523, 531, 682], "excluded_lines": [], "executed_branches": [], "missing_branches": []}}, "classes": {"PluginMetadata": {"executed_lines": [], "summary": {"covered_lines": 0, "num_statements": 0, "percent_covered": 100.0, "percent_covered_display": "100", "missing_lines": 0, "excluded_lines": 0, "num_branches": 0, "num_partial_branches": 0, "covered_branches": 0, "missing_branches": 0}, "missing_lines": [], "excluded_lines": [], "executed_branches": [], "missing_branches": []}, "SubForgePlugin": {"executed_lines": [], "summary": {"covered_lines": 0, "num_statements": 1, "percent_covered": 0.0, "percent_covered_display": "0", "missing_lines": 1, "excluded_lines": 0, "num_branches": 0, "num_partial_branches": 0, "covered_branches": 0, "missing_branches": 0}, "missing_lines": [56], "excluded_lines": [], "executed_branches": [], "missing_branches": []}, "AgentPlugin": {"executed_lines": [], "summary": {"covered_lines": 0, "num_statements": 0, "percent_covered": 100.0, "percent_covered_display": "100", "missing_lines": 0, "excluded_lines": 0, "num_branches": 0, "num_partial_branches": 0, "covered_branches": 0, "missing_branches": 0}, "missing_lines": [], "excluded_lines": [], "executed_branches": [], "missing_branches": []}, "WorkflowPlugin": {"executed_lines": [], "summary": {"covered_lines": 0, "num_statements": 0, "percent_covered": 100.0, "percent_covered_display": "100", "missing_lines": 0, "excluded_lines": 0, "num_branches": 0, "num_partial_branches": 0, "covered_branches": 0, "missing_branches": 0}, "missing_lines": [], "excluded_lines": [], "executed_branches": [], "missing_branches": []}, "PluginManagerV2": {"executed_lines": [], "summary": {"covered_lines": 0, "num_statements": 197, "percent_covered": 0.0, "percent_covered_display": "0", "missing_lines": 197, "excluded_lines": 0, "num_branches": 86, "num_partial_branches": 0, "covered_branches": 0, "missing_branches": 86}, "missing_lines": [102, 105, 108, 109, 110, 111, 112, 117, 118, 121, 122, 125, 128, 129, 133, 134, 135, 136, 137, 138, 139, 144, 157, 158, 163, 164, 175, 178, 181, 190, 193, 194, 206, 207, 208, 211, 212, 213, 216, 218, 220, 221, 223, 225, 226, 227, 231, 233, 234, 236, 237, 240, 241, 242, 243, 250, 251, 253, 254, 255, 258, 263, 265, 271, 272, 285, 287, 290, 291, 292, 295, 297, 300, 301, 302, 303, 306, 307, 310, 311, 312, 313, 314, 315, 318, 319, 321, 323, 324, 327, 328, 329, 330, 333, 334, 337, 339, 341, 343, 344, 345, 349, 350, 352, 354, 355, 357, 359, 360, 361, 363, 364, 365, 366, 368, 370, 372, 373, 374, 378, 379, 381, 384, 385, 387, 388, 389, 391, 394, 395, 397, 401, 405, 409, 410, 412, 413, 415, 427, 429, 430, 431, 432, 433, 434, 435, 437, 439, 443, 444, 448, 450, 453, 454, 457, 458, 459, 461, 462, 466, 467, 469, 470, 478, 482, 483, 484, 486, 487, 491, 492, 493, 495, 496, 500, 501, 502, 504, 505, 509, 510, 512, 513, 516, 517, 521, 525, 533, 587, 588, 617, 618, 662, 674, 675, 677, 678], "excluded_lines": [], "executed_branches": [], "missing_branches": [[128, -89], [128, 129], [133, 134], [133, 139], [157, -141], [157, 158], [206, 207], [206, 211], [212, 213], [212, 218], [220, 221], [220, 223], [233, 234], [233, 236], [241, 242], [241, 253], [243, 241], [243, 250], [253, 254], [253, 258], [290, 291], [290, 295], [295, 297], [295, 318], [302, 303], [302, 318], [306, 307], [306, 318], [310, 311], [310, 318], [314, 315], [314, 318], [321, 323], [321, 341], [327, 328], [327, 329], [329, 330], [329, 333], [333, 334], [333, 337], [349, 350], [349, 352], [357, 359], [357, 370], [363, 364], [363, 365], [365, 366], [365, 368], [378, 379], [378, 381], [385, 387], [385, 394], [387, 388], [387, 391], [394, 395], [394, 397], [409, 410], [409, 412], [429, 430], [429, 439], [431, 429], [431, 432], [432, 433], [432, 434], [434, 435], [434, 437], [448, 450], [448, 457], [457, 458], [457, 461], [458, 457], [458, 459], [469, 470], [469, 478], [482, 483], [482, 486], [491, 492], [491, 495], [500, 501], [500, 504], [509, 510], [509, 512], [587, 588], [587, 617], [617, 618], [617, 662]]}, "PluginManagerV2._register_builtin_agent.BuiltinAgent": {"executed_lines": [], "summary": {"covered_lines": 0, "num_statements": 5, "percent_covered": 0.0, "percent_covered_display": "0", "missing_lines": 5, "excluded_lines": 0, "num_branches": 0, "num_partial_branches": 0, "covered_branches": 0, "missing_branches": 0}, "missing_lines": [165, 176, 179, 182, 191], "excluded_lines": [], "executed_branches": [], "missing_branches": []}, "": {"executed_lines": [], "summary": {"covered_lines": 0, "num_statements": 66, "percent_covered": 0.0, "percent_covered_display": "0", "missing_lines": 66, "excluded_lines": 0, "num_branches": 0, "num_partial_branches": 0, "covered_branches": 0, "missing_branches": 0}, "missing_lines": [6, 7, 8, 9, 10, 11, 12, 13, 15, 16, 17, 22, 23, 26, 27, 30, 31, 32, 33, 34, 35, 36, 39, 42, 43, 46, 47, 50, 51, 54, 58, 62, 65, 66, 69, 70, 74, 77, 78, 81, 82, 86, 89, 131, 141, 160, 196, 229, 267, 274, 347, 376, 399, 403, 407, 425, 441, 464, 480, 489, 498, 507, 519, 523, 531, 682], "excluded_lines": [], "executed_branches": [], "missing_branches": []}}}, "subforge/plugins/sandbox.py": {"executed_lines": [], "summary": {"covered_lines": 0, "num_statements": 132, "percent_covered": 0.0, "percent_covered_display": "0", "missing_lines": 132, "excluded_lines": 0, "num_branches": 36, "num_partial_branches": 0, "covered_branches": 0, "missing_branches": 36}, "missing_lines": [6, 7, 8, 9, 10, 11, 12, 13, 14, 16, 17, 18, 21, 25, 29, 33, 38, 45, 46, 47, 56, 74, 76, 79, 80, 81, 87, 89, 90, 93, 94, 96, 97, 116, 119, 122, 124, 127, 128, 130, 131, 133, 134, 142, 143, 146, 147, 148, 151, 154, 156, 157, 169, 172, 203, 204, 206, 207, 209, 210, 227, 228, 231, 234, 235, 236, 237, 239, 241, 242, 243, 251, 252, 262, 264, 265, 266, 267, 268, 269, 270, 271, 272, 273, 274, 276, 277, 280, 281, 282, 283, 284, 286, 289, 294, 301, 303, 313, 315, 325, 326, 328, 339, 340, 341, 343, 354, 356, 366, 369, 374, 381, 382, 383, 385, 394, 403, 413, 415, 423, 433, 436, 437, 440, 444, 445, 446, 448, 450, 460, 461, 462], "excluded_lines": [], "executed_branches": [], "missing_branches": [[74, 76], [74, 79], [203, 204], [203, 206], [227, 228], [227, 231], [235, 236], [235, 239], [236, 235], [236, 237], [264, 265], [264, 276], [265, 266], [265, 272], [267, 264], [267, 268], [269, 264], [269, 270], [272, 264], [272, 273], [280, -241], [280, 281], [281, 282], [281, 286], [283, 280], [283, 284], [325, -315], [325, 326], [339, 340], [339, 341], [436, 437], [436, 444], [444, 445], [444, 448], [460, 461], [460, 462]], "functions": {"PluginSandbox.__init__": {"executed_lines": [], "summary": {"covered_lines": 0, "num_statements": 3, "percent_covered": 0.0, "percent_covered_display": "0", "missing_lines": 3, "excluded_lines": 0, "num_branches": 0, "num_partial_branches": 0, "covered_branches": 0, "missing_branches": 0}, "missing_lines": [45, 46, 47], "excluded_lines": [], "executed_branches": [], "missing_branches": []}, "PluginSandbox.execute_in_sandbox": {"executed_lines": [], "summary": {"covered_lines": 0, "num_statements": 10, "percent_covered": 0.0, "percent_covered_display": "0", "missing_lines": 10, "excluded_lines": 0, "num_branches": 2, "num_partial_branches": 0, "covered_branches": 0, "missing_branches": 2}, "missing_lines": [74, 76, 79, 80, 81, 87, 89, 90, 93, 94], "excluded_lines": [], "executed_branches": [], "missing_branches": [[74, 76], [74, 79]]}, "PluginSandbox._sandboxed_execution": {"executed_lines": [], "summary": {"covered_lines": 0, "num_statements": 8, "percent_covered": 0.0, "percent_covered_display": "0", "missing_lines": 8, "excluded_lines": 0, "num_branches": 0, "num_partial_branches": 0, "covered_branches": 0, "missing_branches": 0}, "missing_lines": [116, 119, 122, 124, 127, 128, 130, 131], "excluded_lines": [], "executed_branches": [], "missing_branches": []}, "PluginSandbox._set_resource_limits": {"executed_lines": [], "summary": {"covered_lines": 0, "num_statements": 7, "percent_covered": 0.0, "percent_covered_display": "0", "missing_lines": 7, "excluded_lines": 0, "num_branches": 0, "num_partial_branches": 0, "covered_branches": 0, "missing_branches": 0}, "missing_lines": [142, 143, 146, 147, 148, 151, 154], "excluded_lines": [], "executed_branches": [], "missing_branches": []}, "PluginSandbox._create_restricted_environment": {"executed_lines": [], "summary": {"covered_lines": 0, "num_statements": 6, "percent_covered": 0.0, "percent_covered_display": "0", "missing_lines": 6, "excluded_lines": 0, "num_branches": 2, "num_partial_branches": 0, "covered_branches": 0, "missing_branches": 2}, "missing_lines": [169, 172, 203, 204, 206, 207], "excluded_lines": [], "executed_branches": [], "missing_branches": [[203, 204], [203, 206]]}, "PluginSandbox._restricted_open_read": {"executed_lines": [], "summary": {"covered_lines": 0, "num_statements": 8, "percent_covered": 0.0, "percent_covered_display": "0", "missing_lines": 8, "excluded_lines": 0, "num_branches": 6, "num_partial_branches": 0, "covered_branches": 0, "missing_branches": 6}, "missing_lines": [227, 228, 231, 234, 235, 236, 237, 239], "excluded_lines": [], "executed_branches": [], "missing_branches": [[227, 228], [227, 231], [235, 236], [235, 239], [236, 235], [236, 237]]}, "PluginSandbox._restricted_execution": {"executed_lines": [], "summary": {"covered_lines": 0, "num_statements": 22, "percent_covered": 0.0, "percent_covered_display": "0", "missing_lines": 22, "excluded_lines": 0, "num_branches": 16, "num_partial_branches": 0, "covered_branches": 0, "missing_branches": 16}, "missing_lines": [251, 252, 262, 264, 265, 266, 267, 268, 269, 270, 271, 272, 273, 274, 276, 277, 280, 281, 282, 283, 284, 286], "excluded_lines": [], "executed_branches": [], "missing_branches": [[264, 265], [264, 276], [265, 266], [265, 272], [267, 264], [267, 268], [269, 264], [269, 270], [272, 264], [272, 273], [280, -241], [280, 281], [281, 282], [281, 286], [283, 280], [283, 284]]}, "PermissionChecker.__init__": {"executed_lines": [], "summary": {"covered_lines": 0, "num_statements": 1, "percent_covered": 0.0, "percent_covered_display": "0", "missing_lines": 1, "excluded_lines": 0, "num_branches": 0, "num_partial_branches": 0, "covered_branches": 0, "missing_branches": 0}, "missing_lines": [301], "excluded_lines": [], "executed_branches": [], "missing_branches": []}, "PermissionChecker.check_permission": {"executed_lines": [], "summary": {"covered_lines": 0, "num_statements": 1, "percent_covered": 0.0, "percent_covered_display": "0", "missing_lines": 1, "excluded_lines": 0, "num_branches": 0, "num_partial_branches": 0, "covered_branches": 0, "missing_branches": 0}, "missing_lines": [313], "excluded_lines": [], "executed_branches": [], "missing_branches": []}, "PermissionChecker.require_permission": {"executed_lines": [], "summary": {"covered_lines": 0, "num_statements": 2, "percent_covered": 0.0, "percent_covered_display": "0", "missing_lines": 2, "excluded_lines": 0, "num_branches": 2, "num_partial_branches": 0, "covered_branches": 0, "missing_branches": 2}, "missing_lines": [325, 326], "excluded_lines": [], "executed_branches": [], "missing_branches": [[325, -315], [325, 326]]}, "PermissionChecker.check_file_access": {"executed_lines": [], "summary": {"covered_lines": 0, "num_statements": 3, "percent_covered": 0.0, "percent_covered_display": "0", "missing_lines": 3, "excluded_lines": 0, "num_branches": 2, "num_partial_branches": 0, "covered_branches": 0, "missing_branches": 2}, "missing_lines": [339, 340, 341], "excluded_lines": [], "executed_branches": [], "missing_branches": [[339, 340], [339, 341]]}, "PermissionChecker.check_network_access": {"executed_lines": [], "summary": {"covered_lines": 0, "num_statements": 1, "percent_covered": 0.0, "percent_covered_display": "0", "missing_lines": 1, "excluded_lines": 0, "num_branches": 0, "num_partial_branches": 0, "covered_branches": 0, "missing_branches": 0}, "missing_lines": [354], "excluded_lines": [], "executed_branches": [], "missing_branches": []}, "PermissionChecker.check_execution": {"executed_lines": [], "summary": {"covered_lines": 0, "num_statements": 1, "percent_covered": 0.0, "percent_covered_display": "0", "missing_lines": 1, "excluded_lines": 0, "num_branches": 0, "num_partial_branches": 0, "covered_branches": 0, "missing_branches": 0}, "missing_lines": [366], "excluded_lines": [], "executed_branches": [], "missing_branches": []}, "SandboxMonitor.__init__": {"executed_lines": [], "summary": {"covered_lines": 0, "num_statements": 3, "percent_covered": 0.0, "percent_covered_display": "0", "missing_lines": 3, "excluded_lines": 0, "num_branches": 0, "num_partial_branches": 0, "covered_branches": 0, "missing_branches": 0}, "missing_lines": [381, 382, 383], "excluded_lines": [], "executed_branches": [], "missing_branches": []}, "SandboxMonitor.record_violation": {"executed_lines": [], "summary": {"covered_lines": 0, "num_statements": 1, "percent_covered": 0.0, "percent_covered_display": "0", "missing_lines": 1, "excluded_lines": 0, "num_branches": 0, "num_partial_branches": 0, "covered_branches": 0, "missing_branches": 0}, "missing_lines": [394], "excluded_lines": [], "executed_branches": [], "missing_branches": []}, "SandboxMonitor.check_resource_usage": {"executed_lines": [], "summary": {"covered_lines": 0, "num_statements": 2, "percent_covered": 0.0, "percent_covered_display": "0", "missing_lines": 2, "excluded_lines": 0, "num_branches": 0, "num_partial_branches": 0, "covered_branches": 0, "missing_branches": 0}, "missing_lines": [413, 415], "excluded_lines": [], "executed_branches": [], "missing_branches": []}, "SandboxMonitor.is_within_limits": {"executed_lines": [], "summary": {"covered_lines": 0, "num_statements": 8, "percent_covered": 0.0, "percent_covered_display": "0", "missing_lines": 8, "excluded_lines": 0, "num_branches": 4, "num_partial_branches": 0, "covered_branches": 0, "missing_branches": 4}, "missing_lines": [433, 436, 437, 440, 444, 445, 446, 448], "excluded_lines": [], "executed_branches": [], "missing_branches": [[436, 437], [436, 444], [444, 445], [444, 448]]}, "SandboxMonitor.get_violations": {"executed_lines": [], "summary": {"covered_lines": 0, "num_statements": 3, "percent_covered": 0.0, "percent_covered_display": "0", "missing_lines": 3, "excluded_lines": 0, "num_branches": 2, "num_partial_branches": 0, "covered_branches": 0, "missing_branches": 2}, "missing_lines": [460, 461, 462], "excluded_lines": [], "executed_branches": [], "missing_branches": [[460, 461], [460, 462]]}, "": {"executed_lines": [], "summary": {"covered_lines": 0, "num_statements": 42, "percent_covered": 0.0, "percent_covered_display": "0", "missing_lines": 42, "excluded_lines": 0, "num_branches": 0, "num_partial_branches": 0, "covered_branches": 0, "missing_branches": 0}, "missing_lines": [6, 7, 8, 9, 10, 11, 12, 13, 14, 16, 17, 18, 21, 25, 29, 33, 38, 56, 96, 97, 133, 134, 156, 157, 209, 210, 241, 242, 243, 289, 294, 303, 315, 328, 343, 356, 369, 374, 385, 403, 423, 450], "excluded_lines": [], "executed_branches": [], "missing_branches": []}}, "classes": {"PluginSandboxError": {"executed_lines": [], "summary": {"covered_lines": 0, "num_statements": 0, "percent_covered": 100.0, "percent_covered_display": "100", "missing_lines": 0, "excluded_lines": 0, "num_branches": 0, "num_partial_branches": 0, "covered_branches": 0, "missing_branches": 0}, "missing_lines": [], "excluded_lines": [], "executed_branches": [], "missing_branches": []}, "SecurityViolation": {"executed_lines": [], "summary": {"covered_lines": 0, "num_statements": 0, "percent_covered": 100.0, "percent_covered_display": "100", "missing_lines": 0, "excluded_lines": 0, "num_branches": 0, "num_partial_branches": 0, "covered_branches": 0, "missing_branches": 0}, "missing_lines": [], "excluded_lines": [], "executed_branches": [], "missing_branches": []}, "ResourceLimitExceeded": {"executed_lines": [], "summary": {"covered_lines": 0, "num_statements": 0, "percent_covered": 100.0, "percent_covered_display": "100", "missing_lines": 0, "excluded_lines": 0, "num_branches": 0, "num_partial_branches": 0, "covered_branches": 0, "missing_branches": 0}, "missing_lines": [], "excluded_lines": [], "executed_branches": [], "missing_branches": []}, "PluginSandbox": {"executed_lines": [], "summary": {"covered_lines": 0, "num_statements": 64, "percent_covered": 0.0, "percent_covered_display": "0", "missing_lines": 64, "excluded_lines": 0, "num_branches": 26, "num_partial_branches": 0, "covered_branches": 0, "missing_branches": 26}, "missing_lines": [45, 46, 47, 74, 76, 79, 80, 81, 87, 89, 90, 93, 94, 116, 119, 122, 124, 127, 128, 130, 131, 142, 143, 146, 147, 148, 151, 154, 169, 172, 203, 204, 206, 207, 227, 228, 231, 234, 235, 236, 237, 239, 251, 252, 262, 264, 265, 266, 267, 268, 269, 270, 271, 272, 273, 274, 276, 277, 280, 281, 282, 283, 284, 286], "excluded_lines": [], "executed_branches": [], "missing_branches": [[74, 76], [74, 79], [203, 204], [203, 206], [227, 228], [227, 231], [235, 236], [235, 239], [236, 235], [236, 237], [264, 265], [264, 276], [265, 266], [265, 272], [267, 264], [267, 268], [269, 264], [269, 270], [272, 264], [272, 273], [280, -241], [280, 281], [281, 282], [281, 286], [283, 280], [283, 284]]}, "PermissionChecker": {"executed_lines": [], "summary": {"covered_lines": 0, "num_statements": 9, "percent_covered": 0.0, "percent_covered_display": "0", "missing_lines": 9, "excluded_lines": 0, "num_branches": 4, "num_partial_branches": 0, "covered_branches": 0, "missing_branches": 4}, "missing_lines": [301, 313, 325, 326, 339, 340, 341, 354, 366], "excluded_lines": [], "executed_branches": [], "missing_branches": [[325, -315], [325, 326], [339, 340], [339, 341]]}, "SandboxMonitor": {"executed_lines": [], "summary": {"covered_lines": 0, "num_statements": 17, "percent_covered": 0.0, "percent_covered_display": "0", "missing_lines": 17, "excluded_lines": 0, "num_branches": 6, "num_partial_branches": 0, "covered_branches": 0, "missing_branches": 6}, "missing_lines": [381, 382, 383, 394, 413, 415, 433, 436, 437, 440, 444, 445, 446, 448, 460, 461, 462], "excluded_lines": [], "executed_branches": [], "missing_branches": [[436, 437], [436, 444], [444, 445], [444, 448], [460, 461], [460, 462]]}, "": {"executed_lines": [], "summary": {"covered_lines": 0, "num_statements": 42, "percent_covered": 0.0, "percent_covered_display": "0", "missing_lines": 42, "excluded_lines": 0, "num_branches": 0, "num_partial_branches": 0, "covered_branches": 0, "missing_branches": 0}, "missing_lines": [6, 7, 8, 9, 10, 11, 12, 13, 14, 16, 17, 18, 21, 25, 29, 33, 38, 56, 96, 97, 133, 134, 156, 157, 209, 210, 241, 242, 243, 289, 294, 303, 315, 328, 343, 356, 369, 374, 385, 403, 423, 450], "excluded_lines": [], "executed_branches": [], "missing_branches": []}}}}, "totals": {"covered_lines": 779, "num_statements": 2576, "percent_covered": 25.281899109792285, "percent_covered_display": "25", "missing_lines": 1797, "excluded_lines": 25, "num_branches": 794, "num_partial_branches": 49, "covered_branches": 73, "missing_branches": 721}}