{"meta": {"format": 3, "version": "7.10.6", "timestamp": "2025-09-04T13:28:13.288705", "branch_coverage": true, "show_contexts": false}, "files": {"subforge/__init__.py": {"executed_lines": [1, 5, 6, 7, 8, 11, 12, 13, 15], "summary": {"covered_lines": 8, "num_statements": 8, "percent_covered": 100.0, "percent_covered_display": "100", "missing_lines": 0, "excluded_lines": 0, "num_branches": 0, "num_partial_branches": 0, "covered_branches": 0, "missing_branches": 0}, "missing_lines": [], "excluded_lines": [], "executed_branches": [], "missing_branches": [], "functions": {"": {"executed_lines": [1, 5, 6, 7, 8, 11, 12, 13, 15], "summary": {"covered_lines": 8, "num_statements": 8, "percent_covered": 100.0, "percent_covered_display": "100", "missing_lines": 0, "excluded_lines": 0, "num_branches": 0, "num_partial_branches": 0, "covered_branches": 0, "missing_branches": 0}, "missing_lines": [], "excluded_lines": [], "executed_branches": [], "missing_branches": []}}, "classes": {"": {"executed_lines": [1, 5, 6, 7, 8, 11, 12, 13, 15], "summary": {"covered_lines": 8, "num_statements": 8, "percent_covered": 100.0, "percent_covered_display": "100", "missing_lines": 0, "excluded_lines": 0, "num_branches": 0, "num_partial_branches": 0, "covered_branches": 0, "missing_branches": 0}, "missing_lines": [], "excluded_lines": [], "executed_branches": [], "missing_branches": []}}}, "subforge/__main__.py": {"executed_lines": [], "summary": {"covered_lines": 0, "num_statements": 7, "percent_covered": 0.0, "percent_covered_display": "0", "missing_lines": 7, "excluded_lines": 2, "num_branches": 0, "num_partial_branches": 0, "covered_branches": 0, "missing_branches": 0}, "missing_lines": [9, 12, 13, 14, 17, 18, 20], "excluded_lines": [22, 24], "executed_branches": [], "missing_branches": [], "functions": {"": {"executed_lines": [], "summary": {"covered_lines": 0, "num_statements": 7, "percent_covered": 0.0, "percent_covered_display": "0", "missing_lines": 7, "excluded_lines": 2, "num_branches": 0, "num_partial_branches": 0, "covered_branches": 0, "missing_branches": 0}, "missing_lines": [9, 12, 13, 14, 17, 18, 20], "excluded_lines": [22, 24], "executed_branches": [], "missing_branches": []}}, "classes": {"": {"executed_lines": [], "summary": {"covered_lines": 0, "num_statements": 7, "percent_covered": 0.0, "percent_covered_display": "0", "missing_lines": 7, "excluded_lines": 2, "num_branches": 0, "num_partial_branches": 0, "covered_branches": 0, "missing_branches": 0}, "missing_lines": [9, 12, 13, 14, 17, 18, 20], "excluded_lines": [22, 24], "executed_branches": [], "missing_branches": []}}}, "subforge/cli.py": {"executed_lines": [2, 7, 8, 9, 10, 11, 12, 13, 15, 16, 17, 18, 19, 20, 21, 24, 25, 26, 34, 40, 43, 56, 61, 62, 132, 183, 210, 231, 262, 263, 304, 305, 392, 393, 496, 497, 533, 555, 651, 666, 681, 703, 791, 792, 801, 806], "summary": {"covered_lines": 44, "num_statements": 361, "percent_covered": 9.109730848861284, "percent_covered_display": "9", "missing_lines": 317, "excluded_lines": 2, "num_branches": 122, "num_partial_branches": 0, "covered_branches": 0, "missing_branches": 122}, "missing_lines": [27, 29, 30, 31, 58, 82, 83, 85, 87, 88, 91, 93, 94, 95, 98, 99, 100, 106, 107, 112, 113, 116, 117, 120, 121, 122, 123, 124, 125, 126, 128, 129, 141, 143, 144, 147, 148, 150, 151, 152, 155, 161, 163, 164, 168, 176, 178, 179, 180, 187, 190, 191, 193, 194, 195, 196, 197, 200, 203, 204, 205, 207, 213, 215, 216, 217, 218, 219, 221, 222, 223, 224, 226, 234, 235, 236, 239, 245, 248, 249, 250, 251, 254, 259, 275, 276, 278, 280, 281, 282, 284, 285, 286, 287, 288, 290, 292, 293, 295, 296, 297, 299, 300, 301, 313, 314, 316, 317, 319, 322, 323, 326, 329, 333, 334, 335, 337, 340, 341, 342, 343, 344, 347, 352, 353, 355, 356, 363, 364, 365, 367, 368, 370, 372, 373, 376, 377, 380, 381, 382, 383, 384, 386, 388, 389, 416, 417, 419, 421, 424, 425, 426, 428, 429, 432, 433, 434, 438, 441, 442, 443, 446, 447, 448, 450, 453, 454, 455, 456, 460, 464, 467, 470, 471, 473, 474, 476, 479, 480, 482, 483, 487, 491, 492, 493, 503, 505, 506, 507, 509, 511, 513, 514, 515, 517, 518, 519, 521, 522, 523, 524, 526, 528, 535, 536, 537, 540, 541, 542, 543, 545, 546, 547, 549, 551, 552, 559, 560, 561, 564, 575, 579, 580, 581, 583, 585, 588, 595, 596, 597, 598, 600, 605, 606, 607, 608, 610, 615, 616, 617, 618, 620, 626, 627, 628, 629, 630, 632, 637, 638, 641, 645, 648, 653, 655, 658, 659, 661, 662, 663, 668, 670, 673, 674, 676, 677, 678, 683, 685, 688, 689, 696, 698, 699, 700, 705, 707, 708, 709, 710, 713, 714, 716, 717, 720, 728, 735, 736, 739, 743, 745, 747, 750, 752, 758, 759, 760, 762, 763, 766, 767, 768, 769, 771, 773, 774, 776, 777, 780, 782, 784, 786, 788, 796, 797, 798, 803], "excluded_lines": [806, 807], "executed_branches": [], "missing_branches": [[82, 83], [82, 85], [87, 88], [87, 93], [99, 100], [99, 116], [106, 107], [106, 116], [125, 126], [125, 129], [143, 144], [143, 155], [216, 217], [216, 221], [218, 219], [218, 221], [221, 222], [221, 226], [223, 224], [223, 226], [248, 249], [248, 254], [250, 251], [250, 254], [275, 276], [275, 278], [284, 285], [284, 292], [286, 287], [286, 290], [295, -262], [295, 296], [313, 314], [313, 316], [322, 323], [322, 329], [333, 334], [333, 337], [341, 342], [341, 376], [363, 364], [363, 370], [367, 368], [367, 370], [376, 377], [376, 388], [381, 382], [381, 386], [383, 384], [383, 386], [416, 417], [416, 419], [425, 426], [425, 428], [433, 434], [433, 438], [442, 443], [442, 464], [447, 448], [447, 450], [454, 455], [454, 460], [473, 474], [473, 476], [482, 483], [482, 487], [491, -392], [491, 492], [505, 506], [505, 509], [513, 514], [513, 517], [521, 522], [521, 526], [540, 541], [540, 549], [541, 540], [541, 542], [542, 540], [542, 543], [545, 546], [545, 547], [560, 561], [560, 564], [579, 580], [579, 583], [596, 597], [596, 600], [606, 607], [606, 610], [616, 617], [616, 620], [628, 629], [628, 632], [637, 638], [637, 645], [688, 689], [688, 698], [707, 708], [707, 788], [716, 717], [716, 747], [720, 728], [720, 739], [728, 735], [728, 745], [739, 743], [739, 745], [750, 707], [750, 752], [752, 758], [752, 782], [762, 763], [762, 776], [763, 766], [763, 767], [767, 768], [767, 773], [768, 769], [768, 771], [776, 777], [776, 782]], "functions": {"print_banner": {"executed_lines": [], "summary": {"covered_lines": 0, "num_statements": 1, "percent_covered": 0.0, "percent_covered_display": "0", "missing_lines": 1, "excluded_lines": 0, "num_branches": 0, "num_partial_branches": 0, "covered_branches": 0, "missing_branches": 0}, "missing_lines": [58], "excluded_lines": [], "executed_branches": [], "missing_branches": []}, "init": {"executed_lines": [], "summary": {"covered_lines": 0, "num_statements": 27, "percent_covered": 0.0, "percent_covered_display": "0", "missing_lines": 27, "excluded_lines": 0, "num_branches": 10, "num_partial_branches": 0, "covered_branches": 0, "missing_branches": 10}, "missing_lines": [82, 83, 85, 87, 88, 91, 93, 94, 95, 98, 99, 100, 106, 107, 112, 113, 116, 117, 120, 121, 122, 123, 124, 125, 126, 128, 129], "excluded_lines": [], "executed_branches": [], "missing_branches": [[82, 83], [82, 85], [87, 88], [87, 93], [99, 100], [99, 116], [106, 107], [106, 116], [125, 126], [125, 129]]}, "_run_init_workflow": {"executed_lines": [], "summary": {"covered_lines": 0, "num_statements": 17, "percent_covered": 0.0, "percent_covered_display": "0", "missing_lines": 17, "excluded_lines": 0, "num_branches": 2, "num_partial_branches": 0, "covered_branches": 0, "missing_branches": 2}, "missing_lines": [141, 143, 144, 147, 148, 150, 151, 152, 155, 161, 163, 164, 168, 176, 178, 179, 180], "excluded_lines": [], "executed_branches": [], "missing_branches": [[143, 144], [143, 155]]}, "_display_analysis_results": {"executed_lines": [], "summary": {"covered_lines": 0, "num_statements": 13, "percent_covered": 0.0, "percent_covered_display": "0", "missing_lines": 13, "excluded_lines": 0, "num_branches": 0, "num_partial_branches": 0, "covered_branches": 0, "missing_branches": 0}, "missing_lines": [187, 190, 191, 193, 194, 195, 196, 197, 200, 203, 204, 205, 207], "excluded_lines": [], "executed_branches": [], "missing_branches": []}, "_display_recommended_setup": {"executed_lines": [], "summary": {"covered_lines": 0, "num_statements": 11, "percent_covered": 0.0, "percent_covered_display": "0", "missing_lines": 11, "excluded_lines": 0, "num_branches": 8, "num_partial_branches": 0, "covered_branches": 0, "missing_branches": 8}, "missing_lines": [213, 215, 216, 217, 218, 219, 221, 222, 223, 224, 226], "excluded_lines": [], "executed_branches": [], "missing_branches": [[216, 217], [216, 221], [218, 219], [218, 221], [221, 222], [221, 226], [223, 224], [223, 226]]}, "_display_workflow_results": {"executed_lines": [], "summary": {"covered_lines": 0, "num_statements": 11, "percent_covered": 0.0, "percent_covered_display": "0", "missing_lines": 11, "excluded_lines": 0, "num_branches": 4, "num_partial_branches": 0, "covered_branches": 0, "missing_branches": 4}, "missing_lines": [234, 235, 236, 239, 245, 248, 249, 250, 251, 254, 259], "excluded_lines": [], "executed_branches": [], "missing_branches": [[248, 249], [248, 254], [250, 251], [250, 254]]}, "analyze": {"executed_lines": [], "summary": {"covered_lines": 0, "num_statements": 20, "percent_covered": 0.0, "percent_covered_display": "0", "missing_lines": 20, "excluded_lines": 0, "num_branches": 8, "num_partial_branches": 0, "covered_branches": 0, "missing_branches": 8}, "missing_lines": [275, 276, 278, 280, 281, 282, 284, 285, 286, 287, 288, 290, 292, 293, 295, 296, 297, 299, 300, 301], "excluded_lines": [], "executed_branches": [], "missing_branches": [[275, 276], [275, 278], [284, 285], [284, 292], [286, 287], [286, 290], [295, -262], [295, 296]]}, "status": {"executed_lines": [], "summary": {"covered_lines": 0, "num_statements": 41, "percent_covered": 0.0, "percent_covered_display": "0", "missing_lines": 41, "excluded_lines": 0, "num_branches": 18, "num_partial_branches": 0, "covered_branches": 0, "missing_branches": 18}, "missing_lines": [313, 314, 316, 317, 319, 322, 323, 326, 329, 333, 334, 335, 337, 340, 341, 342, 343, 344, 347, 352, 353, 355, 356, 363, 364, 365, 367, 368, 370, 372, 373, 376, 377, 380, 381, 382, 383, 384, 386, 388, 389], "excluded_lines": [], "executed_branches": [], "missing_branches": [[313, 314], [313, 316], [322, 323], [322, 329], [333, 334], [333, 337], [341, 342], [341, 376], [363, 364], [363, 370], [367, 368], [367, 370], [376, 377], [376, 388], [381, 382], [381, 386], [383, 384], [383, 386]]}, "validate": {"executed_lines": [], "summary": {"covered_lines": 0, "num_statements": 40, "percent_covered": 0.0, "percent_covered_display": "0", "missing_lines": 40, "excluded_lines": 0, "num_branches": 18, "num_partial_branches": 0, "covered_branches": 0, "missing_branches": 18}, "missing_lines": [416, 417, 419, 421, 424, 425, 426, 428, 429, 432, 433, 434, 438, 441, 442, 443, 446, 447, 448, 450, 453, 454, 455, 456, 460, 464, 467, 470, 471, 473, 474, 476, 479, 480, 482, 483, 487, 491, 492, 493], "excluded_lines": [], "executed_branches": [], "missing_branches": [[416, 417], [416, 419], [425, 426], [425, 428], [433, 434], [433, 438], [442, 443], [442, 464], [447, 448], [447, 450], [454, 455], [454, 460], [473, 474], [473, 476], [482, 483], [482, 487], [491, -392], [491, 492]]}, "templates": {"executed_lines": [], "summary": {"covered_lines": 0, "num_statements": 18, "percent_covered": 0.0, "percent_covered_display": "0", "missing_lines": 18, "excluded_lines": 0, "num_branches": 6, "num_partial_branches": 0, "covered_branches": 0, "missing_branches": 6}, "missing_lines": [503, 505, 506, 507, 509, 511, 513, 514, 515, 517, 518, 519, 521, 522, 523, 524, 526, 528], "excluded_lines": [], "executed_branches": [], "missing_branches": [[505, 506], [505, 509], [513, 514], [513, 517], [521, 522], [521, 526]]}, "_extract_template_description": {"executed_lines": [], "summary": {"covered_lines": 0, "num_statements": 13, "percent_covered": 0.0, "percent_covered_display": "0", "missing_lines": 13, "excluded_lines": 0, "num_branches": 8, "num_partial_branches": 0, "covered_branches": 0, "missing_branches": 8}, "missing_lines": [535, 536, 537, 540, 541, 542, 543, 545, 546, 547, 549, 551, 552], "excluded_lines": [], "executed_branches": [], "missing_branches": [[540, 541], [540, 549], [541, 540], [541, 542], [542, 540], [542, 543], [545, 546], [545, 547]]}, "_run_automatic_fixes": {"executed_lines": [], "summary": {"covered_lines": 0, "num_statements": 37, "percent_covered": 0.0, "percent_covered_display": "0", "missing_lines": 37, "excluded_lines": 0, "num_branches": 14, "num_partial_branches": 0, "covered_branches": 0, "missing_branches": 14}, "missing_lines": [559, 560, 561, 564, 575, 579, 580, 581, 583, 585, 588, 595, 596, 597, 598, 600, 605, 606, 607, 608, 610, 615, 616, 617, 618, 620, 626, 627, 628, 629, 630, 632, 637, 638, 641, 645, 648], "excluded_lines": [], "executed_branches": [], "missing_branches": [[560, 561], [560, 564], [579, 580], [579, 583], [596, 597], [596, 600], [606, 607], [606, 610], [616, 617], [616, 620], [628, 629], [628, 632], [637, 638], [637, 645]]}, "_run_isort_fix": {"executed_lines": [], "summary": {"covered_lines": 0, "num_statements": 7, "percent_covered": 0.0, "percent_covered_display": "0", "missing_lines": 7, "excluded_lines": 0, "num_branches": 0, "num_partial_branches": 0, "covered_branches": 0, "missing_branches": 0}, "missing_lines": [653, 655, 658, 659, 661, 662, 663], "excluded_lines": [], "executed_branches": [], "missing_branches": []}, "_run_black_fix": {"executed_lines": [], "summary": {"covered_lines": 0, "num_statements": 7, "percent_covered": 0.0, "percent_covered_display": "0", "missing_lines": 7, "excluded_lines": 0, "num_branches": 0, "num_partial_branches": 0, "covered_branches": 0, "missing_branches": 0}, "missing_lines": [668, 670, 673, 674, 676, 677, 678], "excluded_lines": [], "executed_branches": [], "missing_branches": []}, "_run_autoflake_fix": {"executed_lines": [], "summary": {"covered_lines": 0, "num_statements": 8, "percent_covered": 0.0, "percent_covered_display": "0", "missing_lines": 8, "excluded_lines": 0, "num_branches": 2, "num_partial_branches": 0, "covered_branches": 0, "missing_branches": 2}, "missing_lines": [683, 685, 688, 689, 696, 698, 699, 700], "excluded_lines": [], "executed_branches": [], "missing_branches": [[688, 689], [688, 698]]}, "_add_basic_type_hints": {"executed_lines": [], "summary": {"covered_lines": 0, "num_statements": 38, "percent_covered": 0.0, "percent_covered_display": "0", "missing_lines": 38, "excluded_lines": 0, "num_branches": 24, "num_partial_branches": 0, "covered_branches": 0, "missing_branches": 24}, "missing_lines": [705, 707, 708, 709, 710, 713, 714, 716, 717, 720, 728, 735, 736, 739, 743, 745, 747, 750, 752, 758, 759, 760, 762, 763, 766, 767, 768, 769, 771, 773, 774, 776, 777, 780, 782, 784, 786, 788], "excluded_lines": [], "executed_branches": [], "missing_branches": [[707, 708], [707, 788], [716, 717], [716, 747], [720, 728], [720, 739], [728, 735], [728, 745], [739, 743], [739, 745], [750, 707], [750, 752], [752, 758], [752, 782], [762, 763], [762, 776], [763, 766], [763, 767], [767, 768], [767, 773], [768, 769], [768, 771], [776, 777], [776, 782]]}, "version": {"executed_lines": [], "summary": {"covered_lines": 0, "num_statements": 3, "percent_covered": 0.0, "percent_covered_display": "0", "missing_lines": 3, "excluded_lines": 0, "num_branches": 0, "num_partial_branches": 0, "covered_branches": 0, "missing_branches": 0}, "missing_lines": [796, 797, 798], "excluded_lines": [], "executed_branches": [], "missing_branches": []}, "main": {"executed_lines": [], "summary": {"covered_lines": 0, "num_statements": 1, "percent_covered": 0.0, "percent_covered_display": "0", "missing_lines": 1, "excluded_lines": 0, "num_branches": 0, "num_partial_branches": 0, "covered_branches": 0, "missing_branches": 0}, "missing_lines": [803], "excluded_lines": [], "executed_branches": [], "missing_branches": []}, "": {"executed_lines": [2, 7, 8, 9, 10, 11, 12, 13, 15, 16, 17, 18, 19, 20, 21, 24, 25, 26, 34, 40, 43, 56, 61, 62, 132, 183, 210, 231, 262, 263, 304, 305, 392, 393, 496, 497, 533, 555, 651, 666, 681, 703, 791, 792, 801, 806], "summary": {"covered_lines": 44, "num_statements": 48, "percent_covered": 91.66666666666667, "percent_covered_display": "92", "missing_lines": 4, "excluded_lines": 2, "num_branches": 0, "num_partial_branches": 0, "covered_branches": 0, "missing_branches": 0}, "missing_lines": [27, 29, 30, 31], "excluded_lines": [806, 807], "executed_branches": [], "missing_branches": []}}, "classes": {"": {"executed_lines": [2, 7, 8, 9, 10, 11, 12, 13, 15, 16, 17, 18, 19, 20, 21, 24, 25, 26, 34, 40, 43, 56, 61, 62, 132, 183, 210, 231, 262, 263, 304, 305, 392, 393, 496, 497, 533, 555, 651, 666, 681, 703, 791, 792, 801, 806], "summary": {"covered_lines": 44, "num_statements": 361, "percent_covered": 9.109730848861284, "percent_covered_display": "9", "missing_lines": 317, "excluded_lines": 2, "num_branches": 122, "num_partial_branches": 0, "covered_branches": 0, "missing_branches": 122}, "missing_lines": [27, 29, 30, 31, 58, 82, 83, 85, 87, 88, 91, 93, 94, 95, 98, 99, 100, 106, 107, 112, 113, 116, 117, 120, 121, 122, 123, 124, 125, 126, 128, 129, 141, 143, 144, 147, 148, 150, 151, 152, 155, 161, 163, 164, 168, 176, 178, 179, 180, 187, 190, 191, 193, 194, 195, 196, 197, 200, 203, 204, 205, 207, 213, 215, 216, 217, 218, 219, 221, 222, 223, 224, 226, 234, 235, 236, 239, 245, 248, 249, 250, 251, 254, 259, 275, 276, 278, 280, 281, 282, 284, 285, 286, 287, 288, 290, 292, 293, 295, 296, 297, 299, 300, 301, 313, 314, 316, 317, 319, 322, 323, 326, 329, 333, 334, 335, 337, 340, 341, 342, 343, 344, 347, 352, 353, 355, 356, 363, 364, 365, 367, 368, 370, 372, 373, 376, 377, 380, 381, 382, 383, 384, 386, 388, 389, 416, 417, 419, 421, 424, 425, 426, 428, 429, 432, 433, 434, 438, 441, 442, 443, 446, 447, 448, 450, 453, 454, 455, 456, 460, 464, 467, 470, 471, 473, 474, 476, 479, 480, 482, 483, 487, 491, 492, 493, 503, 505, 506, 507, 509, 511, 513, 514, 515, 517, 518, 519, 521, 522, 523, 524, 526, 528, 535, 536, 537, 540, 541, 542, 543, 545, 546, 547, 549, 551, 552, 559, 560, 561, 564, 575, 579, 580, 581, 583, 585, 588, 595, 596, 597, 598, 600, 605, 606, 607, 608, 610, 615, 616, 617, 618, 620, 626, 627, 628, 629, 630, 632, 637, 638, 641, 645, 648, 653, 655, 658, 659, 661, 662, 663, 668, 670, 673, 674, 676, 677, 678, 683, 685, 688, 689, 696, 698, 699, 700, 705, 707, 708, 709, 710, 713, 714, 716, 717, 720, 728, 735, 736, 739, 743, 745, 747, 750, 752, 758, 759, 760, 762, 763, 766, 767, 768, 769, 771, 773, 774, 776, 777, 780, 782, 784, 786, 788, 796, 797, 798, 803], "excluded_lines": [806, 807], "executed_branches": [], "missing_branches": [[82, 83], [82, 85], [87, 88], [87, 93], [99, 100], [99, 116], [106, 107], [106, 116], [125, 126], [125, 129], [143, 144], [143, 155], [216, 217], [216, 221], [218, 219], [218, 221], [221, 222], [221, 226], [223, 224], [223, 226], [248, 249], [248, 254], [250, 251], [250, 254], [275, 276], [275, 278], [284, 285], [284, 292], [286, 287], [286, 290], [295, -262], [295, 296], [313, 314], [313, 316], [322, 323], [322, 329], [333, 334], [333, 337], [341, 342], [341, 376], [363, 364], [363, 370], [367, 368], [367, 370], [376, 377], [376, 388], [381, 382], [381, 386], [383, 384], [383, 386], [416, 417], [416, 419], [425, 426], [425, 428], [433, 434], [433, 438], [442, 443], [442, 464], [447, 448], [447, 450], [454, 455], [454, 460], [473, 474], [473, 476], [482, 483], [482, 487], [491, -392], [491, 492], [505, 506], [505, 509], [513, 514], [513, 517], [521, 522], [521, 526], [540, 541], [540, 549], [541, 540], [541, 542], [542, 540], [542, 543], [545, 546], [545, 547], [560, 561], [560, 564], [579, 580], [579, 583], [596, 597], [596, 600], [606, 607], [606, 610], [616, 617], [616, 620], [628, 629], [628, 632], [637, 638], [637, 645], [688, 689], [688, 698], [707, 708], [707, 788], [716, 717], [716, 747], [720, 728], [720, 739], [728, 735], [728, 745], [739, 743], [739, 745], [750, 707], [750, 752], [752, 758], [752, 782], [762, 763], [762, 776], [763, 766], [763, 767], [767, 768], [767, 773], [768, 769], [768, 771], [776, 777], [776, 782]]}}}, "subforge/core/__init__.py": {"executed_lines": [1], "summary": {"covered_lines": 0, "num_statements": 0, "percent_covered": 100.0, "percent_covered_display": "100", "missing_lines": 0, "excluded_lines": 0, "num_branches": 0, "num_partial_branches": 0, "covered_branches": 0, "missing_branches": 0}, "missing_lines": [], "excluded_lines": [], "executed_branches": [], "missing_branches": [], "functions": {"": {"executed_lines": [1], "summary": {"covered_lines": 0, "num_statements": 0, "percent_covered": 100.0, "percent_covered_display": "100", "missing_lines": 0, "excluded_lines": 0, "num_branches": 0, "num_partial_branches": 0, "covered_branches": 0, "missing_branches": 0}, "missing_lines": [], "excluded_lines": [], "executed_branches": [], "missing_branches": []}}, "classes": {"": {"executed_lines": [1], "summary": {"covered_lines": 0, "num_statements": 0, "percent_covered": 100.0, "percent_covered_display": "100", "missing_lines": 0, "excluded_lines": 0, "num_branches": 0, "num_partial_branches": 0, "covered_branches": 0, "missing_branches": 0}, "missing_lines": [], "excluded_lines": [], "executed_branches": [], "missing_branches": []}}}, "subforge/core/cache_manager.py": {"executed_lines": [1, 6, 7, 8, 9, 10, 13, 14, 16, 18, 19, 21, 23, 26, 35, 37, 39, 40, 42, 43, 45, 47, 48, 49, 51, 68, 69, 71, 72, 73, 75, 76, 77, 80, 81, 83, 84, 85, 86, 88, 89, 91, 92, 93, 95, 114, 115, 117, 118, 130, 131, 133, 134, 136, 137, 138, 140, 142, 143, 145, 146, 147, 148, 150, 152, 154, 155, 156, 158, 159, 160, 161, 162, 164, 166, 168, 169, 170, 171, 173, 175, 177, 179, 180, 181, 183, 184, 186, 187, 188, 189, 191, 193, 194, 195, 196, 198, 200, 201, 203, 205, 207, 208, 212, 222, 224, 225, 226, 229, 230, 231, 232, 236, 238, 239, 242, 244, 248, 250, 251, 253, 260, 261, 263, 264, 265, 267, 270, 272, 273, 274, 277, 278, 281, 283, 286, 287, 289, 290, 292, 294, 296, 298], "summary": {"covered_lines": 139, "num_statements": 140, "percent_covered": 98.31460674157303, "percent_covered_display": "98", "missing_lines": 1, "excluded_lines": 0, "num_branches": 38, "num_partial_branches": 2, "covered_branches": 36, "missing_branches": 2}, "missing_lines": [234], "excluded_lines": [], "executed_branches": [[18, 19], [18, 21], [39, 40], [39, 42], [71, 72], [71, 75], [83, 84], [83, 88], [145, 146], [145, 150], [155, 156], [155, 158], [159, 160], [159, 164], [169, 170], [169, 173], [170, 171], [179, 180], [179, 203], [180, 181], [180, 183], [186, 179], [186, 187], [193, 186], [193, 194], [225, 226], [225, 229], [229, 230], [230, 231], [230, 232], [244, 248], [244, 250], [250, 251], [250, 253], [272, 273], [272, 277]], "missing_branches": [[170, 169], [229, 234]], "functions": {"CacheManager.__init__": {"executed_lines": [18, 19, 21, 23, 26, 35], "summary": {"covered_lines": 6, "num_statements": 6, "percent_covered": 100.0, "percent_covered_display": "100", "missing_lines": 0, "excluded_lines": 0, "num_branches": 2, "num_partial_branches": 0, "covered_branches": 2, "missing_branches": 0}, "missing_lines": [], "excluded_lines": [], "executed_branches": [[18, 19], [18, 21]], "missing_branches": []}, "CacheManager._generate_key": {"executed_lines": [39, 40, 42, 43], "summary": {"covered_lines": 4, "num_statements": 4, "percent_covered": 100.0, "percent_covered_display": "100", "missing_lines": 0, "excluded_lines": 0, "num_branches": 2, "num_partial_branches": 0, "covered_branches": 2, "missing_branches": 0}, "missing_lines": [], "excluded_lines": [], "executed_branches": [[39, 40], [39, 42]], "missing_branches": []}, "CacheManager._get_cache_path": {"executed_lines": [47, 48, 49], "summary": {"covered_lines": 3, "num_statements": 3, "percent_covered": 100.0, "percent_covered_display": "100", "missing_lines": 0, "excluded_lines": 0, "num_branches": 0, "num_partial_branches": 0, "covered_branches": 0, "missing_branches": 0}, "missing_lines": [], "excluded_lines": [], "executed_branches": [], "missing_branches": []}, "CacheManager.get": {"executed_lines": [68, 69, 71, 72, 73, 75, 76, 77, 80, 81, 83, 84, 85, 86, 88, 89, 91, 92, 93], "summary": {"covered_lines": 19, "num_statements": 19, "percent_covered": 100.0, "percent_covered_display": "100", "missing_lines": 0, "excluded_lines": 0, "num_branches": 4, "num_partial_branches": 0, "covered_branches": 4, "missing_branches": 0}, "missing_lines": [], "excluded_lines": [], "executed_branches": [[71, 72], [71, 75], [83, 84], [83, 88]], "missing_branches": []}, "CacheManager.set": {"executed_lines": [114, 115, 117, 118, 130, 131, 133, 134, 136, 137, 138], "summary": {"covered_lines": 11, "num_statements": 11, "percent_covered": 100.0, "percent_covered_display": "100", "missing_lines": 0, "excluded_lines": 0, "num_branches": 0, "num_partial_branches": 0, "covered_branches": 0, "missing_branches": 0}, "missing_lines": [], "excluded_lines": [], "executed_branches": [], "missing_branches": []}, "CacheManager.evict": {"executed_lines": [142, 143, 145, 146, 147, 148, 150], "summary": {"covered_lines": 7, "num_statements": 7, "percent_covered": 100.0, "percent_covered_display": "100", "missing_lines": 0, "excluded_lines": 0, "num_branches": 2, "num_partial_branches": 0, "covered_branches": 2, "missing_branches": 0}, "missing_lines": [], "excluded_lines": [], "executed_branches": [[145, 146], [145, 150]], "missing_branches": []}, "CacheManager.clear_namespace": {"executed_lines": [154, 155, 156, 158, 159, 160, 161, 162, 164], "summary": {"covered_lines": 9, "num_statements": 9, "percent_covered": 100.0, "percent_covered_display": "100", "missing_lines": 0, "excluded_lines": 0, "num_branches": 4, "num_partial_branches": 0, "covered_branches": 4, "missing_branches": 0}, "missing_lines": [], "excluded_lines": [], "executed_branches": [[155, 156], [155, 158], [159, 160], [159, 164]], "missing_branches": []}, "CacheManager.clear_all": {"executed_lines": [168, 169, 170, 171, 173], "summary": {"covered_lines": 5, "num_statements": 5, "percent_covered": 88.88888888888889, "percent_covered_display": "89", "missing_lines": 0, "excluded_lines": 0, "num_branches": 4, "num_partial_branches": 1, "covered_branches": 3, "missing_branches": 1}, "missing_lines": [], "excluded_lines": [], "executed_branches": [[169, 170], [169, 173], [170, 171]], "missing_branches": [[170, 169]]}, "CacheManager.cleanup_expired": {"executed_lines": [177, 179, 180, 181, 183, 184, 186, 187, 188, 189, 191, 193, 194, 195, 196, 198, 200, 201, 203], "summary": {"covered_lines": 19, "num_statements": 19, "percent_covered": 100.0, "percent_covered_display": "100", "missing_lines": 0, "excluded_lines": 0, "num_branches": 8, "num_partial_branches": 0, "covered_branches": 8, "missing_branches": 0}, "missing_lines": [], "excluded_lines": [], "executed_branches": [[179, 180], [179, 203], [180, 181], [180, 183], [186, 179], [186, 187], [193, 186], [193, 194]], "missing_branches": []}, "CacheManager.get_stats": {"executed_lines": [207, 208, 212], "summary": {"covered_lines": 3, "num_statements": 3, "percent_covered": 100.0, "percent_covered_display": "100", "missing_lines": 0, "excluded_lines": 0, "num_branches": 0, "num_partial_branches": 0, "covered_branches": 0, "missing_branches": 0}, "missing_lines": [], "excluded_lines": [], "executed_branches": [], "missing_branches": []}, "CacheManager._calculate_cache_size": {"executed_lines": [224, 225, 226, 229, 230, 231, 232], "summary": {"covered_lines": 7, "num_statements": 8, "percent_covered": 85.71428571428571, "percent_covered_display": "86", "missing_lines": 1, "excluded_lines": 0, "num_branches": 6, "num_partial_branches": 1, "covered_branches": 5, "missing_branches": 1}, "missing_lines": [234], "excluded_lines": [], "executed_branches": [[225, 226], [225, 229], [229, 230], [230, 231], [230, 232]], "missing_branches": [[229, 234]]}, "CacheManager.optimize": {"executed_lines": [238, 239, 242, 244, 248, 250, 251, 253], "summary": {"covered_lines": 8, "num_statements": 8, "percent_covered": 100.0, "percent_covered_display": "100", "missing_lines": 0, "excluded_lines": 0, "num_branches": 4, "num_partial_branches": 0, "covered_branches": 4, "missing_branches": 0}, "missing_lines": [], "excluded_lines": [], "executed_branches": [[244, 248], [244, 250], [250, 251], [250, 253]], "missing_branches": []}, "CachedAnalyzer.__init__": {"executed_lines": [264, 265], "summary": {"covered_lines": 2, "num_statements": 2, "percent_covered": 100.0, "percent_covered_display": "100", "missing_lines": 0, "excluded_lines": 0, "num_branches": 0, "num_partial_branches": 0, "covered_branches": 0, "missing_branches": 0}, "missing_lines": [], "excluded_lines": [], "executed_branches": [], "missing_branches": []}, "CachedAnalyzer.analyze_project": {"executed_lines": [270, 272, 273, 274, 277, 278, 281, 283], "summary": {"covered_lines": 8, "num_statements": 8, "percent_covered": 100.0, "percent_covered_display": "100", "missing_lines": 0, "excluded_lines": 0, "num_branches": 2, "num_partial_branches": 0, "covered_branches": 2, "missing_branches": 0}, "missing_lines": [], "excluded_lines": [], "executed_branches": [[272, 273], [272, 277]], "missing_branches": []}, "CachedResearch.__init__": {"executed_lines": [290], "summary": {"covered_lines": 1, "num_statements": 1, "percent_covered": 100.0, "percent_covered_display": "100", "missing_lines": 0, "excluded_lines": 0, "num_branches": 0, "num_partial_branches": 0, "covered_branches": 0, "missing_branches": 0}, "missing_lines": [], "excluded_lines": [], "executed_branches": [], "missing_branches": []}, "CachedResearch.get_cached_research": {"executed_lines": [294], "summary": {"covered_lines": 1, "num_statements": 1, "percent_covered": 100.0, "percent_covered_display": "100", "missing_lines": 0, "excluded_lines": 0, "num_branches": 0, "num_partial_branches": 0, "covered_branches": 0, "missing_branches": 0}, "missing_lines": [], "excluded_lines": [], "executed_branches": [], "missing_branches": []}, "CachedResearch.cache_research": {"executed_lines": [298], "summary": {"covered_lines": 1, "num_statements": 1, "percent_covered": 100.0, "percent_covered_display": "100", "missing_lines": 0, "excluded_lines": 0, "num_branches": 0, "num_partial_branches": 0, "covered_branches": 0, "missing_branches": 0}, "missing_lines": [], "excluded_lines": [], "executed_branches": [], "missing_branches": []}, "": {"executed_lines": [1, 6, 7, 8, 9, 10, 13, 14, 16, 37, 45, 51, 95, 140, 152, 166, 175, 205, 222, 236, 260, 261, 263, 267, 286, 287, 289, 292, 296], "summary": {"covered_lines": 25, "num_statements": 25, "percent_covered": 100.0, "percent_covered_display": "100", "missing_lines": 0, "excluded_lines": 0, "num_branches": 0, "num_partial_branches": 0, "covered_branches": 0, "missing_branches": 0}, "missing_lines": [], "excluded_lines": [], "executed_branches": [], "missing_branches": []}}, "classes": {"CacheManager": {"executed_lines": [18, 19, 21, 23, 26, 35, 39, 40, 42, 43, 47, 48, 49, 68, 69, 71, 72, 73, 75, 76, 77, 80, 81, 83, 84, 85, 86, 88, 89, 91, 92, 93, 114, 115, 117, 118, 130, 131, 133, 134, 136, 137, 138, 142, 143, 145, 146, 147, 148, 150, 154, 155, 156, 158, 159, 160, 161, 162, 164, 168, 169, 170, 171, 173, 177, 179, 180, 181, 183, 184, 186, 187, 188, 189, 191, 193, 194, 195, 196, 198, 200, 201, 203, 207, 208, 212, 224, 225, 226, 229, 230, 231, 232, 238, 239, 242, 244, 248, 250, 251, 253], "summary": {"covered_lines": 101, "num_statements": 102, "percent_covered": 97.82608695652173, "percent_covered_display": "98", "missing_lines": 1, "excluded_lines": 0, "num_branches": 36, "num_partial_branches": 2, "covered_branches": 34, "missing_branches": 2}, "missing_lines": [234], "excluded_lines": [], "executed_branches": [[18, 19], [18, 21], [39, 40], [39, 42], [71, 72], [71, 75], [83, 84], [83, 88], [145, 146], [145, 150], [155, 156], [155, 158], [159, 160], [159, 164], [169, 170], [169, 173], [170, 171], [179, 180], [179, 203], [180, 181], [180, 183], [186, 179], [186, 187], [193, 186], [193, 194], [225, 226], [225, 229], [229, 230], [230, 231], [230, 232], [244, 248], [244, 250], [250, 251], [250, 253]], "missing_branches": [[170, 169], [229, 234]]}, "CachedAnalyzer": {"executed_lines": [264, 265, 270, 272, 273, 274, 277, 278, 281, 283], "summary": {"covered_lines": 10, "num_statements": 10, "percent_covered": 100.0, "percent_covered_display": "100", "missing_lines": 0, "excluded_lines": 0, "num_branches": 2, "num_partial_branches": 0, "covered_branches": 2, "missing_branches": 0}, "missing_lines": [], "excluded_lines": [], "executed_branches": [[272, 273], [272, 277]], "missing_branches": []}, "CachedResearch": {"executed_lines": [290, 294, 298], "summary": {"covered_lines": 3, "num_statements": 3, "percent_covered": 100.0, "percent_covered_display": "100", "missing_lines": 0, "excluded_lines": 0, "num_branches": 0, "num_partial_branches": 0, "covered_branches": 0, "missing_branches": 0}, "missing_lines": [], "excluded_lines": [], "executed_branches": [], "missing_branches": []}, "": {"executed_lines": [1, 6, 7, 8, 9, 10, 13, 14, 16, 37, 45, 51, 95, 140, 152, 166, 175, 205, 222, 236, 260, 261, 263, 267, 286, 287, 289, 292, 296], "summary": {"covered_lines": 25, "num_statements": 25, "percent_covered": 100.0, "percent_covered_display": "100", "missing_lines": 0, "excluded_lines": 0, "num_branches": 0, "num_partial_branches": 0, "covered_branches": 0, "missing_branches": 0}, "missing_lines": [], "excluded_lines": [], "executed_branches": [], "missing_branches": []}}}, "subforge/core/communication.py": {"executed_lines": [2, 7, 8, 9, 10, 13, 14, 16, 25], "summary": {"covered_lines": 7, "num_statements": 23, "percent_covered": 28.0, "percent_covered_display": "28", "missing_lines": 16, "excluded_lines": 0, "num_branches": 2, "num_partial_branches": 0, "covered_branches": 0, "missing_branches": 2}, "missing_lines": [17, 18, 19, 22, 23, 35, 37, 49, 50, 51, 54, 70, 71, 72, 74, 75], "excluded_lines": [], "executed_branches": [], "missing_branches": [[22, -16], [22, 23]], "functions": {"CommunicationManager.__init__": {"executed_lines": [], "summary": {"covered_lines": 0, "num_statements": 5, "percent_covered": 0.0, "percent_covered_display": "0", "missing_lines": 5, "excluded_lines": 0, "num_branches": 2, "num_partial_branches": 0, "covered_branches": 0, "missing_branches": 2}, "missing_lines": [17, 18, 19, 22, 23], "excluded_lines": [], "executed_branches": [], "missing_branches": [[22, -16], [22, 23]]}, "CommunicationManager.create_handoff": {"executed_lines": [], "summary": {"covered_lines": 0, "num_statements": 11, "percent_covered": 0.0, "percent_covered_display": "0", "missing_lines": 11, "excluded_lines": 0, "num_branches": 0, "num_partial_branches": 0, "covered_branches": 0, "missing_branches": 0}, "missing_lines": [35, 37, 49, 50, 51, 54, 70, 71, 72, 74, 75], "excluded_lines": [], "executed_branches": [], "missing_branches": []}, "": {"executed_lines": [2, 7, 8, 9, 10, 13, 14, 16, 25], "summary": {"covered_lines": 7, "num_statements": 7, "percent_covered": 100.0, "percent_covered_display": "100", "missing_lines": 0, "excluded_lines": 0, "num_branches": 0, "num_partial_branches": 0, "covered_branches": 0, "missing_branches": 0}, "missing_lines": [], "excluded_lines": [], "executed_branches": [], "missing_branches": []}}, "classes": {"CommunicationManager": {"executed_lines": [], "summary": {"covered_lines": 0, "num_statements": 16, "percent_covered": 0.0, "percent_covered_display": "0", "missing_lines": 16, "excluded_lines": 0, "num_branches": 2, "num_partial_branches": 0, "covered_branches": 0, "missing_branches": 2}, "missing_lines": [17, 18, 19, 22, 23, 35, 37, 49, 50, 51, 54, 70, 71, 72, 74, 75], "excluded_lines": [], "executed_branches": [], "missing_branches": [[22, -16], [22, 23]]}, "": {"executed_lines": [2, 7, 8, 9, 10, 13, 14, 16, 25], "summary": {"covered_lines": 7, "num_statements": 7, "percent_covered": 100.0, "percent_covered_display": "100", "missing_lines": 0, "excluded_lines": 0, "num_branches": 0, "num_partial_branches": 0, "covered_branches": 0, "missing_branches": 0}, "missing_lines": [], "excluded_lines": [], "executed_branches": [], "missing_branches": []}}}, "subforge/core/context_engineer.py": {"executed_lines": [2, 7, 8, 9, 10, 11, 12, 14, 17, 18, 20, 21, 22, 23, 26, 27, 28, 30, 31, 32, 33, 34, 35, 36, 38, 64, 76, 95, 112, 119, 120, 127, 128, 129, 130, 131, 134, 135, 137, 193, 212, 268, 292, 349, 383, 402, 443, 459, 485, 507, 536, 570, 598, 618, 656, 658], "summary": {"covered_lines": 52, "num_statements": 184, "percent_covered": 21.09375, "percent_covered_display": "21", "missing_lines": 132, "excluded_lines": 0, "num_branches": 72, "num_partial_branches": 0, "covered_branches": 2, "missing_branches": 70}, "missing_lines": [40, 62, 66, 67, 68, 69, 73, 74, 78, 79, 81, 82, 83, 93, 97, 98, 100, 101, 102, 110, 114, 115, 116, 149, 154, 157, 160, 163, 166, 169, 172, 174, 185, 187, 191, 195, 216, 229, 230, 243, 244, 252, 253, 266, 272, 275, 276, 277, 280, 281, 282, 285, 288, 290, 296, 298, 299, 322, 323, 347, 353, 355, 356, 381, 387, 389, 390, 400, 404, 405, 424, 447, 449, 451, 453, 455, 457, 463, 465, 466, 483, 489, 491, 492, 505, 511, 513, 514, 524, 534, 538, 541, 542, 543, 550, 551, 560, 561, 562, 565, 566, 568, 574, 576, 577, 585, 586, 596, 600, 602, 605, 608, 610, 611, 613, 614, 616, 620, 622, 623, 626, 628, 630, 631, 632, 633, 634, 635, 637, 639, 652, 653], "excluded_lines": [], "executed_branches": [[134, -127], [134, 135]], "missing_branches": [[67, 68], [67, 74], [68, 69], [68, 73], [78, 79], [78, 81], [82, 83], [82, 93], [97, 98], [97, 100], [101, 102], [101, 110], [114, 115], [114, 116], [229, 230], [229, 243], [243, 244], [243, 252], [252, 253], [252, 266], [275, 276], [275, 280], [280, 281], [280, 285], [298, 299], [298, 322], [322, 323], [322, 347], [355, 356], [355, 381], [389, 390], [389, 400], [404, 405], [404, 424], [449, 451], [449, 453], [453, 455], [453, 457], [465, 466], [465, 483], [491, 492], [491, 505], [513, 514], [513, 534], [541, 542], [541, 560], [542, 543], [542, 550], [550, 541], [550, 551], [560, 561], [560, 568], [561, 562], [561, 565], [565, 560], [565, 566], [576, 577], [576, 585], [585, 586], [585, 596], [610, 611], [610, 613], [613, 614], [613, 616], [630, 631], [630, 632], [632, 633], [632, 634], [634, 635], [634, 637]], "functions": {"ContextPackage.to_markdown": {"executed_lines": [], "summary": {"covered_lines": 0, "num_statements": 2, "percent_covered": 0.0, "percent_covered_display": "0", "missing_lines": 2, "excluded_lines": 0, "num_branches": 0, "num_partial_branches": 0, "covered_branches": 0, "missing_branches": 0}, "missing_lines": [40, 62], "excluded_lines": [], "executed_branches": [], "missing_branches": []}, "ContextPackage._format_dict_as_markdown": {"executed_lines": [], "summary": {"covered_lines": 0, "num_statements": 6, "percent_covered": 0.0, "percent_covered_display": "0", "missing_lines": 6, "excluded_lines": 0, "num_branches": 4, "num_partial_branches": 0, "covered_branches": 0, "missing_branches": 4}, "missing_lines": [66, 67, 68, 69, 73, 74], "excluded_lines": [], "executed_branches": [], "missing_branches": [[67, 68], [67, 74], [68, 69], [68, 73]]}, "ContextPackage._format_examples_as_markdown": {"executed_lines": [], "summary": {"covered_lines": 0, "num_statements": 6, "percent_covered": 0.0, "percent_covered_display": "0", "missing_lines": 6, "excluded_lines": 0, "num_branches": 4, "num_partial_branches": 0, "covered_branches": 0, "missing_branches": 4}, "missing_lines": [78, 79, 81, 82, 83, 93], "excluded_lines": [], "executed_branches": [], "missing_branches": [[78, 79], [78, 81], [82, 83], [82, 93]]}, "ContextPackage._format_validation_gates_as_markdown": {"executed_lines": [], "summary": {"covered_lines": 0, "num_statements": 6, "percent_covered": 0.0, "percent_covered_display": "0", "missing_lines": 6, "excluded_lines": 0, "num_branches": 4, "num_partial_branches": 0, "covered_branches": 0, "missing_branches": 4}, "missing_lines": [97, 98, 100, 101, 102, 110], "excluded_lines": [], "executed_branches": [], "missing_branches": [[97, 98], [97, 100], [101, 102], [101, 110]]}, "ContextPackage._format_list_as_markdown": {"executed_lines": [], "summary": {"covered_lines": 0, "num_statements": 3, "percent_covered": 0.0, "percent_covered_display": "0", "missing_lines": 3, "excluded_lines": 0, "num_branches": 2, "num_partial_branches": 0, "covered_branches": 0, "missing_branches": 2}, "missing_lines": [114, 115, 116], "excluded_lines": [], "executed_branches": [], "missing_branches": [[114, 115], [114, 116]]}, "ContextEngineer.__init__": {"executed_lines": [128, 129, 130, 131, 134, 135], "summary": {"covered_lines": 6, "num_statements": 6, "percent_covered": 100.0, "percent_covered_display": "100", "missing_lines": 0, "excluded_lines": 0, "num_branches": 2, "num_partial_branches": 0, "covered_branches": 2, "missing_branches": 0}, "missing_lines": [], "excluded_lines": [], "executed_branches": [[134, -127], [134, 135]], "missing_branches": []}, "ContextEngineer.engineer_context_for_phase": {"executed_lines": [], "summary": {"covered_lines": 0, "num_statements": 12, "percent_covered": 0.0, "percent_covered_display": "0", "missing_lines": 12, "excluded_lines": 0, "num_branches": 0, "num_partial_branches": 0, "covered_branches": 0, "missing_branches": 0}, "missing_lines": [149, 154, 157, 160, 163, 166, 169, 172, 174, 185, 187, 191], "excluded_lines": [], "executed_branches": [], "missing_branches": []}, "ContextEngineer._build_project_context": {"executed_lines": [], "summary": {"covered_lines": 0, "num_statements": 1, "percent_covered": 0.0, "percent_covered_display": "0", "missing_lines": 1, "excluded_lines": 0, "num_branches": 0, "num_partial_branches": 0, "covered_branches": 0, "missing_branches": 0}, "missing_lines": [195], "excluded_lines": [], "executed_branches": [], "missing_branches": []}, "ContextEngineer._build_technical_context": {"executed_lines": [], "summary": {"covered_lines": 0, "num_statements": 8, "percent_covered": 0.0, "percent_covered_display": "0", "missing_lines": 8, "excluded_lines": 0, "num_branches": 6, "num_partial_branches": 0, "covered_branches": 0, "missing_branches": 6}, "missing_lines": [216, 229, 230, 243, 244, 252, 253, 266], "excluded_lines": [], "executed_branches": [], "missing_branches": [[229, 230], [229, 243], [243, 244], [243, 252], [252, 253], [252, 266]]}, "ContextEngineer._find_relevant_examples": {"executed_lines": [], "summary": {"covered_lines": 0, "num_statements": 10, "percent_covered": 0.0, "percent_covered_display": "0", "missing_lines": 10, "excluded_lines": 0, "num_branches": 4, "num_partial_branches": 0, "covered_branches": 0, "missing_branches": 4}, "missing_lines": [272, 275, 276, 277, 280, 281, 282, 285, 288, 290], "excluded_lines": [], "executed_branches": [], "missing_branches": [[275, 276], [275, 280], [280, 281], [280, 285]]}, "ContextEngineer._get_language_examples": {"executed_lines": [], "summary": {"covered_lines": 0, "num_statements": 6, "percent_covered": 0.0, "percent_covered_display": "0", "missing_lines": 6, "excluded_lines": 0, "num_branches": 4, "num_partial_branches": 0, "covered_branches": 0, "missing_branches": 4}, "missing_lines": [296, 298, 299, 322, 323, 347], "excluded_lines": [], "executed_branches": [], "missing_branches": [[298, 299], [298, 322], [322, 323], [322, 347]]}, "ContextEngineer._get_framework_examples": {"executed_lines": [], "summary": {"covered_lines": 0, "num_statements": 4, "percent_covered": 0.0, "percent_covered_display": "0", "missing_lines": 4, "excluded_lines": 0, "num_branches": 2, "num_partial_branches": 0, "covered_branches": 0, "missing_branches": 2}, "missing_lines": [353, 355, 356, 381], "excluded_lines": [], "executed_branches": [], "missing_branches": [[355, 356], [355, 381]]}, "ContextEngineer._get_architecture_examples": {"executed_lines": [], "summary": {"covered_lines": 0, "num_statements": 4, "percent_covered": 0.0, "percent_covered_display": "0", "missing_lines": 4, "excluded_lines": 0, "num_branches": 2, "num_partial_branches": 0, "covered_branches": 0, "missing_branches": 2}, "missing_lines": [387, 389, 390, 400], "excluded_lines": [], "executed_branches": [], "missing_branches": [[389, 390], [389, 400]]}, "ContextEngineer._get_architecture_workflow_template": {"executed_lines": [], "summary": {"covered_lines": 0, "num_statements": 3, "percent_covered": 0.0, "percent_covered_display": "0", "missing_lines": 3, "excluded_lines": 0, "num_branches": 2, "num_partial_branches": 0, "covered_branches": 0, "missing_branches": 2}, "missing_lines": [404, 405, 424], "excluded_lines": [], "executed_branches": [], "missing_branches": [[404, 405], [404, 424]]}, "ContextEngineer._extract_patterns": {"executed_lines": [], "summary": {"covered_lines": 0, "num_statements": 6, "percent_covered": 0.0, "percent_covered_display": "0", "missing_lines": 6, "excluded_lines": 0, "num_branches": 4, "num_partial_branches": 0, "covered_branches": 0, "missing_branches": 4}, "missing_lines": [447, 449, 451, 453, 455, 457], "excluded_lines": [], "executed_branches": [], "missing_branches": [[449, 451], [449, 453], [453, 455], [453, 457]]}, "ContextEngineer._get_advanced_patterns": {"executed_lines": [], "summary": {"covered_lines": 0, "num_statements": 4, "percent_covered": 0.0, "percent_covered_display": "0", "missing_lines": 4, "excluded_lines": 0, "num_branches": 2, "num_partial_branches": 0, "covered_branches": 0, "missing_branches": 2}, "missing_lines": [463, 465, 466, 483], "excluded_lines": [], "executed_branches": [], "missing_branches": [[465, 466], [465, 483]]}, "ContextEngineer._get_expert_patterns": {"executed_lines": [], "summary": {"covered_lines": 0, "num_statements": 4, "percent_covered": 0.0, "percent_covered_display": "0", "missing_lines": 4, "excluded_lines": 0, "num_branches": 2, "num_partial_branches": 0, "covered_branches": 0, "missing_branches": 2}, "missing_lines": [489, 491, 492, 505], "excluded_lines": [], "executed_branches": [], "missing_branches": [[491, 492], [491, 505]]}, "ContextEngineer._create_validation_gates": {"executed_lines": [], "summary": {"covered_lines": 0, "num_statements": 5, "percent_covered": 0.0, "percent_covered_display": "0", "missing_lines": 5, "excluded_lines": 0, "num_branches": 2, "num_partial_branches": 0, "covered_branches": 0, "missing_branches": 2}, "missing_lines": [511, 513, 514, 524, 534], "excluded_lines": [], "executed_branches": [], "missing_branches": [[513, 514], [513, 534]]}, "ContextEngineer._build_references": {"executed_lines": [], "summary": {"covered_lines": 0, "num_statements": 12, "percent_covered": 0.0, "percent_covered_display": "0", "missing_lines": 12, "excluded_lines": 0, "num_branches": 12, "num_partial_branches": 0, "covered_branches": 0, "missing_branches": 12}, "missing_lines": [538, 541, 542, 543, 550, 551, 560, 561, 562, 565, 566, 568], "excluded_lines": [], "executed_branches": [], "missing_branches": [[541, 542], [541, 560], [542, 543], [542, 550], [550, 541], [550, 551], [560, 561], [560, 568], [561, 562], [561, 565], [565, 560], [565, 566]]}, "ContextEngineer._define_success_criteria": {"executed_lines": [], "summary": {"covered_lines": 0, "num_statements": 6, "percent_covered": 0.0, "percent_covered_display": "0", "missing_lines": 6, "excluded_lines": 0, "num_branches": 4, "num_partial_branches": 0, "covered_branches": 0, "missing_branches": 4}, "missing_lines": [574, 576, 577, 585, 586, 596], "excluded_lines": [], "executed_branches": [], "missing_branches": [[576, 577], [576, 585], [585, 586], [585, 596]]}, "ContextEngineer._get_template_criteria": {"executed_lines": [], "summary": {"covered_lines": 0, "num_statements": 9, "percent_covered": 0.0, "percent_covered_display": "0", "missing_lines": 9, "excluded_lines": 0, "num_branches": 4, "num_partial_branches": 0, "covered_branches": 0, "missing_branches": 4}, "missing_lines": [600, 602, 605, 608, 610, 611, 613, 614, 616], "excluded_lines": [], "executed_branches": [], "missing_branches": [[610, 611], [610, 613], [613, 614], [613, 616]]}, "ContextEngineer._save_context_package": {"executed_lines": [], "summary": {"covered_lines": 0, "num_statements": 8, "percent_covered": 0.0, "percent_covered_display": "0", "missing_lines": 8, "excluded_lines": 0, "num_branches": 0, "num_partial_branches": 0, "covered_branches": 0, "missing_branches": 0}, "missing_lines": [620, 622, 623, 626, 628, 639, 652, 653], "excluded_lines": [], "executed_branches": [], "missing_branches": []}, "ContextEngineer._save_context_package.convert_sets_to_lists": {"executed_lines": [], "summary": {"covered_lines": 0, "num_statements": 7, "percent_covered": 0.0, "percent_covered_display": "0", "missing_lines": 7, "excluded_lines": 0, "num_branches": 6, "num_partial_branches": 0, "covered_branches": 0, "missing_branches": 6}, "missing_lines": [630, 631, 632, 633, 634, 635, 637], "excluded_lines": [], "executed_branches": [], "missing_branches": [[630, 631], [630, 632], [632, 633], [632, 634], [634, 635], [634, 637]]}, "create_context_engineer": {"executed_lines": [658], "summary": {"covered_lines": 1, "num_statements": 1, "percent_covered": 100.0, "percent_covered_display": "100", "missing_lines": 0, "excluded_lines": 0, "num_branches": 0, "num_partial_branches": 0, "covered_branches": 0, "missing_branches": 0}, "missing_lines": [], "excluded_lines": [], "executed_branches": [], "missing_branches": []}, "": {"executed_lines": [2, 7, 8, 9, 10, 11, 12, 14, 17, 18, 20, 21, 22, 23, 26, 27, 28, 30, 31, 32, 33, 34, 35, 36, 38, 64, 76, 95, 112, 119, 120, 127, 137, 193, 212, 268, 292, 349, 383, 402, 443, 459, 485, 507, 536, 570, 598, 618, 656], "summary": {"covered_lines": 45, "num_statements": 45, "percent_covered": 100.0, "percent_covered_display": "100", "missing_lines": 0, "excluded_lines": 0, "num_branches": 0, "num_partial_branches": 0, "covered_branches": 0, "missing_branches": 0}, "missing_lines": [], "excluded_lines": [], "executed_branches": [], "missing_branches": []}}, "classes": {"ContextLevel": {"executed_lines": [], "summary": {"covered_lines": 0, "num_statements": 0, "percent_covered": 100.0, "percent_covered_display": "100", "missing_lines": 0, "excluded_lines": 0, "num_branches": 0, "num_partial_branches": 0, "covered_branches": 0, "missing_branches": 0}, "missing_lines": [], "excluded_lines": [], "executed_branches": [], "missing_branches": []}, "ContextPackage": {"executed_lines": [], "summary": {"covered_lines": 0, "num_statements": 23, "percent_covered": 0.0, "percent_covered_display": "0", "missing_lines": 23, "excluded_lines": 0, "num_branches": 14, "num_partial_branches": 0, "covered_branches": 0, "missing_branches": 14}, "missing_lines": [40, 62, 66, 67, 68, 69, 73, 74, 78, 79, 81, 82, 83, 93, 97, 98, 100, 101, 102, 110, 114, 115, 116], "excluded_lines": [], "executed_branches": [], "missing_branches": [[67, 68], [67, 74], [68, 69], [68, 73], [78, 79], [78, 81], [82, 83], [82, 93], [97, 98], [97, 100], [101, 102], [101, 110], [114, 115], [114, 116]]}, "ContextEngineer": {"executed_lines": [128, 129, 130, 131, 134, 135], "summary": {"covered_lines": 6, "num_statements": 115, "percent_covered": 4.624277456647399, "percent_covered_display": "5", "missing_lines": 109, "excluded_lines": 0, "num_branches": 58, "num_partial_branches": 0, "covered_branches": 2, "missing_branches": 56}, "missing_lines": [149, 154, 157, 160, 163, 166, 169, 172, 174, 185, 187, 191, 195, 216, 229, 230, 243, 244, 252, 253, 266, 272, 275, 276, 277, 280, 281, 282, 285, 288, 290, 296, 298, 299, 322, 323, 347, 353, 355, 356, 381, 387, 389, 390, 400, 404, 405, 424, 447, 449, 451, 453, 455, 457, 463, 465, 466, 483, 489, 491, 492, 505, 511, 513, 514, 524, 534, 538, 541, 542, 543, 550, 551, 560, 561, 562, 565, 566, 568, 574, 576, 577, 585, 586, 596, 600, 602, 605, 608, 610, 611, 613, 614, 616, 620, 622, 623, 626, 628, 630, 631, 632, 633, 634, 635, 637, 639, 652, 653], "excluded_lines": [], "executed_branches": [[134, -127], [134, 135]], "missing_branches": [[229, 230], [229, 243], [243, 244], [243, 252], [252, 253], [252, 266], [275, 276], [275, 280], [280, 281], [280, 285], [298, 299], [298, 322], [322, 323], [322, 347], [355, 356], [355, 381], [389, 390], [389, 400], [404, 405], [404, 424], [449, 451], [449, 453], [453, 455], [453, 457], [465, 466], [465, 483], [491, 492], [491, 505], [513, 514], [513, 534], [541, 542], [541, 560], [542, 543], [542, 550], [550, 541], [550, 551], [560, 561], [560, 568], [561, 562], [561, 565], [565, 560], [565, 566], [576, 577], [576, 585], [585, 586], [585, 596], [610, 611], [610, 613], [613, 614], [613, 616], [630, 631], [630, 632], [632, 633], [632, 634], [634, 635], [634, 637]]}, "": {"executed_lines": [2, 7, 8, 9, 10, 11, 12, 14, 17, 18, 20, 21, 22, 23, 26, 27, 28, 30, 31, 32, 33, 34, 35, 36, 38, 64, 76, 95, 112, 119, 120, 127, 137, 193, 212, 268, 292, 349, 383, 402, 443, 459, 485, 507, 536, 570, 598, 618, 656, 658], "summary": {"covered_lines": 46, "num_statements": 46, "percent_covered": 100.0, "percent_covered_display": "100", "missing_lines": 0, "excluded_lines": 0, "num_branches": 0, "num_partial_branches": 0, "covered_branches": 0, "missing_branches": 0}, "missing_lines": [], "excluded_lines": [], "executed_branches": [], "missing_branches": []}}}, "subforge/core/mcp_task_manager.py": {"executed_lines": [2, 8, 9, 10, 11, 12, 13, 14, 16, 19, 20, 22, 23, 24, 25, 26, 27, 28, 31, 32, 34, 35, 36, 37, 40, 41, 42, 44, 45, 46, 49, 50, 51, 53, 54, 55, 56, 57, 58, 59, 60, 61, 62, 65, 66, 67, 70, 71, 74, 75, 76, 79, 80, 81, 83, 85, 118, 119, 124, 127, 128, 129, 130, 131, 134, 135, 136, 139, 140, 142, 144, 146, 156, 159, 160, 161, 163, 165, 179, 181, 206, 207, 208, 211, 214, 215, 216, 219, 222, 226, 228, 230, 232, 233, 235, 238, 239, 240, 241, 244, 245, 246, 249, 250, 251, 252, 254, 255, 259, 261, 263, 264, 266, 267, 268, 270, 271, 273, 275, 282, 283, 285, 286, 288, 289, 290, 292, 294, 296, 304, 305, 307, 308, 309, 310, 312, 313, 315, 316, 317, 322, 325, 326, 327, 332, 333, 335, 336, 338, 340, 341, 343, 344, 357, 359, 360, 362, 363, 364, 365, 366, 378, 379, 381, 383, 384, 386, 387, 390, 393, 394, 395, 397, 399, 401, 402, 404, 405, 407, 408, 409, 410, 418, 419, 422, 423, 424, 425, 426, 428, 437, 439, 440, 442, 443, 444, 446, 447, 449, 453, 455, 456, 458, 459, 461, 463, 465, 466, 467, 469, 470, 472, 474, 476, 477, 478, 479, 480, 481, 482, 488, 490, 491, 492, 493, 494, 496, 500, 502, 503, 505, 506, 508, 509, 510, 511, 512, 513, 517, 519, 520, 521, 523, 525, 532, 533, 534, 536, 538, 540, 541, 542, 543, 545, 546, 547, 549, 550, 551, 554, 555, 557, 558, 563, 565, 587, 592, 608, 626, 647, 668, 690, 716, 717, 718, 719, 722, 724], "summary": {"covered_lines": 271, "num_statements": 273, "percent_covered": 96.4769647696477, "percent_covered_display": "96", "missing_lines": 2, "excluded_lines": 0, "num_branches": 96, "num_partial_branches": 11, "covered_branches": 85, "missing_branches": 11}, "missing_lines": [388, 515], "excluded_lines": [], "executed_branches": [[139, -124], [139, 140], [206, 207], [206, 211], [214, 215], [214, 216], [232, 233], [232, 235], [238, 239], [238, 244], [249, 250], [251, 252], [263, 264], [263, 266], [282, 283], [282, 285], [288, 289], [288, 292], [304, 305], [304, 307], [312, 313], [312, 315], [315, 316], [315, 325], [332, 333], [332, 335], [340, 341], [340, 343], [359, 360], [359, 362], [363, 364], [363, 378], [364, 365], [383, 384], [383, 386], [386, 387], [386, 397], [387, 390], [393, 386], [393, 394], [394, 386], [394, 395], [401, 402], [401, 404], [407, 408], [407, 418], [408, 409], [423, 424], [423, 425], [425, 426], [425, 428], [439, 440], [439, 442], [455, 456], [455, 472], [458, 459], [458, 461], [463, 465], [463, 467], [465, 466], [467, 469], [469, 455], [469, 470], [476, -474], [476, 477], [477, 476], [477, 478], [478, 477], [478, 479], [479, 477], [479, 480], [480, 481], [502, 503], [502, 505], [505, 506], [505, 508], [508, 509], [510, 511], [541, 542], [541, 549], [543, 541], [543, 545], [546, 547], [549, -536], [549, 550]], "missing_branches": [[249, 251], [251, 254], [364, 363], [387, 388], [408, 407], [465, 455], [467, 455], [480, 477], [508, 515], [510, 515], [546, 541]], "functions": {"Task.to_dict": {"executed_lines": [85], "summary": {"covered_lines": 1, "num_statements": 1, "percent_covered": 100.0, "percent_covered_display": "100", "missing_lines": 0, "excluded_lines": 0, "num_branches": 0, "num_partial_branches": 0, "covered_branches": 0, "missing_branches": 0}, "missing_lines": [], "excluded_lines": [], "executed_branches": [], "missing_branches": []}, "MCPTaskManager.__init__": {"executed_lines": [127, 128, 129, 130, 131, 134, 135, 136, 139, 140], "summary": {"covered_lines": 10, "num_statements": 10, "percent_covered": 100.0, "percent_covered_display": "100", "missing_lines": 0, "excluded_lines": 0, "num_branches": 2, "num_partial_branches": 0, "covered_branches": 2, "missing_branches": 0}, "missing_lines": [], "excluded_lines": [], "executed_branches": [[139, -124], [139, 140]], "missing_branches": []}, "MCPTaskManager.create_workflow": {"executed_lines": [144, 146, 156, 159, 160, 161, 163], "summary": {"covered_lines": 7, "num_statements": 7, "percent_covered": 100.0, "percent_covered_display": "100", "missing_lines": 0, "excluded_lines": 0, "num_branches": 0, "num_partial_branches": 0, "covered_branches": 0, "missing_branches": 0}, "missing_lines": [], "excluded_lines": [], "executed_branches": [], "missing_branches": []}, "MCPTaskManager.create_task": {"executed_lines": [179, 181, 206, 207, 208, 211, 214, 215, 216, 219, 222, 226, 228], "summary": {"covered_lines": 13, "num_statements": 13, "percent_covered": 100.0, "percent_covered_display": "100", "missing_lines": 0, "excluded_lines": 0, "num_branches": 4, "num_partial_branches": 0, "covered_branches": 4, "missing_branches": 0}, "missing_lines": [], "excluded_lines": [], "executed_branches": [[206, 207], [206, 211], [214, 215], [214, 216]], "missing_branches": []}, "MCPTaskManager.assign_task_to_agent": {"executed_lines": [232, 233, 235, 238, 239, 240, 241, 244, 245, 246, 249, 250, 251, 252, 254, 255, 259], "summary": {"covered_lines": 17, "num_statements": 17, "percent_covered": 92.0, "percent_covered_display": "92", "missing_lines": 0, "excluded_lines": 0, "num_branches": 8, "num_partial_branches": 2, "covered_branches": 6, "missing_branches": 2}, "missing_lines": [], "excluded_lines": [], "executed_branches": [[232, 233], [232, 235], [238, 239], [238, 244], [249, 250], [251, 252]], "missing_branches": [[249, 251], [251, 254]]}, "MCPTaskManager.start_task": {"executed_lines": [263, 264, 266, 267, 268, 270, 271, 273], "summary": {"covered_lines": 8, "num_statements": 8, "percent_covered": 100.0, "percent_covered_display": "100", "missing_lines": 0, "excluded_lines": 0, "num_branches": 2, "num_partial_branches": 0, "covered_branches": 2, "missing_branches": 0}, "missing_lines": [], "excluded_lines": [], "executed_branches": [[263, 264], [263, 266]], "missing_branches": []}, "MCPTaskManager.update_task_progress": {"executed_lines": [282, 283, 285, 286, 288, 289, 290, 292, 294], "summary": {"covered_lines": 9, "num_statements": 9, "percent_covered": 100.0, "percent_covered_display": "100", "missing_lines": 0, "excluded_lines": 0, "num_branches": 4, "num_partial_branches": 0, "covered_branches": 4, "missing_branches": 0}, "missing_lines": [], "excluded_lines": [], "executed_branches": [[282, 283], [282, 285], [288, 289], [288, 292]], "missing_branches": []}, "MCPTaskManager.complete_task": {"executed_lines": [304, 305, 307, 308, 309, 310, 312, 313, 315, 316, 317, 322, 325, 326, 327, 332, 333, 335, 336], "summary": {"covered_lines": 19, "num_statements": 19, "percent_covered": 100.0, "percent_covered_display": "100", "missing_lines": 0, "excluded_lines": 0, "num_branches": 8, "num_partial_branches": 0, "covered_branches": 8, "missing_branches": 0}, "missing_lines": [], "excluded_lines": [], "executed_branches": [[304, 305], [304, 307], [312, 313], [312, 315], [315, 316], [315, 325], [332, 333], [332, 335]], "missing_branches": []}, "MCPTaskManager.get_task_status": {"executed_lines": [340, 341, 343, 344], "summary": {"covered_lines": 4, "num_statements": 4, "percent_covered": 100.0, "percent_covered_display": "100", "missing_lines": 0, "excluded_lines": 0, "num_branches": 2, "num_partial_branches": 0, "covered_branches": 2, "missing_branches": 0}, "missing_lines": [], "excluded_lines": [], "executed_branches": [[340, 341], [340, 343]], "missing_branches": []}, "MCPTaskManager.get_agent_queue": {"executed_lines": [359, 360, 362, 363, 364, 365, 366, 378, 379], "summary": {"covered_lines": 9, "num_statements": 9, "percent_covered": 93.33333333333333, "percent_covered_display": "93", "missing_lines": 0, "excluded_lines": 0, "num_branches": 6, "num_partial_branches": 1, "covered_branches": 5, "missing_branches": 1}, "missing_lines": [], "excluded_lines": [], "executed_branches": [[359, 360], [359, 362], [363, 364], [363, 378], [364, 365]], "missing_branches": [[364, 363]]}, "MCPTaskManager.get_next_task_for_agent": {"executed_lines": [383, 384, 386, 387, 390, 393, 394, 395, 397], "summary": {"covered_lines": 9, "num_statements": 10, "percent_covered": 90.0, "percent_covered_display": "90", "missing_lines": 1, "excluded_lines": 0, "num_branches": 10, "num_partial_branches": 1, "covered_branches": 9, "missing_branches": 1}, "missing_lines": [388], "excluded_lines": [], "executed_branches": [[383, 384], [383, 386], [386, 387], [386, 397], [387, 390], [393, 386], [393, 394], [394, 386], [394, 395]], "missing_branches": [[387, 388]]}, "MCPTaskManager.get_workflow_status": {"executed_lines": [401, 402, 404, 405, 407, 408, 409, 410, 418, 419, 422, 423, 424, 425, 426, 428], "summary": {"covered_lines": 16, "num_statements": 16, "percent_covered": 96.15384615384616, "percent_covered_display": "96", "missing_lines": 0, "excluded_lines": 0, "num_branches": 10, "num_partial_branches": 1, "covered_branches": 9, "missing_branches": 1}, "missing_lines": [], "excluded_lines": [], "executed_branches": [[401, 402], [401, 404], [407, 408], [407, 418], [408, 409], [423, 424], [423, 425], [425, 426], [425, 428]], "missing_branches": [[408, 407]]}, "MCPTaskManager.cancel_task": {"executed_lines": [439, 440, 442, 443, 444, 446, 447, 449], "summary": {"covered_lines": 8, "num_statements": 8, "percent_covered": 100.0, "percent_covered_display": "100", "missing_lines": 0, "excluded_lines": 0, "num_branches": 2, "num_partial_branches": 0, "covered_branches": 2, "missing_branches": 0}, "missing_lines": [], "excluded_lines": [], "executed_branches": [[439, 440], [439, 442]], "missing_branches": []}, "MCPTaskManager._check_dependencies": {"executed_lines": [455, 456, 458, 459, 461, 463, 465, 466, 467, 469, 470, 472], "summary": {"covered_lines": 12, "num_statements": 12, "percent_covered": 91.66666666666667, "percent_covered_display": "92", "missing_lines": 0, "excluded_lines": 0, "num_branches": 12, "num_partial_branches": 2, "covered_branches": 10, "missing_branches": 2}, "missing_lines": [], "excluded_lines": [], "executed_branches": [[455, 456], [455, 472], [458, 459], [458, 461], [463, 465], [463, 467], [465, 466], [467, 469], [469, 455], [469, 470]], "missing_branches": [[465, 455], [467, 455]]}, "MCPTaskManager._trigger_dependent_tasks": {"executed_lines": [476, 477, 478, 479, 480, 481, 482], "summary": {"covered_lines": 7, "num_statements": 7, "percent_covered": 94.11764705882354, "percent_covered_display": "94", "missing_lines": 0, "excluded_lines": 0, "num_branches": 10, "num_partial_branches": 1, "covered_branches": 9, "missing_branches": 1}, "missing_lines": [], "excluded_lines": [], "executed_branches": [[476, -474], [476, 477], [477, 476], [477, 478], [478, 477], [478, 479], [479, 477], [479, 480], [480, 481]], "missing_branches": [[480, 477]]}, "MCPTaskManager._retry_task": {"executed_lines": [490, 491, 492, 493, 494, 496], "summary": {"covered_lines": 6, "num_statements": 6, "percent_covered": 100.0, "percent_covered_display": "100", "missing_lines": 0, "excluded_lines": 0, "num_branches": 0, "num_partial_branches": 0, "covered_branches": 0, "missing_branches": 0}, "missing_lines": [], "excluded_lines": [], "executed_branches": [], "missing_branches": []}, "MCPTaskManager._estimate_completion_time": {"executed_lines": [502, 503, 505, 506, 508, 509, 510, 511, 512, 513], "summary": {"covered_lines": 10, "num_statements": 11, "percent_covered": 84.21052631578948, "percent_covered_display": "84", "missing_lines": 1, "excluded_lines": 0, "num_branches": 8, "num_partial_branches": 2, "covered_branches": 6, "missing_branches": 2}, "missing_lines": [515], "excluded_lines": [], "executed_branches": [[502, 503], [502, 505], [505, 506], [505, 508], [508, 509], [510, 511]], "missing_branches": [[508, 515], [510, 515]]}, "MCPTaskManager._save_task": {"executed_lines": [519, 520, 521], "summary": {"covered_lines": 3, "num_statements": 3, "percent_covered": 100.0, "percent_covered_display": "100", "missing_lines": 0, "excluded_lines": 0, "num_branches": 0, "num_partial_branches": 0, "covered_branches": 0, "missing_branches": 0}, "missing_lines": [], "excluded_lines": [], "executed_branches": [], "missing_branches": []}, "MCPTaskManager._log_task_event": {"executed_lines": [525, 532, 533, 534], "summary": {"covered_lines": 4, "num_statements": 4, "percent_covered": 100.0, "percent_covered_display": "100", "missing_lines": 0, "excluded_lines": 0, "num_branches": 0, "num_partial_branches": 0, "covered_branches": 0, "missing_branches": 0}, "missing_lines": [], "excluded_lines": [], "executed_branches": [], "missing_branches": []}, "MCPTaskManager.cleanup_completed_workflows": {"executed_lines": [538, 540, 541, 542, 543, 545, 546, 547, 549, 550, 551], "summary": {"covered_lines": 11, "num_statements": 11, "percent_covered": 94.73684210526316, "percent_covered_display": "95", "missing_lines": 0, "excluded_lines": 0, "num_branches": 8, "num_partial_branches": 1, "covered_branches": 7, "missing_branches": 1}, "missing_lines": [], "excluded_lines": [], "executed_branches": [[541, 542], [541, 549], [543, 541], [543, 545], [546, 547], [549, -536], [549, 550]], "missing_branches": [[546, 541]]}, "SubForgeWorkflowFactory.create_factory_workflow": {"executed_lines": [563, 565, 587, 592, 608, 626, 647, 668, 690, 716, 717, 718, 719, 722, 724], "summary": {"covered_lines": 15, "num_statements": 15, "percent_covered": 100.0, "percent_covered_display": "100", "missing_lines": 0, "excluded_lines": 0, "num_branches": 0, "num_partial_branches": 0, "covered_branches": 0, "missing_branches": 0}, "missing_lines": [], "excluded_lines": [], "executed_branches": [], "missing_branches": []}, "": {"executed_lines": [2, 8, 9, 10, 11, 12, 13, 14, 16, 19, 20, 22, 23, 24, 25, 26, 27, 28, 31, 32, 34, 35, 36, 37, 40, 41, 42, 44, 45, 46, 49, 50, 51, 53, 54, 55, 56, 57, 58, 59, 60, 61, 62, 65, 66, 67, 70, 71, 74, 75, 76, 79, 80, 81, 83, 118, 119, 124, 142, 165, 230, 261, 275, 296, 338, 357, 381, 399, 437, 453, 474, 488, 500, 517, 523, 536, 554, 555, 557, 558], "summary": {"covered_lines": 73, "num_statements": 73, "percent_covered": 100.0, "percent_covered_display": "100", "missing_lines": 0, "excluded_lines": 0, "num_branches": 0, "num_partial_branches": 0, "covered_branches": 0, "missing_branches": 0}, "missing_lines": [], "excluded_lines": [], "executed_branches": [], "missing_branches": []}}, "classes": {"TaskStatus": {"executed_lines": [], "summary": {"covered_lines": 0, "num_statements": 0, "percent_covered": 100.0, "percent_covered_display": "100", "missing_lines": 0, "excluded_lines": 0, "num_branches": 0, "num_partial_branches": 0, "covered_branches": 0, "missing_branches": 0}, "missing_lines": [], "excluded_lines": [], "executed_branches": [], "missing_branches": []}, "TaskPriority": {"executed_lines": [], "summary": {"covered_lines": 0, "num_statements": 0, "percent_covered": 100.0, "percent_covered_display": "100", "missing_lines": 0, "excluded_lines": 0, "num_branches": 0, "num_partial_branches": 0, "covered_branches": 0, "missing_branches": 0}, "missing_lines": [], "excluded_lines": [], "executed_branches": [], "missing_branches": []}, "TaskDependency": {"executed_lines": [], "summary": {"covered_lines": 0, "num_statements": 0, "percent_covered": 100.0, "percent_covered_display": "100", "missing_lines": 0, "excluded_lines": 0, "num_branches": 0, "num_partial_branches": 0, "covered_branches": 0, "missing_branches": 0}, "missing_lines": [], "excluded_lines": [], "executed_branches": [], "missing_branches": []}, "Task": {"executed_lines": [85], "summary": {"covered_lines": 1, "num_statements": 1, "percent_covered": 100.0, "percent_covered_display": "100", "missing_lines": 0, "excluded_lines": 0, "num_branches": 0, "num_partial_branches": 0, "covered_branches": 0, "missing_branches": 0}, "missing_lines": [], "excluded_lines": [], "executed_branches": [], "missing_branches": []}, "MCPTaskManager": {"executed_lines": [127, 128, 129, 130, 131, 134, 135, 136, 139, 140, 144, 146, 156, 159, 160, 161, 163, 179, 181, 206, 207, 208, 211, 214, 215, 216, 219, 222, 226, 228, 232, 233, 235, 238, 239, 240, 241, 244, 245, 246, 249, 250, 251, 252, 254, 255, 259, 263, 264, 266, 267, 268, 270, 271, 273, 282, 283, 285, 286, 288, 289, 290, 292, 294, 304, 305, 307, 308, 309, 310, 312, 313, 315, 316, 317, 322, 325, 326, 327, 332, 333, 335, 336, 340, 341, 343, 344, 359, 360, 362, 363, 364, 365, 366, 378, 379, 383, 384, 386, 387, 390, 393, 394, 395, 397, 401, 402, 404, 405, 407, 408, 409, 410, 418, 419, 422, 423, 424, 425, 426, 428, 439, 440, 442, 443, 444, 446, 447, 449, 455, 456, 458, 459, 461, 463, 465, 466, 467, 469, 470, 472, 476, 477, 478, 479, 480, 481, 482, 490, 491, 492, 493, 494, 496, 502, 503, 505, 506, 508, 509, 510, 511, 512, 513, 519, 520, 521, 525, 532, 533, 534, 538, 540, 541, 542, 543, 545, 546, 547, 549, 550, 551], "summary": {"covered_lines": 182, "num_statements": 184, "percent_covered": 95.35714285714286, "percent_covered_display": "95", "missing_lines": 2, "excluded_lines": 0, "num_branches": 96, "num_partial_branches": 11, "covered_branches": 85, "missing_branches": 11}, "missing_lines": [388, 515], "excluded_lines": [], "executed_branches": [[139, -124], [139, 140], [206, 207], [206, 211], [214, 215], [214, 216], [232, 233], [232, 235], [238, 239], [238, 244], [249, 250], [251, 252], [263, 264], [263, 266], [282, 283], [282, 285], [288, 289], [288, 292], [304, 305], [304, 307], [312, 313], [312, 315], [315, 316], [315, 325], [332, 333], [332, 335], [340, 341], [340, 343], [359, 360], [359, 362], [363, 364], [363, 378], [364, 365], [383, 384], [383, 386], [386, 387], [386, 397], [387, 390], [393, 386], [393, 394], [394, 386], [394, 395], [401, 402], [401, 404], [407, 408], [407, 418], [408, 409], [423, 424], [423, 425], [425, 426], [425, 428], [439, 440], [439, 442], [455, 456], [455, 472], [458, 459], [458, 461], [463, 465], [463, 467], [465, 466], [467, 469], [469, 455], [469, 470], [476, -474], [476, 477], [477, 476], [477, 478], [478, 477], [478, 479], [479, 477], [479, 480], [480, 481], [502, 503], [502, 505], [505, 506], [505, 508], [508, 509], [510, 511], [541, 542], [541, 549], [543, 541], [543, 545], [546, 547], [549, -536], [549, 550]], "missing_branches": [[249, 251], [251, 254], [364, 363], [387, 388], [408, 407], [465, 455], [467, 455], [480, 477], [508, 515], [510, 515], [546, 541]]}, "SubForgeWorkflowFactory": {"executed_lines": [563, 565, 587, 592, 608, 626, 647, 668, 690, 716, 717, 718, 719, 722, 724], "summary": {"covered_lines": 15, "num_statements": 15, "percent_covered": 100.0, "percent_covered_display": "100", "missing_lines": 0, "excluded_lines": 0, "num_branches": 0, "num_partial_branches": 0, "covered_branches": 0, "missing_branches": 0}, "missing_lines": [], "excluded_lines": [], "executed_branches": [], "missing_branches": []}, "": {"executed_lines": [2, 8, 9, 10, 11, 12, 13, 14, 16, 19, 20, 22, 23, 24, 25, 26, 27, 28, 31, 32, 34, 35, 36, 37, 40, 41, 42, 44, 45, 46, 49, 50, 51, 53, 54, 55, 56, 57, 58, 59, 60, 61, 62, 65, 66, 67, 70, 71, 74, 75, 76, 79, 80, 81, 83, 118, 119, 124, 142, 165, 230, 261, 275, 296, 338, 357, 381, 399, 437, 453, 474, 488, 500, 517, 523, 536, 554, 555, 557, 558], "summary": {"covered_lines": 73, "num_statements": 73, "percent_covered": 100.0, "percent_covered_display": "100", "missing_lines": 0, "excluded_lines": 0, "num_branches": 0, "num_partial_branches": 0, "covered_branches": 0, "missing_branches": 0}, "missing_lines": [], "excluded_lines": [], "executed_branches": [], "missing_branches": []}}}, "subforge/core/project_analyzer.py": {"executed_lines": [2, 7, 8, 9, 10, 11, 12, 13, 16, 17, 18, 19, 20, 23, 24, 25, 26, 27, 28, 29, 32, 33, 34, 36, 37, 38, 39, 40, 42, 43, 52, 53, 54, 56, 57, 58, 59, 60, 61, 62, 63, 64, 65, 66, 67, 68, 69, 71, 72, 82, 83, 88, 89, 109, 152, 198, 202, 204, 205, 207, 210, 213, 216, 221, 224, 227, 231, 250, 251, 253, 255, 257, 274, 290, 292, 294, 295, 297, 298, 300, 301, 302, 305, 306, 309, 310, 313, 321, 324, 329, 330, 333, 341, 342, 343, 346, 356, 361, 371, 378, 379, 382, 395, 396, 399, 403, 405, 409, 411, 412, 413, 414, 415, 418, 419, 420, 421, 424, 425, 427, 428, 429, 431, 432, 433, 448, 449, 451, 455, 456, 457, 459, 467, 469, 471, 479, 481, 483, 484, 485, 487, 492, 493, 494, 495, 497, 499, 501, 503, 505, 507, 508, 509, 515, 517, 519, 521, 522, 523, 525, 526, 527, 529, 530, 531, 533, 534, 535, 537, 543, 545, 561, 567, 573, 577, 578, 580, 581, 582, 583, 584, 585, 586, 587, 588, 589, 594, 595, 596, 598, 600, 604, 607, 611, 619, 620, 659, 663, 665, 668, 670, 672, 676, 678, 680, 684, 690, 692, 694, 695, 698, 700, 701, 702, 706, 708, 710, 711, 713, 715, 719, 721, 724, 728, 729, 736, 737, 740, 741, 744, 745, 749, 750, 753, 755, 762, 764, 767, 772, 773, 774, 777, 779, 782, 785, 791, 800, 801, 804, 813, 814, 817, 818, 822, 823, 828, 832, 833, 839, 840, 844, 849, 850, 855, 859, 866, 869, 873, 875, 877, 881, 889, 891, 909, 959], "summary": {"covered_lines": 270, "num_statements": 402, "percent_covered": 66.33333333333333, "percent_covered_display": "66", "missing_lines": 132, "excluded_lines": 2, "num_branches": 198, "num_partial_branches": 46, "covered_branches": 128, "missing_branches": 70}, "missing_lines": [352, 353, 357, 358, 368, 375, 376, 400, 401, 435, 436, 437, 439, 440, 441, 443, 444, 445, 452, 458, 496, 498, 500, 502, 504, 506, 510, 512, 513, 528, 532, 536, 538, 540, 541, 547, 549, 550, 551, 553, 554, 556, 557, 559, 563, 565, 569, 571, 590, 591, 608, 623, 624, 625, 629, 632, 633, 634, 637, 641, 653, 654, 657, 669, 671, 673, 677, 679, 681, 691, 693, 699, 703, 707, 709, 725, 733, 746, 751, 780, 786, 819, 824, 829, 834, 856, 895, 896, 898, 899, 901, 902, 904, 905, 911, 913, 914, 915, 917, 919, 921, 922, 924, 925, 926, 927, 928, 929, 930, 931, 932, 933, 934, 935, 936, 937, 938, 939, 940, 941, 942, 943, 944, 945, 946, 947, 948, 949, 952, 954, 955, 956], "excluded_lines": [959, 960], "executed_branches": [[204, 205], [204, 207], [290, 292], [290, 403], [297, 298], [297, 300], [300, 290], [300, 301], [309, 310], [309, 313], [313, 321], [313, 324], [324, 329], [324, 333], [333, 341], [333, 346], [346, 356], [356, 361], [361, 371], [371, 378], [378, 379], [378, 382], [382, 300], [382, 395], [418, 419], [418, 424], [419, 418], [419, 420], [420, 419], [420, 421], [424, 425], [424, 448], [427, 428], [427, 431], [431, 432], [448, 449], [448, 451], [451, 455], [455, 456], [455, 471], [456, 455], [456, 457], [457, 459], [459, 467], [459, 469], [492, 493], [492, 515], [493, 494], [493, 495], [495, 497], [497, 499], [499, 501], [501, 503], [503, 505], [505, 507], [507, 508], [507, 509], [509, 492], [525, 526], [525, 527], [527, 529], [529, 530], [529, 531], [531, 533], [533, 534], [533, 535], [535, 537], [537, 543], [577, 578], [577, 598], [578, 580], [578, 594], [581, 582], [584, 577], [584, 585], [588, 577], [588, 589], [595, 577], [595, 596], [607, 611], [619, 620], [668, 670], [670, 672], [672, 676], [676, 678], [678, 680], [680, 684], [690, 692], [692, 694], [694, 695], [694, 698], [698, 700], [700, 701], [700, 702], [702, 706], [706, 708], [708, 710], [710, 711], [710, 713], [724, 728], [729, 736], [736, 737], [736, 740], [740, 741], [740, 744], [745, 749], [750, 753], [772, 773], [772, 777], [777, 779], [777, 785], [779, 782], [785, 791], [800, 801], [800, 804], [813, 814], [813, 817], [818, 822], [823, 828], [828, 832], [833, 839], [840, 844], [849, 850], [849, 855], [855, 859], [859, 866], [869, 873], [869, 875]], "missing_branches": [[346, 352], [356, 357], [361, 368], [371, 375], [431, 435], [435, 436], [435, 439], [439, 440], [439, 443], [443, 424], [443, 444], [451, 452], [457, 458], [495, 496], [497, 498], [499, 500], [501, 502], [503, 504], [505, 506], [509, 510], [527, 528], [531, 532], [535, 536], [537, 538], [553, 554], [553, 559], [581, 577], [607, 608], [619, 623], [624, 625], [624, 632], [625, 629], [625, 632], [633, 634], [633, 637], [653, 654], [653, 657], [668, 669], [670, 671], [672, 673], [676, 677], [678, 679], [680, 681], [690, 691], [692, 693], [698, 699], [702, 703], [706, 707], [708, 709], [724, 725], [729, 733], [745, 746], [750, 751], [779, 780], [785, 786], [818, 819], [823, 824], [828, 829], [833, 834], [840, 849], [855, 856], [859, 869], [895, 896], [895, 898], [913, 914], [913, 917], [938, 939], [938, 940], [941, 942], [941, 943]], "functions": {"TechnologyStack.to_dict": {"executed_lines": [43], "summary": {"covered_lines": 1, "num_statements": 1, "percent_covered": 100.0, "percent_covered_display": "100", "missing_lines": 0, "excluded_lines": 0, "num_branches": 0, "num_partial_branches": 0, "covered_branches": 0, "missing_branches": 0}, "missing_lines": [], "excluded_lines": [], "executed_branches": [], "missing_branches": []}, "ProjectProfile.to_dict": {"executed_lines": [72], "summary": {"covered_lines": 1, "num_statements": 1, "percent_covered": 100.0, "percent_covered_display": "100", "missing_lines": 0, "excluded_lines": 0, "num_branches": 0, "num_partial_branches": 0, "covered_branches": 0, "missing_branches": 0}, "missing_lines": [], "excluded_lines": [], "executed_branches": [], "missing_branches": []}, "ProjectAnalyzer.__init__": {"executed_lines": [89, 109, 152], "summary": {"covered_lines": 3, "num_statements": 3, "percent_covered": 100.0, "percent_covered_display": "100", "missing_lines": 0, "excluded_lines": 0, "num_branches": 0, "num_partial_branches": 0, "covered_branches": 0, "missing_branches": 0}, "missing_lines": [], "excluded_lines": [], "executed_branches": [], "missing_branches": []}, "ProjectAnalyzer.analyze_project": {"executed_lines": [202, 204, 205, 207, 210, 213, 216, 221, 224, 227, 231, 250, 251], "summary": {"covered_lines": 13, "num_statements": 13, "percent_covered": 100.0, "percent_covered_display": "100", "missing_lines": 0, "excluded_lines": 0, "num_branches": 2, "num_partial_branches": 0, "covered_branches": 2, "missing_branches": 0}, "missing_lines": [], "excluded_lines": [], "executed_branches": [[204, 205], [204, 207]], "missing_branches": []}, "ProjectAnalyzer._analyze_file_system": {"executed_lines": [255, 257, 274, 290, 292, 294, 295, 297, 298, 300, 301, 302, 305, 306, 309, 310, 313, 321, 324, 329, 330, 333, 341, 342, 343, 346, 356, 361, 371, 378, 379, 382, 395, 396, 399, 403], "summary": {"covered_lines": 36, "num_statements": 45, "percent_covered": 81.69014084507042, "percent_covered_display": "82", "missing_lines": 9, "excluded_lines": 0, "num_branches": 26, "num_partial_branches": 4, "covered_branches": 22, "missing_branches": 4}, "missing_lines": [352, 353, 357, 358, 368, 375, 376, 400, 401], "excluded_lines": [], "executed_branches": [[290, 292], [290, 403], [297, 298], [297, 300], [300, 290], [300, 301], [309, 310], [309, 313], [313, 321], [313, 324], [324, 329], [324, 333], [333, 341], [333, 346
[...]
3, 604, 606, 607], "excluded_lines": [], "executed_branches": [], "missing_branches": [[539, 540], [539, 544], [592, 593], [592, 594], [594, 595], [594, 597], [603, 604], [603, 607]]}, "display_analysis_results": {"executed_lines": [], "summary": {"covered_lines": 0, "num_statements": 10, "percent_covered": 0.0, "percent_covered_display": "0", "missing_lines": 10, "excluded_lines": 0, "num_branches": 0, "num_partial_branches": 0, "covered_branches": 0, "missing_branches": 0}, "missing_lines": [612, 614, 615, 616, 617, 618, 621, 624, 625, 626], "excluded_lines": [], "executed_branches": [], "missing_branches": []}, "display_recommended_setup": {"executed_lines": [], "summary": {"covered_lines": 0, "num_statements": 9, "percent_covered": 0.0, "percent_covered_display": "0", "missing_lines": 9, "excluded_lines": 0, "num_branches": 8, "num_partial_branches": 0, "covered_branches": 0, "missing_branches": 8}, "missing_lines": [631, 633, 634, 635, 636, 638, 639, 640, 641], "excluded_lines": [], "executed_branches": [], "missing_branches": [[633, 634], [633, 638], [635, 636], [635, 638], [638, -629], [638, 639], [640, -629], [640, 641]]}, "display_workflow_results": {"executed_lines": [], "summary": {"covered_lines": 0, "num_statements": 14, "percent_covered": 0.0, "percent_covered_display": "0", "missing_lines": 14, "excluded_lines": 0, "num_branches": 4, "num_partial_branches": 0, "covered_branches": 0, "missing_branches": 4}, "missing_lines": [646, 648, 649, 650, 653, 655, 656, 657, 658, 660, 661, 662, 663, 664], "excluded_lines": [], "executed_branches": [], "missing_branches": [[655, 656], [655, 660], [657, 658], [657, 660]]}, "extract_template_description": {"executed_lines": [], "summary": {"covered_lines": 0, "num_statements": 13, "percent_covered": 0.0, "percent_covered_display": "0", "missing_lines": 13, "excluded_lines": 0, "num_branches": 8, "num_partial_branches": 0, "covered_branches": 0, "missing_branches": 8}, "missing_lines": [669, 670, 671, 674, 675, 676, 677, 679, 680, 681, 683, 685, 686], "excluded_lines": [], "executed_branches": [], "missing_branches": [[674, 675], [674, 683], [675, 674], [675, 676], [676, 674], [676, 677], [679, 680], [679, 681]]}, "main": {"executed_lines": [], "summary": {"covered_lines": 0, "num_statements": 58, "percent_covered": 0.0, "percent_covered_display": "0", "missing_lines": 58, "excluded_lines": 0, "num_branches": 20, "num_partial_branches": 0, "covered_branches": 0, "missing_branches": 20}, "missing_lines": [691, 696, 699, 702, 707, 708, 713, 718, 721, 722, 723, 726, 731, 732, 735, 738, 739, 744, 747, 752, 755, 760, 763, 770, 773, 776, 779, 786, 788, 789, 790, 793, 794, 795, 796, 797, 798, 799, 800, 801, 802, 803, 804, 805, 806, 807, 808, 809, 810, 811, 813, 814, 816, 817, 818, 819, 820, 821], "excluded_lines": [], "executed_branches": [], "missing_branches": [[788, 789], [788, 793], [794, 795], [794, 796], [796, 797], [796, 798], [798, 799], [798, 800], [800, 801], [800, 802], [802, 803], [802, 804], [804, 805], [804, 806], [806, 807], [806, 808], [808, 809], [808, 810], [810, 811], [810, 813]]}, "": {"executed_lines": [2, 6, 7, 8, 9, 10, 13, 14, 15, 16, 17, 32, 44, 49, 56, 102, 134, 202, 384, 443, 495, 522, 532, 610, 629, 644, 667, 689, 824], "summary": {"covered_lines": 27, "num_statements": 37, "percent_covered": 72.97297297297297, "percent_covered_display": "73", "missing_lines": 10, "excluded_lines": 2, "num_branches": 0, "num_partial_branches": 0, "covered_branches": 0, "missing_branches": 0}, "missing_lines": [18, 20, 21, 22, 24, 25, 26, 27, 28, 29], "excluded_lines": [824, 825], "executed_branches": [], "missing_branches": []}}, "classes": {"": {"executed_lines": [2, 6, 7, 8, 9, 10, 13, 14, 15, 16, 17, 32, 44, 49, 56, 102, 134, 202, 384, 443, 495, 522, 532, 610, 629, 644, 667, 689, 824], "summary": {"covered_lines": 27, "num_statements": 449, "percent_covered": 4.53781512605042, "percent_covered_display": "5", "missing_lines": 422, "excluded_lines": 2, "num_branches": 146, "num_partial_branches": 0, "covered_branches": 0, "missing_branches": 146}, "missing_lines": [18, 20, 21, 22, 24, 25, 26, 27, 28, 29, 46, 51, 52, 53, 58, 60, 61, 62, 64, 65, 66, 68, 70, 71, 74, 75, 76, 78, 79, 80, 83, 84, 86, 87, 88, 90, 91, 93, 94, 95, 96, 98, 99, 104, 106, 108, 109, 110, 112, 113, 114, 115, 116, 118, 120, 121, 123, 124, 125, 127, 129, 130, 131, 136, 138, 140, 141, 143, 144, 145, 148, 152, 153, 154, 156, 157, 159, 160, 163, 164, 165, 166, 167, 168, 169, 170, 172, 173, 175, 178, 179, 180, 181, 182, 183, 186, 187, 188, 189, 190, 191, 192, 193, 194, 196, 197, 199, 204, 205, 207, 209, 210, 213, 214, 216, 217, 218, 220, 222, 224, 225, 226, 229, 231, 232, 233, 236, 238, 239, 240, 243, 244, 246, 247, 250, 251, 252, 254, 255, 256, 257, 259, 261, 264, 278, 279, 282, 283, 288, 293, 294, 299, 304, 305, 310, 317, 318, 319, 323, 326, 327, 328, 330, 331, 334, 335, 336, 337, 340, 342, 350, 357, 358, 361, 362, 364, 365, 367, 368, 370, 371, 373, 375, 376, 377, 378, 380, 381, 386, 388, 390, 393, 394, 395, 396, 397, 399, 402, 403, 404, 406, 407, 410, 411, 412, 414, 415, 416, 418, 419, 421, 422, 423, 424, 426, 427, 429, 430, 433, 434, 435, 437, 438, 439, 440, 445, 447, 449, 452, 453, 454, 455, 458, 459, 462, 463, 465, 466, 467, 470, 472, 473, 474, 476, 477, 478, 479, 480, 481, 482, 483, 484, 486, 487, 488, 489, 490, 492, 497, 499, 501, 502, 503, 505, 507, 508, 509, 511, 513, 514, 515, 516, 518, 519, 524, 526, 527, 528, 529, 534, 536, 537, 539, 540, 541, 542, 544, 546, 547, 550, 551, 553, 557, 561, 562, 567, 568, 570, 574, 575, 577, 578, 583, 586, 587, 591, 592, 593, 594, 595, 597, 599, 601, 602, 603, 604, 606, 607, 612, 614, 615, 616, 617, 618, 621, 624, 625, 626, 631, 633, 634, 635, 636, 638, 639, 640, 641, 646, 648, 649, 650, 653, 655, 656, 657, 658, 660, 661, 662, 663, 664, 669, 670, 671, 674, 675, 676, 677, 679, 680, 681, 683, 685, 686, 691, 696, 699, 702, 707, 708, 713, 718, 721, 722, 723, 726, 731, 732, 735, 738, 739, 744, 747, 752, 755, 760, 763, 770, 773, 776, 779, 786, 788, 789, 790, 793, 794, 795, 796, 797, 798, 799, 800, 801, 802, 803, 804, 805, 806, 807, 808, 809, 810, 811, 813, 814, 816, 817, 818, 819, 820, 821], "excluded_lines": [824, 825], "executed_branches": [], "missing_branches": [[60, 61], [60, 64], [70, 71], [70, 83], [95, 96], [95, 99], [112, 113], [112, 120], [114, 115], [114, 118], [123, 124], [123, 127], [143, 144], [143, 148], [152, 153], [152, 156], [163, 164], [163, 196], [165, 166], [165, 175], [167, 168], [167, 172], [169, 170], [169, 175], [178, 179], [178, 186], [180, 181], [180, 182], [182, 183], [182, 186], [187, 188], [187, 199], [189, 190], [189, 199], [191, 192], [191, 193], [193, 194], [193, 199], [216, 217], [216, 220], [224, 225], [224, 229], [231, 232], [231, 236], [239, 240], [239, 243], [255, 256], [255, 334], [259, 261], [259, 330], [278, 279], [278, 282], [282, 283], [282, 293], [293, 294], [293, 304], [304, 305], [304, 317], [318, 319], [318, 323], [336, 337], [336, 367], [361, 362], [361, 364], [370, 371], [370, 373], [377, 378], [377, 381], [394, 395], [394, 399], [403, 404], [403, 406], [411, 412], [411, 429], [415, 416], [415, 418], [422, 423], [422, 426], [433, 434], [433, 437], [438, 439], [438, 440], [453, 454], [453, 458], [465, 466], [465, 470], [472, 473], [472, 476], [477, 478], [477, 486], [488, 489], [488, 492], [501, 502], [501, 505], [507, 508], [507, 511], [513, 514], [513, 518], [539, 540], [539, 544], [592, 593], [592, 594], [594, 595], [594, 597], [603, 604], [603, 607], [633, 634], [633, 638], [635, 636], [635, 638], [638, -629], [638, 639], [640, -629], [640, 641], [655, 656], [655, 660], [657, 658], [657, 660], [674, 675], [674, 683], [675, 674], [675, 676], [676, 674], [676, 677], [679, 680], [679, 681], [788, 789], [788, 793], [794, 795], [794, 796], [796, 797], [796, 798], [798, 799], [798, 800], [800, 801], [800, 802], [802, 803], [802, 804], [804, 805], [804, 806], [806, 807], [806, 808], [808, 809], [808, 810], [810, 811], [810, 813]]}}}, "subforge/templates/__init__.py": {"executed_lines": [], "summary": {"covered_lines": 0, "num_statements": 1, "percent_covered": 0.0, "percent_covered_display": "0", "missing_lines": 1, "excluded_lines": 0, "num_branches": 0, "num_partial_branches": 0, "covered_branches": 0, "missing_branches": 0}, "missing_lines": [6], "excluded_lines": [], "executed_branches": [], "missing_branches": [], "functions": {"": {"executed_lines": [], "summary": {"covered_lines": 0, "num_statements": 1, "percent_covered": 0.0, "percent_covered_display": "0", "missing_lines": 1, "excluded_lines": 0, "num_branches": 0, "num_partial_branches": 0, "covered_branches": 0, "missing_branches": 0}, "missing_lines": [6], "excluded_lines": [], "executed_branches": [], "missing_branches": []}}, "classes": {"": {"executed_lines": [], "summary": {"covered_lines": 0, "num_statements": 1, "percent_covered": 0.0, "percent_covered_display": "0", "missing_lines": 1, "excluded_lines": 0, "num_branches": 0, "num_partial_branches": 0, "covered_branches": 0, "missing_branches": 0}, "missing_lines": [6], "excluded_lines": [], "executed_branches": [], "missing_branches": []}}}, "subforge/templates/intelligent_templates.py": {"executed_lines": [], "summary": {"covered_lines": 0, "num_statements": 60, "percent_covered": 0.0, "percent_covered_display": "0", "missing_lines": 60, "excluded_lines": 0, "num_branches": 16, "num_partial_branches": 0, "covered_branches": 0, "missing_branches": 16}, "missing_lines": [6, 9, 12, 13, 15, 21, 24, 27, 30, 33, 36, 39, 40, 41, 42, 43, 46, 47, 49, 50, 52, 53, 56, 58, 60, 62, 64, 81, 83, 101, 110, 118, 120, 138, 147, 155, 157, 174, 176, 186, 188, 196, 198, 206, 208, 216, 218, 228, 229, 239, 241, 244, 249, 251, 256, 258, 263, 265, 285, 287], "excluded_lines": [], "executed_branches": [], "missing_branches": [[27, 30], [27, 33], [33, 36], [33, 39], [40, 41], [40, 42], [42, 43], [42, 46], [46, 47], [46, 49], [49, 50], [49, 52], [52, 53], [52, 56], [228, 229], [228, 239]], "functions": {"IntelligentTemplateGenerator.__init__": {"executed_lines": [], "summary": {"covered_lines": 0, "num_statements": 1, "percent_covered": 0.0, "percent_covered_display": "0", "missing_lines": 1, "excluded_lines": 0, "num_branches": 0, "num_partial_branches": 0, "covered_branches": 0, "missing_branches": 0}, "missing_lines": [13], "excluded_lines": [], "executed_branches": [], "missing_branches": []}, "IntelligentTemplateGenerator.generate_from_analysis": {"executed_lines": [], "summary": {"covered_lines": 0, "num_statements": 19, "percent_covered": 0.0, "percent_covered_display": "0", "missing_lines": 19, "excluded_lines": 0, "num_branches": 14, "num_partial_branches": 0, "covered_branches": 0, "missing_branches": 14}, "missing_lines": [21, 24, 27, 30, 33, 36, 39, 40, 41, 42, 43, 46, 47, 49, 50, 52, 53, 56, 58], "excluded_lines": [], "executed_branches": [], "missing_branches": [[27, 30], [27, 33], [33, 36], [33, 39], [40, 41], [40, 42], [42, 43], [42, 46], [46, 47], [46, 49], [49, 50], [49, 52], [52, 53], [52, 56]]}, "IntelligentTemplateGenerator._create_orchestrator_template": {"executed_lines": [], "summary": {"covered_lines": 0, "num_statements": 2, "percent_covered": 0.0, "percent_covered_display": "0", "missing_lines": 2, "excluded_lines": 0, "num_branches": 0, "num_partial_branches": 0, "covered_branches": 0, "missing_branches": 0}, "missing_lines": [62, 64], "excluded_lines": [], "executed_branches": [], "missing_branches": []}, "IntelligentTemplateGenerator._create_language_agent": {"executed_lines": [], "summary": {"covered_lines": 0, "num_statements": 3, "percent_covered": 0.0, "percent_covered_display": "0", "missing_lines": 3, "excluded_lines": 0, "num_branches": 0, "num_partial_branches": 0, "covered_branches": 0, "missing_branches": 0}, "missing_lines": [83, 101, 110], "excluded_lines": [], "executed_branches": [], "missing_branches": []}, "IntelligentTemplateGenerator._create_framework_agent": {"executed_lines": [], "summary": {"covered_lines": 0, "num_statements": 3, "percent_covered": 0.0, "percent_covered_display": "0", "missing_lines": 3, "excluded_lines": 0, "num_branches": 0, "num_partial_branches": 0, "covered_branches": 0, "missing_branches": 0}, "missing_lines": [120, 138, 147], "excluded_lines": [], "executed_branches": [], "missing_branches": []}, "IntelligentTemplateGenerator._create_microservices_agents": {"executed_lines": [], "summary": {"covered_lines": 0, "num_statements": 1, "percent_covered": 0.0, "percent_covered_display": "0", "missing_lines": 1, "excluded_lines": 0, "num_branches": 0, "num_partial_branches": 0, "covered_branches": 0, "missing_branches": 0}, "missing_lines": [157], "excluded_lines": [], "executed_branches": [], "missing_branches": []}, "IntelligentTemplateGenerator._create_serverless_agents": {"executed_lines": [], "summary": {"covered_lines": 0, "num_statements": 1, "percent_covered": 0.0, "percent_covered_display": "0", "missing_lines": 1, "excluded_lines": 0, "num_branches": 0, "num_partial_branches": 0, "covered_branches": 0, "missing_branches": 0}, "missing_lines": [176], "excluded_lines": [], "executed_branches": [], "missing_branches": []}, "IntelligentTemplateGenerator._create_auth_specialist": {"executed_lines": [], "summary": {"covered_lines": 0, "num_statements": 1, "percent_covered": 0.0, "percent_covered_display": "0", "missing_lines": 1, "excluded_lines": 0, "num_branches": 0, "num_partial_branches": 0, "covered_branches": 0, "missing_branches": 0}, "missing_lines": [188], "excluded_lines": [], "executed_branches": [], "missing_branches": []}, "IntelligentTemplateGenerator._create_data_specialist": {"executed_lines": [], "summary": {"covered_lines": 0, "num_statements": 1, "percent_covered": 0.0, "percent_covered_display": "0", "missing_lines": 1, "excluded_lines": 0, "num_branches": 0, "num_partial_branches": 0, "covered_branches": 0, "missing_branches": 0}, "missing_lines": [198], "excluded_lines": [], "executed_branches": [], "missing_branches": []}, "IntelligentTemplateGenerator._create_api_specialist": {"executed_lines": [], "summary": {"covered_lines": 0, "num_statements": 1, "percent_covered": 0.0, "percent_covered_display": "0", "missing_lines": 1, "excluded_lines": 0, "num_branches": 0, "num_partial_branches": 0, "covered_branches": 0, "missing_branches": 0}, "missing_lines": [208], "excluded_lines": [], "executed_branches": [], "missing_branches": []}, "IntelligentTemplateGenerator._create_qa_agents": {"executed_lines": [], "summary": {"covered_lines": 0, "num_statements": 4, "percent_covered": 0.0, "percent_covered_display": "0", "missing_lines": 4, "excluded_lines": 0, "num_branches": 2, "num_partial_branches": 0, "covered_branches": 0, "missing_branches": 2}, "missing_lines": [218, 228, 229, 239], "excluded_lines": [], "executed_branches": [], "missing_branches": [[228, 229], [228, 239]]}, "IntelligentTemplateGenerator._has_authentication": {"executed_lines": [], "summary": {"covered_lines": 0, "num_statements": 1, "percent_covered": 0.0, "percent_covered_display": "0", "missing_lines": 1, "excluded_lines": 0, "num_branches": 0, "num_partial_branches": 0, "covered_branches": 0, "missing_branches": 0}, "missing_lines": [244], "excluded_lines": [], "executed_branches": [], "missing_branches": []}, "IntelligentTemplateGenerator._has_data_processing": {"executed_lines": [], "summary": {"covered_lines": 0, "num_statements": 1, "percent_covered": 0.0, "percent_covered_display": "0", "missing_lines": 1, "excluded_lines": 0, "num_branches": 0, "num_partial_branches": 0, "covered_branches": 0, "missing_branches": 0}, "missing_lines": [251], "excluded_lines": [], "executed_branches": [], "missing_branches": []}, "IntelligentTemplateGenerator._has_api_layer": {"executed_lines": [], "summary": {"covered_lines": 0, "num_statements": 1, "percent_covered": 0.0, "percent_covered_display": "0", "missing_lines": 1, "excluded_lines": 0, "num_branches": 0, "num_partial_branches": 0, "covered_branches": 0, "missing_branches": 0}, "missing_lines": [258], "excluded_lines": [], "executed_branches": [], "missing_branches": []}, "IntelligentTemplateGenerator._generate_orchestrator_context": {"executed_lines": [], "summary": {"covered_lines": 0, "num_statements": 1, "percent_covered": 0.0, "percent_covered_display": "0", "missing_lines": 1, "excluded_lines": 0, "num_branches": 0, "num_partial_branches": 0, "covered_branches": 0, "missing_branches": 0}, "missing_lines": [265], "excluded_lines": [], "executed_branches": [], "missing_branches": []}, "IntelligentTemplateGenerator._generate_framework_context": {"executed_lines": [], "summary": {"covered_lines": 0, "num_statements": 1, "percent_covered": 0.0, "percent_covered_display": "0", "missing_lines": 1, "excluded_lines": 0, "num_branches": 0, "num_partial_branches": 0, "covered_branches": 0, "missing_branches": 0}, "missing_lines": [287], "excluded_lines": [], "executed_branches": [], "missing_branches": []}, "": {"executed_lines": [], "summary": {"covered_lines": 0, "num_statements": 18, "percent_covered": 0.0, "percent_covered_display": "0", "missing_lines": 18, "excluded_lines": 0, "num_branches": 0, "num_partial_branches": 0, "covered_branches": 0, "missing_branches": 0}, "missing_lines": [6, 9, 12, 15, 60, 81, 118, 155, 174, 186, 196, 206, 216, 241, 249, 256, 263, 285], "excluded_lines": [], "executed_branches": [], "missing_branches": []}}, "classes": {"IntelligentTemplateGenerator": {"executed_lines": [], "summary": {"covered_lines": 0, "num_statements": 42, "percent_covered": 0.0, "percent_covered_display": "0", "missing_lines": 42, "excluded_lines": 0, "num_branches": 16, "num_partial_branches": 0, "covered_branches": 0, "missing_branches": 16}, "missing_lines": [13, 21, 24, 27, 30, 33, 36, 39, 40, 41, 42, 43, 46, 47, 49, 50, 52, 53, 56, 58, 62, 64, 83, 101, 110, 120, 138, 147, 157, 176, 188, 198, 208, 218, 228, 229, 239, 244, 251, 258, 265, 287], "excluded_lines": [], "executed_branches": [], "missing_branches": [[27, 30], [27, 33], [33, 36], [33, 39], [40, 41], [40, 42], [42, 43], [42, 46], [46, 47], [46, 49], [49, 50], [49, 52], [52, 53], [52, 56], [228, 229], [228, 239]]}, "": {"executed_lines": [], "summary": {"covered_lines": 0, "num_statements": 18, "percent_covered": 0.0, "percent_covered_display": "0", "missing_lines": 18, "excluded_lines": 0, "num_branches": 0, "num_partial_branches": 0, "covered_branches": 0, "missing_branches": 0}, "missing_lines": [6, 9, 12, 15, 60, 81, 118, 155, 174, 186, 196, 206, 216, 241, 249, 256, 263, 285], "excluded_lines": [], "executed_branches": [], "missing_branches": []}}}, "subforge/utils/__init__.py": {"executed_lines": [], "summary": {"covered_lines": 0, "num_statements": 1, "percent_covered": 0.0, "percent_covered_display": "0", "missing_lines": 1, "excluded_lines": 0, "num_branches": 0, "num_partial_branches": 0, "covered_branches": 0, "missing_branches": 0}, "missing_lines": [6], "excluded_lines": [], "executed_branches": [], "missing_branches": [], "functions": {"": {"executed_lines": [], "summary": {"covered_lines": 0, "num_statements": 1, "percent_covered": 0.0, "percent_covered_display": "0", "missing_lines": 1, "excluded_lines": 0, "num_branches": 0, "num_partial_branches": 0, "covered_branches": 0, "missing_branches": 0}, "missing_lines": [6], "excluded_lines": [], "executed_branches": [], "missing_branches": []}}, "classes": {"": {"executed_lines": [], "summary": {"covered_lines": 0, "num_statements": 1, "percent_covered": 0.0, "percent_covered_display": "0", "missing_lines": 1, "excluded_lines": 0, "num_branches": 0, "num_partial_branches": 0, "covered_branches": 0, "missing_branches": 0}, "missing_lines": [6], "excluded_lines": [], "executed_branches": [], "missing_branches": []}}}}, "totals": {"covered_lines": 1546, "num_statements": 4847, "percent_covered": 28.840557512635932, "percent_covered_display": "29", "missing_lines": 3301, "excluded_lines": 66, "num_branches": 1682, "num_partial_branches": 87, "covered_branches": 337, "missing_branches": 1345}}